#
# A fatal error has been detected by the Java Runtime Environment:
#
#  Internal Error (oopMapCache.cpp:105), pid=4290, tid=4349
#  Error: ShouldNotReachHere()
#
# JRE version: Java(TM) SE Runtime Environment (9.0+11) (build 9.0.4+11)
# Java VM: Java HotSpot(TM) 64-Bit Server VM (9.0.4+11, mixed mode, tiered, compressed oops, g1 gc, linux-amd64)
# No core dump will be written. Core dumps have been disabled. To enable core dumping, try "ulimit -c unlimited" before starting Java again
#
# If you would like to submit a bug report, please visit:
#   http://bugreport.java.com/bugreport/crash.jsp
#

---------------  S U M M A R Y ------------

Command Line: -agentlib:jdwp=transport=dt_socket,address=127.0.0.1:44460,suspend=y,server=n -ea -Didea.test.cyclic.buffer.size=1048576 -javaagent:/home/nathan/Downloads/idea-IC-173.4548.28/lib/rt/debugger-agent.jar=/tmp/capture.props -Dfile.encoding=UTF-8 com.intellij.rt.execution.junit.JUnitStarter -ideVersion5 -junit5 CoinsOnAClockTest

Host: AMD Ryzen 7 1700 Eight-Core Processor, 16 cores, 31G, Ubuntu 16.04.4 LTS
Time: Sat Mar 31 21:04:16 2018 EDT elapsed time: 459 seconds (0d 0h 7m 39s)

---------------  T H R E A D  ---------------

Current thread (0x00007f191827f800):  VMThread "VM Thread" [stack: 0x00007f187892c000,0x00007f1878a2c000] [id=4349]

Stack: [0x00007f187892c000,0x00007f1878a2c000],  sp=0x00007f1878a2a590,  free space=1017k
Native frames: (J=compiled Java code, A=aot compiled Java code, j=interpreted, Vv=VM code, C=native code)
V  [libjvm.so+0xd4c6c2]  VMError::report_and_die(int, char const*, char const*, __va_list_tag*, Thread*, unsigned char*, void*, void*, char const*, int, unsigned long)+0x162
V  [libjvm.so+0xd4d2ef]  VMError::report_and_die(Thread*, char const*, int, char const*, char const*, __va_list_tag*)+0x2f
V  [libjvm.so+0x654852]  report_vm_error(char const*, int, char const*, char const*, ...)+0xe2
V  [libjvm.so+0xb5a5ba]  OopMapForCacheEntry::compute_map(Thread*)+0x9a
V  [libjvm.so+0xb5b1fc]  OopMapCacheEntry::fill(methodHandle, int)+0x12c
V  [libjvm.so+0xb5ba42]  OopMapCache::compute_one_oop_map(methodHandle const&, int, InterpreterOopMap*)+0x102
V  [libjvm.so+0xb5bd56]  OopMapCache::lookup(methodHandle const&, int, InterpreterOopMap*) const+0x216
V  [libjvm.so+0xafb584]  Method::mask_for(int, InterpreterOopMap*)+0x74
V  [libjvm.so+0x9a5a4d]  VM_GetOrSetLocal::doit()+0x4d
V  [libjvm.so+0xd5d4f9]  VM_Operation::evaluate()+0x59
V  [libjvm.so+0xd5b243]  VMThread::evaluate_operation(VM_Operation*)+0xc3
V  [libjvm.so+0xd5b7b0]  VMThread::loop()+0x210
V  [libjvm.so+0xd5bcc2]  VMThread::run()+0x72
V  [libjvm.so+0xb6e132]  thread_native_entry(Thread*)+0xf2

VM_Operation (0x00007f18691caa70): GetOrSetLocal, mode: safepoint, requested by thread 0x00007f19183c5800


---------------  P R O C E S S  ---------------

Java Threads: ( => current thread )
  0x00007f191844f000 JavaThread "Service Thread" daemon [_thread_blocked, id=4375, stack(0x00007f1868dc8000,0x00007f1868ec9000)]
  0x00007f181c001000 JavaThread "JDWP Command Reader" daemon [_thread_in_native, id=4374, stack(0x00007f1868ec9000,0x00007f1868fca000)]
  0x00007f19183ca800 JavaThread "JDWP Event Helper Thread" daemon [_thread_blocked, id=4372, stack(0x00007f1868fca000,0x00007f18690cb000)]
  0x00007f19183c5800 JavaThread "JDWP Transport Listener: dt_socket" daemon [_thread_blocked, id=4370, stack(0x00007f18690cb000,0x00007f18691cc000)]
  0x00007f191831f000 JavaThread "Common-Cleaner" daemon [_thread_blocked, id=4369, stack(0x00007f18693d0000,0x00007f18694d1000)]
  0x00007f19182ca800 JavaThread "Sweeper thread" daemon [_thread_blocked, id=4367, stack(0x00007f18698f9000,0x00007f18699fa000)]
  0x00007f19182c9000 JavaThread "C1 CompilerThread11" daemon [_thread_blocked, id=4366, stack(0x00007f18699fa000,0x00007f1869afb000)]
  0x00007f19182c7000 JavaThread "C1 CompilerThread10" daemon [_thread_blocked, id=4365, stack(0x00007f1869afb000,0x00007f1869bfc000)]
  0x00007f19182c5000 JavaThread "C1 CompilerThread9" daemon [_thread_blocked, id=4364, stack(0x00007f1869bfc000,0x00007f1869cfd000)]
  0x00007f19182c3000 JavaThread "C1 CompilerThread8" daemon [_thread_blocked, id=4363, stack(0x00007f1869cfd000,0x00007f1869dfe000)]
  0x00007f19182c1000 JavaThread "C2 CompilerThread7" daemon [_thread_blocked, id=4361, stack(0x00007f1869dfe000,0x00007f1869eff000)]
  0x00007f19182bf000 JavaThread "C2 CompilerThread6" daemon [_thread_blocked, id=4360, stack(0x00007f1869eff000,0x00007f186a000000)]
  0x00007f19182bd000 JavaThread "C2 CompilerThread5" daemon [_thread_blocked, id=4359, stack(0x00007f1878022000,0x00007f1878123000)]
  0x00007f19182b3000 JavaThread "C2 CompilerThread4" daemon [_thread_blocked, id=4358, stack(0x00007f1878123000,0x00007f1878224000)]
  0x00007f19182b1000 JavaThread "C2 CompilerThread3" daemon [_thread_blocked, id=4357, stack(0x00007f1878224000,0x00007f1878325000)]
  0x00007f19182af000 JavaThread "C2 CompilerThread2" daemon [_thread_blocked, id=4356, stack(0x00007f1878325000,0x00007f1878426000)]
  0x00007f19182ad000 JavaThread "C2 CompilerThread1" daemon [_thread_blocked, id=4355, stack(0x00007f1878426000,0x00007f1878527000)]
  0x00007f19182ab000 JavaThread "C2 CompilerThread0" daemon [_thread_blocked, id=4354, stack(0x00007f1878527000,0x00007f1878628000)]
  0x00007f19182a9800 JavaThread "Signal Dispatcher" daemon [_thread_blocked, id=4353, stack(0x00007f1878628000,0x00007f1878729000)]
  0x00007f191828f000 JavaThread "Finalizer" daemon [_thread_blocked, id=4352, stack(0x00007f1878729000,0x00007f187882a000)]
  0x00007f1918287000 JavaThread "Reference Handler" daemon [_thread_blocked, id=4351, stack(0x00007f187882a000,0x00007f187892b000)]
  0x00007f1918015800 JavaThread "main" [_thread_blocked, id=4291, stack(0x00007f191ed0e000,0x00007f191ee0e000)]

Other Threads:
=>0x00007f191827f800 VMThread "VM Thread" [stack: 0x00007f187892c000,0x00007f1878a2c000] [id=4349]
  0x00007f1918452800 WatcherThread [stack: 0x00007f1868cc8000,0x00007f1868dc8000] [id=4376]
  0x00007f191802e000 GCTaskThread "GC Thread#0" [stack: 0x00007f18fc804000,0x00007f18fc904000] [id=4315]
  0x00007f191802f800 GCTaskThread "GC Thread#1" [stack: 0x00007f18fc703000,0x00007f18fc803000] [id=4316]
  0x00007f1918031000 GCTaskThread "GC Thread#2" [stack: 0x00007f18fc602000,0x00007f18fc702000] [id=4317]
  0x00007f1918032800 GCTaskThread "GC Thread#3" [stack: 0x00007f18fc501000,0x00007f18fc601000] [id=4318]
  0x00007f1918034800 GCTaskThread "GC Thread#4" [stack: 0x00007f18fc400000,0x00007f18fc500000] [id=4319]
  0x00007f1918036000 GCTaskThread "GC Thread#5" [stack: 0x00007f18fc2ff000,0x00007f18fc3ff000] [id=4320]
  0x00007f1918038000 GCTaskThread "GC Thread#6" [stack: 0x00007f18fc1fe000,0x00007f18fc2fe000] [id=4321]
  0x00007f1918039800 GCTaskThread "GC Thread#7" [stack: 0x00007f18fc0fd000,0x00007f18fc1fd000] [id=4322]
  0x00007f191803b800 GCTaskThread "GC Thread#8" [stack: 0x00007f18dff00000,0x00007f18e0000000] [id=4323]
  0x00007f191803d000 GCTaskThread "GC Thread#9" [stack: 0x00007f18dfdff000,0x00007f18dfeff000] [id=4324]
  0x00007f191803f000 GCTaskThread "GC Thread#10" [stack: 0x00007f18dfcfe000,0x00007f18dfdfe000] [id=4325]
  0x00007f1918040800 GCTaskThread "GC Thread#11" [stack: 0x00007f18dfbfd000,0x00007f18dfcfd000] [id=4326]
  0x00007f1918042800 GCTaskThread "GC Thread#12" [stack: 0x00007f18dfafc000,0x00007f18dfbfc000] [id=4327]
  0x00007f191807e800 ConcurrentGCThread "G1 Main Marker" [stack: 0x00007f187a23d000,0x00007f187a33d000] [id=4342]
  0x00007f1918080000 ConcurrentGCThread "G1 Marker#0" [stack: 0x00007f187a13c000,0x00007f187a23c000] [id=4343]
  0x00007f1918082000 ConcurrentGCThread "G1 Marker#1" [stack: 0x00007f187a03b000,0x00007f187a13b000] [id=4344]
  0x00007f1918083800 ConcurrentGCThread "G1 Marker#2" [stack: 0x00007f1879f3a000,0x00007f187a03a000] [id=4345]
  0x00007f191805a000 ConcurrentGCThread "G1 Refine#0" [stack: 0x00007f18de0e2000,0x00007f18de1e2000] [id=4340]
  0x00007f1918058000 ConcurrentGCThread "G1 Refine#1" [stack: 0x00007f18de1e3000,0x00007f18de2e3000] [id=4339]
  0x00007f1918056800 ConcurrentGCThread "G1 Refine#2" [stack: 0x00007f18de2e4000,0x00007f18de3e4000] [id=4338]
  0x00007f1918054800 ConcurrentGCThread "G1 Refine#3" [stack: 0x00007f18de3e5000,0x00007f18de4e5000] [id=4337]
  0x00007f1918053000 ConcurrentGCThread "G1 Refine#4" [stack: 0x00007f18de4e6000,0x00007f18de5e6000] [id=4336]
  0x00007f1918051000 ConcurrentGCThread "G1 Refine#5" [stack: 0x00007f18de5e7000,0x00007f18de6e7000] [id=4335]
  0x00007f191804f800 ConcurrentGCThread "G1 Refine#6" [stack: 0x00007f18de6e8000,0x00007f18de7e8000] [id=4334]
  0x00007f191804d800 ConcurrentGCThread "G1 Refine#7" [stack: 0x00007f18de7e9000,0x00007f18de8e9000] [id=4333]
  0x00007f191804b800 ConcurrentGCThread "G1 Refine#8" [stack: 0x00007f18de8ea000,0x00007f18de9ea000] [id=4332]
  0x00007f191804a000 ConcurrentGCThread "G1 Refine#9" [stack: 0x00007f18de9eb000,0x00007f18deaeb000] [id=4331]
  0x00007f1918048000 ConcurrentGCThread "G1 Refine#10" [stack: 0x00007f18deaec000,0x00007f18debec000] [id=4330]
  0x00007f1918046800 ConcurrentGCThread "G1 Refine#11" [stack: 0x00007f18debed000,0x00007f18deced000] [id=4329]
  0x00007f1918044800 ConcurrentGCThread "G1 Refine#12" [stack: 0x00007f18decee000,0x00007f18dedee000] [id=4328]
  0x00007f191805b800 ConcurrentGCThread "G1 Young RemSet Sampling" [stack: 0x00007f18ddfe1000,0x00007f18de0e1000] [id=4341]

Threads with active compile tasks:

VM state:at safepoint (normal execution)

VM Mutex/Monitor currently owned by a thread:  ([mutex/lock_event])
[0x00007f1918011d50] Threads_lock - owner thread: 0x00007f191827f800

OutOfMemory and StackOverflow Exception counts:
StackOverflowErrors=1

Heap address: 0x00000005c9400000, size: 8044 MB, Compressed Oops mode: Zero based, Oop shift amount: 3
Narrow klass base: 0x0000000000000000, Narrow klass shift: 3
Compressed class space size: 1073741824 Address: 0x00000007c0000000

Heap:
 garbage-first heap   total 516096K, used 14336K [0x00000005c9400000, 0x00000005c96007e0, 0x00000007c0000000)
  region size 2048K, 8 young (16384K), 0 survivors (0K)
 Metaspace       used 9599K, capacity 10306K, committed 10368K, reserved 1058816K
  class space    used 953K, capacity 1093K, committed 1152K, reserved 1048576K
Heap Regions: E=young(eden), S=young(survivor), O=old, HS=humongous(starts), HC=humongous(continues), CS=collection set, F=free, A=archive, TS=gc time stamp, AC=allocation context, TAMS=top-at-mark-start (previous, next)
|   0|0x00000005c9400000, 0x00000005c9400000, 0x00000005c9600000|  0%| F|  |TS  0|AC  0|TAMS 0x00000005c9400000, 0x00000005c9400000|
|   1|0x00000005c9600000, 0x00000005c9600000, 0x00000005c9800000|  0%| F|  |TS  0|AC  0|TAMS 0x00000005c9600000, 0x00000005c9600000|
|   2|0x00000005c9800000, 0x00000005c9800000, 0x00000005c9a00000|  0%| F|  |TS  0|AC  0|TAMS 0x00000005c9800000, 0x00000005c9800000|
|   3|0x00000005c9a00000, 0x00000005c9a00000, 0x00000005c9c00000|  0%| F|  |TS  0|AC  0|TAMS 0x00000005c9a00000, 0x00000005c9a00000|
|   4|0x00000005c9c00000, 0x00000005c9c00000, 0x00000005c9e00000|  0%| F|  |TS  0|AC  0|TAMS 0x00000005c9c00000, 0x00000005c9c00000|
|   5|0x00000005c9e00000, 0x00000005c9e00000, 0x00000005ca000000|  0%| F|  |TS  0|AC  0|TAMS 0x00000005c9e00000, 0x00000005c9e00000|
|   6|0x00000005ca000000, 0x00000005ca000000, 0x00000005ca200000|  0%| F|  |TS  0|AC  0|TAMS 0x00000005ca000000, 0x00000005ca000000|
|   7|0x00000005ca200000, 0x00000005ca200000, 0x00000005ca400000|  0%| F|  |TS  0|AC  0|TAMS 0x00000005ca200000, 0x00000005ca200000|
|   8|0x00000005ca400000, 0x00000005ca400000, 0x00000005ca600000|  0%| F|  |TS  0|AC  0|TAMS 0x00000005ca400000, 0x00000005ca400000|
|   9|0x00000005ca600000, 0x00000005ca600000, 0x00000005ca800000|  0%| F|  |TS  0|AC  0|TAMS 0x00000005ca600000, 0x00000005ca600000|
|  10|0x00000005ca800000, 0x00000005ca800000, 0x00000005caa00000|  0%| F|  |TS  0|AC  0|TAMS 0x00000005ca800000, 0x00000005ca800000|
|  11|0x00000005caa00000, 0x00000005caa00000, 0x00000005cac00000|  0%| F|  |TS  0|AC  0|TAMS 0x00000005caa00000, 0x00000005caa00000|
|  12|0x00000005cac00000, 0x00000005cac00000, 0x00000005cae00000|  0%| F|  |TS  0|AC  0|TAMS 0x00000005cac00000, 0x00000005cac00000|
|  13|0x00000005cae00000, 0x00000005cae00000, 0x00000005cb000000|  0%| F|  |TS  0|AC  0|TAMS 0x00000005cae00000, 0x00000005cae00000|
|  14|0x00000005cb000000, 0x00000005cb000000, 0x00000005cb200000|  0%| F|  |TS  0|AC  0|TAMS 0x00000005cb000000, 0x00000005cb000000|
|  15|0x00000005cb200000, 0x00000005cb200000, 0x00000005cb400000|  0%| F|  |TS  0|AC  0|TAMS 0x00000005cb200000, 0x00000005cb200000|
|  16|0x00000005cb400000, 0x00000005cb400000, 0x00000005cb600000|  0%| F|  |TS  0|AC  0|TAMS 0x00000005cb400000, 0x00000005cb400000|
|  17|0x00000005cb600000, 0x00000005cb600000, 0x00000005cb800000|  0%| F|  |TS  0|AC  0|TAMS 0x00000005cb600000, 0x00000005cb600000|
|  18|0x00000005cb800000, 0x00000005cb800000, 0x00000005cba00000|  0%| F|  |TS  0|AC  0|TAMS 0x00000005cb800000, 0x00000005cb800000|
|  19|0x00000005cba00000, 0x00000005cba00000, 0x00000005cbc00000|  0%| F|  |TS  0|AC  0|TAMS 0x00000005cba00000, 0x00000005cba00000|
|  20|0x00000005cbc00000, 0x00000005cbc00000, 0x00000005cbe00000|  0%| F|  |TS  0|AC  0|TAMS 0x00000005cbc00000, 0x00000005cbc00000|
|  21|0x00000005cbe00000, 0x00000005cbe00000, 0x00000005cc000000|  0%| F|  |TS  0|AC  0|TAMS 0x00000005cbe00000, 0x00000005cbe00000|
|  22|0x00000005cc000000, 0x00000005cc000000, 0x00000005cc200000|  0%| F|  |TS  0|AC  0|TAMS 0x00000005cc000000, 0x00000005cc000000|
|  23|0x00000005cc200000, 0x00000005cc200000, 0x00000005cc400000|  0%| F|  |TS  0|AC  0|TAMS 0x00000005cc200000, 0x00000005cc200000|
|  24|0x00000005cc400000, 0x00000005cc400000, 0x00000005cc600000|  0%| F|  |TS  0|AC  0|TAMS 0x00000005cc400000, 0x00000005cc400000|
|  25|0x00000005cc600000, 0x00000005cc600000, 0x00000005cc800000|  0%| F|  |TS  0|AC  0|TAMS 0x00000005cc600000, 0x00000005cc600000|
|  26|0x00000005cc800000, 0x00000005cc800000, 0x00000005cca00000|  0%| F|  |TS  0|AC  0|TAMS 0x00000005cc800000, 0x00000005cc800000|
|  27|0x00000005cca00000, 0x00000005cca00000, 0x00000005ccc00000|  0%| F|  |TS  0|AC  0|TAMS 0x00000005cca00000, 0x00000005cca00000|
|  28|0x00000005ccc00000, 0x00000005ccc00000, 0x00000005cce00000|  0%| F|  |TS  0|AC  0|TAMS 0x00000005ccc00000, 0x00000005ccc00000|
|  29|0x00000005cce00000, 0x00000005cce00000, 0x00000005cd000000|  0%| F|  |TS  0|AC  0|TAMS 0x00000005cce00000, 0x00000005cce00000|
|  30|0x00000005cd000000, 0x00000005cd000000, 0x00000005cd200000|  0%| F|  |TS  0|AC  0|TAMS 0x00000005cd000000, 0x00000005cd000000|
|  31|0x00000005cd200000, 0x00000005cd200000, 0x00000005cd400000|  0%| F|  |TS  0|AC  0|TAMS 0x00000005cd200000, 0x00000005cd200000|
|  32|0x00000005cd400000, 0x00000005cd400000, 0x00000005cd600000|  0%| F|  |TS  0|AC  0|TAMS 0x00000005cd400000, 0x00000005cd400000|
|  33|0x00000005cd600000, 0x00000005cd600000, 0x00000005cd800000|  0%| F|  |TS  0|AC  0|TAMS 0x00000005cd600000, 0x00000005cd600000|
|  34|0x00000005cd800000, 0x00000005cd800000, 0x00000005cda00000|  0%| F|  |TS  0|AC  0|TAMS 0x00000005cd800000, 0x00000005cd800000|
|  35|0x00000005cda00000, 0x00000005cda00000, 0x00000005cdc00000|  0%| F|  |TS  0|AC  0|TAMS 0x00000005cda00000, 0x00000005cda00000|
|  36|0x00000005cdc00000, 0x00000005cdc00000, 0x00000005cde00000|  0%| F|  |TS  0|AC  0|TAMS 0x00000005cdc00000, 0x00000005cdc00000|
|  37|0x00000005cde00000, 0x00000005cde00000, 0x00000005ce000000|  0%| F|  |TS  0|AC  0|TAMS 0x00000005cde00000, 0x00000005cde00000|
|  38|0x00000005ce000000, 0x00000005ce000000, 0x00000005ce200000|  0%| F|  |TS  0|AC  0|TAMS 0x00000005ce000000, 0x00000005ce000000|
|  39|0x00000005ce200000, 0x00000005ce200000, 0x00000005ce400000|  0%| F|  |TS  0|AC  0|TAMS 0x00000005ce200000, 0x00000005ce200000|
|  40|0x00000005ce400000, 0x00000005ce400000, 0x00000005ce600000|  0%| F|  |TS  0|AC  0|TAMS 0x00000005ce400000, 0x00000005ce400000|
|  41|0x00000005ce600000, 0x00000005ce600000, 0x00000005ce800000|  0%| F|  |TS  0|AC  0|TAMS 0x00000005ce600000, 0x00000005ce600000|
|  42|0x00000005ce800000, 0x00000005ce800000, 0x00000005cea00000|  0%| F|  |TS  0|AC  0|TAMS 0x00000005ce800000, 0x00000005ce800000|
|  43|0x00000005cea00000, 0x00000005cea00000, 0x00000005cec00000|  0%| F|  |TS  0|AC  0|TAMS 0x00000005cea00000, 0x00000005cea00000|
|  44|0x00000005cec00000, 0x00000005cec00000, 0x00000005cee00000|  0%| F|  |TS  0|AC  0|TAMS 0x00000005cec00000, 0x00000005cec00000|
|  45|0x00000005cee00000, 0x00000005cee00000, 0x00000005cf000000|  0%| F|  |TS  0|AC  0|TAMS 0x00000005cee00000, 0x00000005cee00000|
|  46|0x00000005cf000000, 0x00000005cf000000, 0x00000005cf200000|  0%| F|  |TS  0|AC  0|TAMS 0x00000005cf000000, 0x00000005cf000000|
|  47|0x00000005cf200000, 0x00000005cf200000, 0x00000005cf400000|  0%| F|  |TS  0|AC  0|TAMS 0x00000005cf200000, 0x00000005cf200000|
|  48|0x00000005cf400000, 0x00000005cf400000, 0x00000005cf600000|  0%| F|  |TS  0|AC  0|TAMS 0x00000005cf400000, 0x00000005cf400000|
|  49|0x00000005cf600000, 0x00000005cf600000, 0x00000005cf800000|  0%| F|  |TS  0|AC  0|TAMS 0x00000005cf600000, 0x00000005cf600000|
|  50|0x00000005cf800000, 0x00000005cf800000, 0x00000005cfa00000|  0%| F|  |TS  0|AC  0|TAMS 0x00000005cf800000, 0x00000005cf800000|
|  51|0x00000005cfa00000, 0x00000005cfa00000, 0x00000005cfc00000|  0%| F|  |TS  0|AC  0|TAMS 0x00000005cfa00000, 0x00000005cfa00000|
|  52|0x00000005cfc00000, 0x00000005cfc00000, 0x00000005cfe00000|  0%| F|  |TS  0|AC  0|TAMS 0x00000005cfc00000, 0x00000005cfc00000|
|  53|0x00000005cfe00000, 0x00000005cfe00000, 0x00000005d0000000|  0%| F|  |TS  0|AC  0|TAMS 0x00000005cfe00000, 0x00000005cfe00000|
|  54|0x00000005d0000000, 0x00000005d0000000, 0x00000005d0200000|  0%| F|  |TS  0|AC  0|TAMS 0x00000005d0000000, 0x00000005d0000000|
|  55|0x00000005d0200000, 0x00000005d0200000, 0x00000005d0400000|  0%| F|  |TS  0|AC  0|TAMS 0x00000005d0200000, 0x00000005d0200000|
|  56|0x00000005d0400000, 0x00000005d0400000, 0x00000005d0600000|  0%| F|  |TS  0|AC  0|TAMS 0x00000005d0400000, 0x00000005d0400000|
|  57|0x00000005d0600000, 0x00000005d0600000, 0x00000005d0800000|  0%| F|  |TS  0|AC  0|TAMS 0x00000005d0600000, 0x00000005d0600000|
|  58|0x00000005d0800000, 0x00000005d0800000, 0x00000005d0a00000|  0%| F|  |TS  0|AC  0|TAMS 0x00000005d0800000, 0x00000005d0800000|
|  59|0x00000005d0a00000, 0x00000005d0a00000, 0x00000005d0c00000|  0%| F|  |TS  0|AC  0|TAMS 0x00000005d0a00000, 0x00000005d0a00000|
|  60|0x00000005d0c00000, 0x00000005d0c00000, 0x00000005d0e00000|  0%| F|  |TS  0|AC  0|TAMS 0x00000005d0c00000, 0x00000005d0c00000|
|  61|0x00000005d0e00000, 0x00000005d0e00000, 0x00000005d1000000|  0%| F|  |TS  0|AC  0|TAMS 0x00000005d0e00000, 0x00000005d0e00000|
|  62|0x00000005d1000000, 0x00000005d1000000, 0x00000005d1200000|  0%| F|  |TS  0|AC  0|TAMS 0x00000005d1000000, 0x00000005d1000000|
|  63|0x00000005d1200000, 0x00000005d1200000, 0x00000005d1400000|  0%| F|  |TS  0|AC  0|TAMS 0x00000005d1200000, 0x00000005d1200000|
|  64|0x00000005d1400000, 0x00000005d1400000, 0x00000005d1600000|  0%| F|  |TS  0|AC  0|TAMS 0x00000005d1400000, 0x00000005d1400000|
|  65|0x00000005d1600000, 0x00000005d1600000, 0x00000005d1800000|  0%| F|  |TS  0|AC  0|TAMS 0x00000005d1600000, 0x00000005d1600000|
|  66|0x00000005d1800000, 0x00000005d1800000, 0x00000005d1a00000|  0%| F|  |TS  0|AC  0|TAMS 0x00000005d1800000, 0x00000005d1800000|
|  67|0x00000005d1a00000, 0x00000005d1a00000, 0x00000005d1c00000|  0%| F|  |TS  0|AC  0|TAMS 0x00000005d1a00000, 0x00000005d1a00000|
|  68|0x00000005d1c00000, 0x00000005d1c00000, 0x00000005d1e00000|  0%| F|  |TS  0|AC  0|TAMS 0x00000005d1c00000, 0x00000005d1c00000|
|  69|0x00000005d1e00000, 0x00000005d1e00000, 0x00000005d2000000|  0%| F|  |TS  0|AC  0|TAMS 0x00000005d1e00000, 0x00000005d1e00000|
|  70|0x00000005d2000000, 0x00000005d2000000, 0x00000005d2200000|  0%| F|  |TS  0|AC  0|TAMS 0x00000005d2000000, 0x00000005d2000000|
|  71|0x00000005d2200000, 0x00000005d2200000, 0x00000005d2400000|  0%| F|  |TS  0|AC  0|TAMS 0x00000005d2200000, 0x00000005d2200000|
|  72|0x00000005d2400000, 0x00000005d2400000, 0x00000005d2600000|  0%| F|  |TS  0|AC  0|TAMS 0x00000005d2400000, 0x00000005d2400000|
|  73|0x00000005d2600000, 0x00000005d2600000, 0x00000005d2800000|  0%| F|  |TS  0|AC  0|TAMS 0x00000005d2600000, 0x00000005d2600000|
|  74|0x00000005d2800000, 0x00000005d2800000, 0x00000005d2a00000|  0%| F|  |TS  0|AC  0|TAMS 0x00000005d2800000, 0x00000005d2800000|
|  75|0x00000005d2a00000, 0x00000005d2a00000, 0x00000005d2c00000|  0%| F|  |TS  0|AC  0|TAMS 0x00000005d2a00000, 0x00000005d2a00000|
|  76|0x00000005d2c00000, 0x00000005d2c00000, 0x00000005d2e00000|  0%| F|  |TS  0|AC  0|TAMS 0x00000005d2c00000, 0x00000005d2c00000|
|  77|0x00000005d2e00000, 0x00000005d2e00000, 0x00000005d3000000|  0%| F|  |TS  0|AC  0|TAMS 0x00000005d2e00000, 0x00000005d2e00000|
|  78|0x00000005d3000000, 0x00000005d3000000, 0x00000005d3200000|  0%| F|  |TS  0|AC  0|TAMS 0x00000005d3000000, 0x00000005d3000000|
|  79|0x00000005d3200000, 0x00000005d3200000, 0x00000005d3400000|  0%| F|  |TS  0|AC  0|TAMS 0x00000005d3200000, 0x00000005d3200000|
|  80|0x00000005d3400000, 0x00000005d3400000, 0x00000005d3600000|  0%| F|  |TS  0|AC  0|TAMS 0x00000005d3400000, 0x00000005d3400000|
|  81|0x00000005d3600000, 0x00000005d3600000, 0x00000005d3800000|  0%| F|  |TS  0|AC  0|TAMS 0x00000005d3600000, 0x00000005d3600000|
|  82|0x00000005d3800000, 0x00000005d3800000, 0x00000005d3a00000|  0%| F|  |TS  0|AC  0|TAMS 0x00000005d3800000, 0x00000005d3800000|
|  83|0x00000005d3a00000, 0x00000005d3a00000, 0x00000005d3c00000|  0%| F|  |TS  0|AC  0|TAMS 0x00000005d3a00000, 0x00000005d3a00000|
|  84|0x00000005d3c00000, 0x00000005d3c00000, 0x00000005d3e00000|  0%| F|  |TS  0|AC  0|TAMS 0x00000005d3c00000, 0x00000005d3c00000|
|  85|0x00000005d3e00000, 0x00000005d3e00000, 0x00000005d4000000|  0%| F|  |TS  0|AC  0|TAMS 0x00000005d3e00000, 0x00000005d3e00000|
|  86|0x00000005d4000000, 0x00000005d4000000, 0x00000005d4200000|  0%| F|  |TS  0|AC  0|TAMS 0x00000005d4000000, 0x00000005d4000000|
|  87|0x00000005d4200000, 0x00000005d4200000, 0x00000005d4400000|  0%| F|  |TS  0|AC  0|TAMS 0x00000005d4200000, 0x00000005d4200000|
|  88|0x00000005d4400000, 0x00000005d4400000, 0x00000005d4600000|  0%| F|  |TS  0|AC  0|TAMS 0x00000005d4400000, 0x00000005d4400000|
|  89|0x00000005d4600000, 0x00000005d4600000, 0x00000005d4800000|  0%| F|  |TS  0|AC  0|TAMS 0x00000005d4600000, 0x00000005d4600000|
|  90|0x00000005d4800000, 0x00000005d4800000, 0x00000005d4a00000|  0%| F|  |TS  0|AC  0|TAMS 0x00000005d4800000, 0x00000005d4800000|
|  91|0x00000005d4a00000, 0x00000005d4a00000, 0x00000005d4c00000|  0%| F|  |TS  0|AC  0|TAMS 0x00000005d4a00000, 0x00000005d4a00000|
|  92|0x00000005d4c00000, 0x00000005d4c00000, 0x00000005d4e00000|  0%| F|  |TS  0|AC  0|TAMS 0x00000005d4c00000, 0x00000005d4c00000|
|  93|0x00000005d4e00000, 0x00000005d4e00000, 0x00000005d5000000|  0%| F|  |TS  0|AC  0|TAMS 0x00000005d4e00000, 0x00000005d4e00000|
|  94|0x00000005d5000000, 0x00000005d5000000, 0x00000005d5200000|  0%| F|  |TS  0|AC  0|TAMS 0x00000005d5000000, 0x00000005d5000000|
|  95|0x00000005d5200000, 0x00000005d5200000, 0x00000005d5400000|  0%| F|  |TS  0|AC  0|TAMS 0x00000005d5200000, 0x00000005d5200000|
|  96|0x00000005d5400000, 0x00000005d5400000, 0x00000005d5600000|  0%| F|  |TS  0|AC  0|TAMS 0x00000005d5400000, 0x00000005d5400000|
|  97|0x00000005d5600000, 0x00000005d5600000, 0x00000005d5800000|  0%| F|  |TS  0|AC  0|TAMS 0x00000005d5600000, 0x00000005d5600000|
|  98|0x00000005d5800000, 0x00000005d5800000, 0x00000005d5a00000|  0%| F|  |TS  0|AC  0|TAMS 0x00000005d5800000, 0x00000005d5800000|
|  99|0x00000005d5a00000, 0x00000005d5a00000, 0x00000005d5c00000|  0%| F|  |TS  0|AC  0|TAMS 0x00000005d5a00000, 0x00000005d5a00000|
| 100|0x00000005d5c00000, 0x00000005d5c00000, 0x00000005d5e00000|  0%| F|  |TS  0|AC  0|TAMS 0x00000005d5c00000, 0x00000005d5c00000|
| 101|0x00000005d5e00000, 0x00000005d5e00000, 0x00000005d6000000|  0%| F|  |TS  0|AC  0|TAMS 0x00000005d5e00000, 0x00000005d5e00000|
| 102|0x00000005d6000000, 0x00000005d6000000, 0x00000005d6200000|  0%| F|  |TS  0|AC  0|TAMS 0x00000005d6000000, 0x00000005d6000000|
| 103|0x00000005d6200000, 0x00000005d6200000, 0x00000005d6400000|  0%| F|  |TS  0|AC  0|TAMS 0x00000005d6200000, 0x00000005d6200000|
| 104|0x00000005d6400000, 0x00000005d6400000, 0x00000005d6600000|  0%| F|  |TS  0|AC  0|TAMS 0x00000005d6400000, 0x00000005d6400000|
| 105|0x00000005d6600000, 0x00000005d6600000, 0x00000005d6800000|  0%| F|  |TS  0|AC  0|TAMS 0x00000005d6600000, 0x00000005d6600000|
| 106|0x00000005d6800000, 0x00000005d6800000, 0x00000005d6a00000|  0%| F|  |TS  0|AC  0|TAMS 0x00000005d6800000, 0x00000005d6800000|
| 107|0x00000005d6a00000, 0x00000005d6a00000, 0x00000005d6c00000|  0%| F|  |TS  0|AC  0|TAMS 0x00000005d6a00000, 0x00000005d6a00000|
| 108|0x00000005d6c00000, 0x00000005d6c00000, 0x00000005d6e00000|  0%| F|  |TS  0|AC  0|TAMS 0x00000005d6c00000, 0x00000005d6c00000|
| 109|0x00000005d6e00000, 0x00000005d6e00000, 0x00000005d7000000|  0%| F|  |TS  0|AC  0|TAMS 0x00000005d6e00000, 0x00000005d6e00000|
| 110|0x00000005d7000000, 0x00000005d7000000, 0x00000005d7200000|  0%| F|  |TS  0|AC  0|TAMS 0x00000005d7000000, 0x00000005d7000000|
| 111|0x00000005d7200000, 0x00000005d7200000, 0x00000005d7400000|  0%| F|  |TS  0|AC  0|TAMS 0x00000005d7200000, 0x00000005d7200000|
| 112|0x00000005d7400000, 0x00000005d7400000, 0x00000005d7600000|  0%| F|  |TS  0|AC  0|TAMS 0x00000005d7400000, 0x00000005d7400000|
| 113|0x00000005d7600000, 0x00000005d7600000, 0x00000005d7800000|  0%| F|  |TS  0|AC  0|TAMS 0x00000005d7600000, 0x00000005d7600000|
| 114|0x00000005d7800000, 0x00000005d7800000, 0x00000005d7a00000|  0%| F|  |TS  0|AC  0|TAMS 0x00000005d7800000, 0x00000005d7800000|
| 115|0x00000005d7a00000, 0x00000005d7a00000, 0x00000005d7c00000|  0%| F|  |TS  0|AC  0|TAMS 0x00000005d7a00000, 0x00000005d7a00000|
| 116|0x00000005d7c00000, 0x00000005d7c00000, 0x00000005d7e00000|  0%| F|  |TS  0|AC  0|TAMS 0x00000005d7c00000, 0x00000005d7c00000|
| 117|0x00000005d7e00000, 0x00000005d7e00000, 0x00000005d8000000|  0%| F|  |TS  0|AC  0|TAMS 0x00000005d7e00000, 0x00000005d7e00000|
| 118|0x00000005d8000000, 0x00000005d8000000, 0x00000005d8200000|  0%| F|  |TS  0|AC  0|TAMS 0x00000005d8000000, 0x00000005d8000000|
| 119|0x00000005d8200000, 0x00000005d8200000, 0x00000005d8400000|  0%| F|  |TS  0|AC  0|TAMS 0x00000005d8200000, 0x00000005d8200000|
| 120|0x00000005d8400000, 0x00000005d8400000, 0x00000005d8600000|  0%| F|  |TS  0|AC  0|TAMS 0x00000005d8400000, 0x00000005d8400000|
| 121|0x00000005d8600000, 0x00000005d8600000, 0x00000005d8800000|  0%| F|  |TS  0|AC  0|TAMS 0x00000005d8600000, 0x00000005d8600000|
| 122|0x00000005d8800000, 0x00000005d8800000, 0x00000005d8a00000|  0%| F|  |TS  0|AC  0|TAMS 0x00000005d8800000, 0x00000005d8800000|
| 123|0x00000005d8a00000, 0x00000005d8a00000, 0x00000005d8c00000|  0%| F|  |TS  0|AC  0|TAMS 0x00000005d8a00000, 0x00000005d8a00000|
| 124|0x00000005d8c00000, 0x00000005d8c00000, 0x00000005d8e00000|  0%| F|  |TS  0|AC  0|TAMS 0x00000005d8c00000, 0x00000005d8c00000|
| 125|0x00000005d8e00000, 0x00000005d8e00000, 0x00000005d9000000|  0%| F|  |TS  0|AC  0|TAMS 0x00000005d8e00000, 0x00000005d8e00000|
| 126|0x00000005d9000000, 0x00000005d9000000, 0x00000005d9200000|  0%| F|  |TS  0|AC  0|TAMS 0x00000005d9000000, 0x00000005d9000000|
| 127|0x00000005d9200000, 0x00000005d9200000, 0x00000005d9400000|  0%| F|  |TS  0|AC  0|TAMS 0x00000005d9200000, 0x00000005d9200000|
| 128|0x00000005d9400000, 0x00000005d9400000, 0x00000005d9600000|  0%| F|  |TS  0|AC  0|TAMS 0x00000005d9400000, 0x00000005d9400000|
| 129|0x00000005d9600000, 0x00000005d9600000, 0x00000005d9800000|  0%| F|  |TS  0|AC  0|TAMS 0x00000005d9600000, 0x00000005d9600000|
| 130|0x00000005d9800000, 0x00000005d9800000, 0x00000005d9a00000|  0%| F|  |TS  0|AC  0|TAMS 0x00000005d9800000, 0x00000005d9800000|
| 131|0x00000005d9a00000, 0x00000005d9a00000, 0x00000005d9c00000|  0%| F|  |TS  0|AC  0|TAMS 0x00000005d9a00000, 0x00000005d9a00000|
| 132|0x00000005d9c00000, 0x00000005d9c00000, 0x00000005d9e00000|  0%| F|  |TS  0|AC  0|TAMS 0x00000005d9c00000, 0x00000005d9c00000|
| 133|0x00000005d9e00000, 0x00000005d9e00000, 0x00000005da000000|  0%| F|  |TS  0|AC  0|TAMS 0x00000005d9e00000, 0x00000005d9e00000|
| 134|0x00000005da000000, 0x00000005da000000, 0x00000005da200000|  0%| F|  |TS  0|AC  0|TAMS 0x00000005da000000, 0x00000005da000000|
| 135|0x00000005da200000, 0x00000005da200000, 0x00000005da400000|  0%| F|  |TS  0|AC  0|TAMS 0x00000005da200000, 0x00000005da200000|
| 136|0x00000005da400000, 0x00000005da400000, 0x00000005da600000|  0%| F|  |TS  0|AC  0|TAMS 0x00000005da400000, 0x00000005da400000|
| 137|0x00000005da600000, 0x00000005da600000, 0x00000005da800000|  0%| F|  |TS  0|AC  0|TAMS 0x00000005da600000, 0x00000005da600000|
| 138|0x00000005da800000, 0x00000005da800000, 0x00000005daa00000|  0%| F|  |TS  0|AC  0|TAMS 0x00000005da800000, 0x00000005da800000|
| 139|0x00000005daa00000, 0x00000005daa00000, 0x00000005dac00000|  0%| F|  |TS  0|AC  0|TAMS 0x00000005daa00000, 0x00000005daa00000|
| 140|0x00000005dac00000, 0x00000005dac00000, 0x00000005dae00000|  0%| F|  |TS  0|AC  0|TAMS 0x00000005dac00000, 0x00000005dac00000|
| 141|0x00000005dae00000, 0x00000005dae00000, 0x00000005db000000|  0%| F|  |TS  0|AC  0|TAMS 0x00000005dae00000, 0x00000005dae00000|
| 142|0x00000005db000000, 0x00000005db000000, 0x00000005db200000|  0%| F|  |TS  0|AC  0|TAMS 0x00000005db000000, 0x00000005db000000|
| 143|0x00000005db200000, 0x00000005db200000, 0x00000005db400000|  0%| F|  |TS  0|AC  0|TAMS 0x00000005db200000, 0x00000005db200000|
| 144|0x00000005db400000, 0x00000005db400000, 0x00000005db600000|  0%| F|  |TS  0|AC  0|TAMS 0x00000005db400000, 0x00000005db400000|
| 145|0x00000005db600000, 0x00000005db600000, 0x00000005db800000|  0%| F|  |TS  0|AC  0|TAMS 0x00000005db600000, 0x00000005db600000|
| 146|0x00000005db800000, 0x00000005db800000, 0x00000005dba00000|  0%| F|  |TS  0|AC  0|TAMS 0x00000005db800000, 0x00000005db800000|
| 147|0x00000005dba00000, 0x00000005dba00000, 0x00000005dbc00000|  0%| F|  |TS  0|AC  0|TAMS 0x00000005dba00000, 0x00000005dba00000|
| 148|0x00000005dbc00000, 0x00000005dbc00000, 0x00000005dbe00000|  0%| F|  |TS  0|AC  0|TAMS 0x00000005dbc00000, 0x00000005dbc00000|
| 149|0x00000005dbe00000, 0x00000005dbe00000, 0x00000005dc000000|  0%| F|  |TS  0|AC  0|TAMS 0x00000005dbe00000, 0x00000005dbe00000|
| 150|0x00000005dc000000, 0x00000005dc000000, 0x00000005dc200000|  0%| F|  |TS  0|AC  0|TAMS 0x00000005dc000000, 0x00000005dc000000|
| 151|0x00000005dc200000, 0x00000005dc200000, 0x00000005dc400000|  0%| F|  |TS  0|AC  0|TAMS 0x00000005dc200000, 0x00000005dc200000|
| 152|0x00000005dc400000, 0x00000005dc400000, 0x00000005dc600000|  0%| F|  |TS  0|AC  0|TAMS 0x00000005dc400000, 0x00000005dc400000|
| 153|0x00000005dc600000, 0x00000005dc600000, 0x00000005dc800000|  0%| F|  |TS  0|AC  0|TAMS 0x00000005dc600000, 0x00000005dc600000|
| 154|0x00000005dc800000, 0x00000005dc800000, 0x00000005dca00000|  0%| F|  |TS  0|AC  0|TAMS 0x00000005dc800000, 0x00000005dc800000|
| 155|0x00000005dca00000, 0x00000005dca00000, 0x00000005dcc00000|  0%| F|  |TS  0|AC  0|TAMS 0x00000005dca00000, 0x00000005dca00000|
| 156|0x00000005dcc00000, 0x00000005dcc00000, 0x00000005dce00000|  0%| F|  |TS  0|AC  0|TAMS 0x00000005dcc00000, 0x00000005dcc00000|
| 157|0x00000005dce00000, 0x00000005dce00000, 0x00000005dd000000|  0%| F|  |TS  0|AC  0|TAMS 0x00000005dce00000, 0x00000005dce00000|
| 158|0x00000005dd000000, 0x00000005dd000000, 0x00000005dd200000|  0%| F|  |TS  0|AC  0|TAMS 0x00000005dd000000, 0x00000005dd000000|
| 159|0x00000005dd200000, 0x00000005dd200000, 0x00000005dd400000|  0%| F|  |TS  0|AC  0|TAMS 0x00000005dd200000, 0x00000005dd200000|
| 160|0x00000005dd400000, 0x00000005dd400000, 0x00000005dd600000|  0%| F|  |TS  0|AC  0|TAMS 0x00000005dd400000, 0x00000005dd400000|
| 161|0x00000005dd600000, 0x00000005dd600000, 0x00000005dd800000|  0%| F|  |TS  0|AC  0|TAMS 0x00000005dd600000, 0x00000005dd600000|
| 162|0x00000005dd800000, 0x00000005dd800000, 0x00000005dda00000|  0%| F|  |TS  0|AC  0|TAMS 0x00000005dd800000, 0x00000005dd800000|
| 163|0x00000005dda00000, 0x00000005dda00000, 0x00000005ddc00000|  0%| F|  |TS  0|AC  0|TAMS 0x00000005dda00000, 0x00000005dda00000|
| 164|0x00000005ddc00000, 0x00000005ddc00000, 0x00000005dde00000|  0%| F|  |TS  0|AC  0|TAMS 0x00000005ddc00000, 0x00000005ddc00000|
| 165|0x00000005dde00000, 0x00000005dde00000, 0x00000005de000000|  0%| F|  |TS  0|AC  0|TAMS 0x00000005dde00000, 0x00000005dde00000|
| 166|0x00000005de000000, 0x00000005de000000, 0x00000005de200000|  0%| F|  |TS  0|AC  0|TAMS 0x00000005de000000, 0x00000005de000000|
| 167|0x00000005de200000, 0x00000005de200000, 0x00000005de400000|  0%| F|  |TS  0|AC  0|TAMS 0x00000005de200000, 0x00000005de200000|
| 168|0x00000005de400000, 0x00000005de400000, 0x00000005de600000|  0%| F|  |TS  0|AC  0|TAMS 0x00000005de400000, 0x00000005de400000|
| 169|0x00000005de600000, 0x00000005de600000, 0x00000005de800000|  0%| F|  |TS  0|AC  0|TAMS 0x00000005de600000, 0x00000005de600000|
| 170|0x00000005de800000, 0x00000005de800000, 0x00000005dea00000|  0%| F|  |TS  0|AC  0|TAMS 0x00000005de800000, 0x00000005de800000|
| 171|0x00000005dea00000, 0x00000005dea00000, 0x00000005dec00000|  0%| F|  |TS  0|AC  0|TAMS 0x00000005dea00000, 0x00000005dea00000|
| 172|0x00000005dec00000, 0x00000005dec00000, 0x00000005dee00000|  0%| F|  |TS  0|AC  0|TAMS 0x00000005dec00000, 0x00000005dec00000|
| 173|0x00000005dee00000, 0x00000005dee00000, 0x00000005df000000|  0%| F|  |TS  0|AC  0|TAMS 0x00000005dee00000, 0x00000005dee00000|
| 174|0x00000005df000000, 0x00000005df000000, 0x00000005df200000|  0%| F|  |TS  0|AC  0|TAMS 0x00000005df000000, 0x00000005df000000|
| 175|0x00000005df200000, 0x00000005df200000, 0x00000005df400000|  0%| F|  |TS  0|AC  0|TAMS 0x00000005df200000, 0x00000005df200000|
| 176|0x00000005df400000, 0x00000005df400000, 0x00000005df600000|  0%| F|  |TS  0|AC  0|TAMS 0x00000005df400000, 0x00000005df400000|
| 177|0x00000005df600000, 0x00000005df600000, 0x00000005df800000|  0%| F|  |TS  0|AC  0|TAMS 0x00000005df600000, 0x00000005df600000|
| 178|0x00000005df800000, 0x00000005df800000, 0x00000005dfa00000|  0%| F|  |TS  0|AC  0|TAMS 0x00000005df800000, 0x00000005df800000|
| 179|0x00000005dfa00000, 0x00000005dfa00000, 0x00000005dfc00000|  0%| F|  |TS  0|AC  0|TAMS 0x00000005dfa00000, 0x00000005dfa00000|
| 180|0x00000005dfc00000, 0x00000005dfc00000, 0x00000005dfe00000|  0%| F|  |TS  0|AC  0|TAMS 0x00000005dfc00000, 0x00000005dfc00000|
| 181|0x00000005dfe00000, 0x00000005dfe00000, 0x00000005e0000000|  0%| F|  |TS  0|AC  0|TAMS 0x00000005dfe00000, 0x00000005dfe00000|
| 182|0x00000005e0000000, 0x00000005e0000000, 0x00000005e0200000|  0%| F|  |TS  0|AC  0|TAMS 0x00000005e0000000, 0x00000005e0000000|
| 183|0x00000005e0200000, 0x00000005e0200000, 0x00000005e0400000|  0%| F|  |TS  0|AC  0|TAMS 0x00000005e0200000, 0x00000005e0200000|
| 184|0x00000005e0400000, 0x00000005e0400000, 0x00000005e0600000|  0%| F|  |TS  0|AC  0|TAMS 0x00000005e0400000, 0x00000005e0400000|
| 185|0x00000005e0600000, 0x00000005e0600000, 0x00000005e0800000|  0%| F|  |TS  0|AC  0|TAMS 0x00000005e0600000, 0x00000005e0600000|
| 186|0x00000005e0800000, 0x00000005e0800000, 0x00000005e0a00000|  0%| F|  |TS  0|AC  0|TAMS 0x00000005e0800000, 0x00000005e0800000|
| 187|0x00000005e0a00000, 0x00000005e0a00000, 0x00000005e0c00000|  0%| F|  |TS  0|AC  0|TAMS 0x00000005e0a00000, 0x00000005e0a00000|
| 188|0x00000005e0c00000, 0x00000005e0c00000, 0x00000005e0e00000|  0%| F|  |TS  0|AC  0|TAMS 0x00000005e0c00000, 0x00000005e0c00000|
| 189|0x00000005e0e00000, 0x00000005e0e00000, 0x00000005e1000000|  0%| F|  |TS  0|AC  0|TAMS 0x00000005e0e00000, 0x00000005e0e00000|
| 190|0x00000005e1000000, 0x00000005e1000000, 0x00000005e1200000|  0%| F|  |TS  0|AC  0|TAMS 0x00000005e1000000, 0x00000005e1000000|
| 191|0x00000005e1200000, 0x00000005e1200000, 0x00000005e1400000|  0%| F|  |TS  0|AC  0|TAMS 0x00000005e1200000, 0x00000005e1200000|
| 192|0x00000005e1400000, 0x00000005e1400000, 0x00000005e1600000|  0%| F|  |TS  0|AC  0|TAMS 0x00000005e1400000, 0x00000005e1400000|
| 193|0x00000005e1600000, 0x00000005e1600000, 0x00000005e1800000|  0%| F|  |TS  0|AC  0|TAMS 0x00000005e1600000, 0x00000005e1600000|
| 194|0x00000005e1800000, 0x00000005e1800000, 0x00000005e1a00000|  0%| F|  |TS  0|AC  0|TAMS 0x00000005e1800000, 0x00000005e1800000|
| 195|0x00000005e1a00000, 0x00000005e1a00000, 0x00000005e1c00000|  0%| F|  |TS  0|AC  0|TAMS 0x00000005e1a00000, 0x00000005e1a00000|
| 196|0x00000005e1c00000, 0x00000005e1c00000, 0x00000005e1e00000|  0%| F|  |TS  0|AC  0|TAMS 0x00000005e1c00000, 0x00000005e1c00000|
| 197|0x00000005e1e00000, 0x00000005e1e00000, 0x00000005e2000000|  0%| F|  |TS  0|AC  0|TAMS 0x00000005e1e00000, 0x00000005e1e00000|
| 198|0x00000005e2000000, 0x00000005e2000000, 0x00000005e2200000|  0%| F|  |TS  0|AC  0|TAMS 0x00000005e2000000, 0x00000005e2000000|
| 199|0x00000005e2200000, 0x00000005e2200000, 0x00000005e2400000|  0%| F|  |TS  0|AC  0|TAMS 0x00000005e2200000, 0x00000005e2200000|
| 200|0x00000005e2400000, 0x00000005e2400000, 0x00000005e2600000|  0%| F|  |TS  0|AC  0|TAMS 0x00000005e2400000, 0x00000005e2400000|
| 201|0x00000005e2600000, 0x00000005e2600000, 0x00000005e2800000|  0%| F|  |TS  0|AC  0|TAMS 0x00000005e2600000, 0x00000005e2600000|
| 202|0x00000005e2800000, 0x00000005e2800000, 0x00000005e2a00000|  0%| F|  |TS  0|AC  0|TAMS 0x00000005e2800000, 0x00000005e2800000|
| 203|0x00000005e2a00000, 0x00000005e2a00000, 0x00000005e2c00000|  0%| F|  |TS  0|AC  0|TAMS 0x00000005e2a00000, 0x00000005e2a00000|
| 204|0x00000005e2c00000, 0x00000005e2c00000, 0x00000005e2e00000|  0%| F|  |TS  0|AC  0|TAMS 0x00000005e2c00000, 0x00000005e2c00000|
| 205|0x00000005e2e00000, 0x00000005e2e00000, 0x00000005e3000000|  0%| F|  |TS  0|AC  0|TAMS 0x00000005e2e00000, 0x00000005e2e00000|
| 206|0x00000005e3000000, 0x00000005e3000000, 0x00000005e3200000|  0%| F|  |TS  0|AC  0|TAMS 0x00000005e3000000, 0x00000005e3000000|
| 207|0x00000005e3200000, 0x00000005e3200000, 0x00000005e3400000|  0%| F|  |TS  0|AC  0|TAMS 0x00000005e3200000, 0x00000005e3200000|
| 208|0x00000005e3400000, 0x00000005e3400000, 0x00000005e3600000|  0%| F|  |TS  0|AC  0|TAMS 0x00000005e3400000, 0x00000005e3400000|
| 209|0x00000005e3600000, 0x00000005e3600000, 0x00000005e3800000|  0%| F|  |TS  0|AC  0|TAMS 0x00000005e3600000, 0x00000005e3600000|
| 210|0x00000005e3800000, 0x00000005e3800000, 0x00000005e3a00000|  0%| F|  |TS  0|AC  0|TAMS 0x00000005e3800000, 0x00000005e3800000|
| 211|0x00000005e3a00000, 0x00000005e3a00000, 0x00000005e3c00000|  0%| F|  |TS  0|AC  0|TAMS 0x00000005e3a00000, 0x00000005e3a00000|
| 212|0x00000005e3c00000, 0x00000005e3c00000, 0x00000005e3e00000|  0%| F|  |TS  0|AC  0|TAMS 0x00000005e3c00000, 0x00000005e3c00000|
| 213|0x00000005e3e00000, 0x00000005e3e00000, 0x00000005e4000000|  0%| F|  |TS  0|AC  0|TAMS 0x00000005e3e00000, 0x00000005e3e00000|
| 214|0x00000005e4000000, 0x00000005e4000000, 0x00000005e4200000|  0%| F|  |TS  0|AC  0|TAMS 0x00000005e4000000, 0x00000005e4000000|
| 215|0x00000005e4200000, 0x00000005e4200000, 0x00000005e4400000|  0%| F|  |TS  0|AC  0|TAMS 0x00000005e4200000, 0x00000005e4200000|
| 216|0x00000005e4400000, 0x00000005e4400000, 0x00000005e4600000|  0%| F|  |TS  0|AC  0|TAMS 0x00000005e4400000, 0x00000005e4400000|
| 217|0x00000005e4600000, 0x00000005e4600000, 0x00000005e4800000|  0%| F|  |TS  0|AC  0|TAMS 0x00000005e4600000, 0x00000005e4600000|
| 218|0x00000005e4800000, 0x00000005e4800000, 0x00000005e4a00000|  0%| F|  |TS  0|AC  0|TAMS 0x00000005e4800000, 0x00000005e4800000|
| 219|0x00000005e4a00000, 0x00000005e4a00000, 0x00000005e4c00000|  0%| F|  |TS  0|AC  0|TAMS 0x00000005e4a00000, 0x00000005e4a00000|
| 220|0x00000005e4c00000, 0x00000005e4c00000, 0x00000005e4e00000|  0%| F|  |TS  0|AC  0|TAMS 0x00000005e4c00000, 0x00000005e4c00000|
| 221|0x00000005e4e00000, 0x00000005e4e00000, 0x00000005e5000000|  0%| F|  |TS  0|AC  0|TAMS 0x00000005e4e00000, 0x00000005e4e00000|
| 222|0x00000005e5000000, 0x00000005e5000000, 0x00000005e5200000|  0%| F|  |TS  0|AC  0|TAMS 0x00000005e5000000, 0x00000005e5000000|
| 223|0x00000005e5200000, 0x00000005e5200000, 0x00000005e5400000|  0%| F|  |TS  0|AC  0|TAMS 0x00000005e5200000, 0x00000005e5200000|
| 224|0x00000005e5400000, 0x00000005e5400000, 0x00000005e5600000|  0%| F|  |TS  0|AC  0|TAMS 0x00000005e5400000, 0x00000005e5400000|
| 225|0x00000005e5600000, 0x00000005e5600000, 0x00000005e5800000|  0%| F|  |TS  0|AC  0|TAMS 0x00000005e5600000, 0x00000005e5600000|
| 226|0x00000005e5800000, 0x00000005e5800000, 0x00000005e5a00000|  0%| F|  |TS  0|AC  0|TAMS 0x00000005e5800000, 0x00000005e5800000|
| 227|0x00000005e5a00000, 0x00000005e5a00000, 0x00000005e5c00000|  0%| F|  |TS  0|AC  0|TAMS 0x00000005e5a00000, 0x00000005e5a00000|
| 228|0x00000005e5c00000, 0x00000005e5c00000, 0x00000005e5e00000|  0%| F|  |TS  0|AC  0|TAMS 0x00000005e5c00000, 0x00000005e5c00000|
| 229|0x00000005e5e00000, 0x00000005e5e00000, 0x00000005e6000000|  0%| F|  |TS  0|AC  0|TAMS 0x00000005e5e00000, 0x00000005e5e00000|
| 230|0x00000005e6000000, 0x00000005e6000000, 0x00000005e6200000|  0%| F|  |TS  0|AC  0|TAMS 0x00000005e6000000, 0x00000005e6000000|
| 231|0x00000005e6200000, 0x00000005e6200000, 0x00000005e6400000|  0%| F|  |TS  0|AC  0|TAMS 0x00000005e6200000, 0x00000005e6200000|
| 232|0x00000005e6400000, 0x00000005e6400000, 0x00000005e6600000|  0%| F|  |TS  0|AC  0|TAMS 0x00000005e6400000, 0x00000005e6400000|
| 233|0x00000005e6600000, 0x00000005e6600000, 0x00000005e6800000|  0%| F|  |TS  0|AC  0|TAMS 0x00000005e6600000, 0x00000005e6600000|
| 234|0x00000005e6800000, 0x00000005e6800000, 0x00000005e6a00000|  0%| F|  |TS  0|AC  0|TAMS 0x00000005e6800000, 0x00000005e6800000|
| 235|0x00000005e6a00000, 0x00000005e6a00000, 0x00000005e6c00000|  0%| F|  |TS  0|AC  0|TAMS 0x00000005e6a00000, 0x00000005e6a00000|
| 236|0x00000005e6c00000, 0x00000005e6c00000, 0x00000005e6e00000|  0%| F|  |TS  0|AC  0|TAMS 0x00000005e6c00000, 0x00000005e6c00000|
| 237|0x00000005e6e00000, 0x00000005e6e00000, 0x00000005e7000000|  0%| F|  |TS  0|AC  0|TAMS 0x00000005e6e00000, 0x00000005e6e00000|
| 238|0x00000005e7000000, 0x00000005e7000000, 0x00000005e7200000|  0%| F|  |TS  0|AC  0|TAMS 0x00000005e7000000, 0x00000005e7000000|
| 239|0x00000005e7200000, 0x00000005e7200000, 0x00000005e7400000|  0%| F|  |TS  0|AC  0|TAMS 0x00000005e7200000, 0x00000005e7200000|
| 240|0x00000005e7400000, 0x00000005e7400000, 0x00000005e7600000|  0%| F|  |TS  0|AC  0|TAMS 0x00000005e7400000, 0x00000005e7400000|
| 241|0x00000005e7600000, 0x00000005e7600000, 0x00000005e7800000|  0%| F|  |TS  0|AC  0|TAMS 0x00000005e7600000, 0x00000005e7600000|
| 242|0x00000005e7800000, 0x00000005e7800000, 0x00000005e7a00000|  0%| F|  |TS  0|AC  0|TAMS 0x00000005e7800000, 0x00000005e7800000|
| 243|0x00000005e7a00000, 0x00000005e7a00000, 0x00000005e7c00000|  0%| F|  |TS  0|AC  0|TAMS 0x00000005e7a00000, 0x00000005e7a00000|
| 244|0x00000005e7c00000, 0x00000005e7c7b6f8, 0x00000005e7e00000| 24%| E|  |TS  0|AC  0|TAMS 0x00000005e7c00000, 0x00000005e7c00000|
| 245|0x00000005e7e00000, 0x00000005e8000000, 0x00000005e8000000|100%| E|CS|TS  0|AC  0|TAMS 0x00000005e7e00000, 0x00000005e7e00000|
| 246|0x00000005e8000000, 0x00000005e8200000, 0x00000005e8200000|100%| E|CS|TS  0|AC  0|TAMS 0x00000005e8000000, 0x00000005e8000000|
| 247|0x00000005e8200000, 0x00000005e8400000, 0x00000005e8400000|100%| E|CS|TS  0|AC  0|TAMS 0x00000005e8200000, 0x00000005e8200000|
| 248|0x00000005e8400000, 0x00000005e8600000, 0x00000005e8600000|100%| E|CS|TS  0|AC  0|TAMS 0x00000005e8400000, 0x00000005e8400000|
| 249|0x00000005e8600000, 0x00000005e8800000, 0x00000005e8800000|100%| E|CS|TS  0|AC  0|TAMS 0x00000005e8600000, 0x00000005e8600000|
| 250|0x00000005e8800000, 0x00000005e8a00000, 0x00000005e8a00000|100%| E|CS|TS  0|AC  0|TAMS 0x00000005e8800000, 0x00000005e8800000|
| 251|0x00000005e8a00000, 0x00000005e8c00000, 0x00000005e8c00000|100%| E|CS|TS  0|AC  0|TAMS 0x00000005e8a00000, 0x00000005e8a00000|

Card table byte_map: [0x00007f188b04a000,0x00007f188c000000] byte_map_base: 0x00007f1888200000

Marking Bits (Prev, Next): (CMBitMap*) 0x00007f191807d800, (CMBitMap*) 0x00007f191807d838
 Prev Bits: [0x00007f18822e4000, 0x00007f188a094000)
 Next Bits: [0x00007f187a534000, 0x00007f18822e4000)

Polling page: 0x00007f191ee34000

CodeHeap 'non-profiled nmethods': size=119172Kb used=273Kb max_used=273Kb free=118898Kb
 bounds [0x00007f190458c000, 0x00007f19047fc000, 0x00007f190b9ed000]
CodeHeap 'profiled nmethods': size=119172Kb used=1834Kb max_used=1834Kb free=117337Kb
 bounds [0x00007f18fd12b000, 0x00007f18fd39b000, 0x00007f190458c000]
CodeHeap 'non-nmethods': size=7416Kb used=2880Kb max_used=2897Kb free=4535Kb
 bounds [0x00007f18fc9ed000, 0x00007f18fcccd000, 0x00007f18fd12b000]
 total_blobs=1452 nmethods=970 adapters=258
 compilation: enabled

Compilation events (10 events):
Event: 0.310 Thread 0x00007f19182c7000 nmethod 968 0x00007f19045ca090 code [0x00007f19045ca240, 0x00007f19045ca330]
Event: 0.310 Thread 0x00007f19182c5000 nmethod 969 0x00007f19045ca410 code [0x00007f19045ca5c0, 0x00007f19045ca6b0]
Event: 0.311 Thread 0x00007f19182b3000 nmethod 918 0x00007f19045ca790 code [0x00007f19045ca9a0, 0x00007f19045cbae8]
Event: 0.311 Thread 0x00007f19182c7000  971       3       java.nio.charset.Charset::lookup (44 bytes)
Event: 0.311 Thread 0x00007f19182c7000 nmethod 971 0x00007f18fd2f2b10 code [0x00007f18fd2f2d00, 0x00007f18fd2f3208]
Event: 0.311 Thread 0x00007f19182c3000 nmethod 965 0x00007f18fd2f3410 code [0x00007f18fd2f3760, 0x00007f18fd2f51b8]
Event: 0.311 Thread 0x00007f19182ad000 nmethod 970 0x00007f19045cc190 code [0x00007f19045cc340, 0x00007f19045cc4c8]
Event: 0.313 Thread 0x00007f19182bf000 nmethod 962 0x00007f19045cc610 code [0x00007f19045cc7c0, 0x00007f19045cccb8]
Event: 0.328 Thread 0x00007f19182bd000 nmethod 957 0x00007f19045ccf90 code [0x00007f19045cd1a0, 0x00007f19045cde68]
Event: 0.332 Thread 0x00007f19182ab000 nmethod 964 0x00007f19045ce510 code [0x00007f19045ce780, 0x00007f19045cfd28]

GC Heap History (0 events):
No events

Deoptimization events (2 events):
Event: 0.251 Thread 0x00007f1918015800 Uncommon trap: reason=class_check action=maybe_recompile pc=0x00007f19045bac98 method=java.util.HashMap.getNode(ILjava/lang/Object;)Ljava/util/HashMap$Node; @ 126 c2
Event: 0.252 Thread 0x00007f1918015800 Uncommon trap: reason=unstable_if action=reinterpret pc=0x00007f19045bac58 method=java.util.HashMap.getNode(ILjava/lang/Object;)Ljava/util/HashMap$Node; @ 62 c2

Classes redefined (4 events):
Event: 136.993 Thread 0x00007f191827f800 redefined class name=CoinsOnAClock, count=1
Event: 211.209 Thread 0x00007f191827f800 redefined class name=CoinsOnAClock, count=2
Event: 276.400 Thread 0x00007f191827f800 redefined class name=CoinsOnAClock, count=3
Event: 459.397 Thread 0x00007f191827f800 redefined class name=CoinsOnAClock, count=4

Internal exceptions (10 events):
Event: 0.227 Thread 0x00007f1918015800 Exception <a 'java/lang/NoSuchMethodError'{0x00000005e802e838}: java.lang.invoke.DirectMethodHandle$Holder.invokeStaticInit(Ljava/lang/Object;Ljava/lang/Object;)I> (0x00000005e802e838) thrown at [/scratch/opt/mach5/mesos/work_dir/slaves/5af44a71-976a-41b7
Event: 0.238 Thread 0x00007f1918015800 Exception <a 'java/lang/NoSuchMethodError'{0x00000005e8094d20}: java.lang.Object.lambda$andThen$1(Ljava/util/function/Function;Ljava/lang/Object;)Ljava/lang/Object;> (0x00000005e8094d20) thrown at [/scratch/opt/mach5/mesos/work_dir/slaves/5af44a71-976a-41
Event: 0.238 Thread 0x00007f1918015800 Exception <a 'java/lang/NoSuchMethodError'{0x00000005e8098a90}: java.lang.invoke.DirectMethodHandle$Holder.invokeSpecial(Ljava/lang/Object;Ljava/lang/Object;Ljava/lang/Object;Ljava/lang/Object;)V> (0x00000005e8098a90) thrown at [/scratch/opt/mach5/mesos/w
Event: 0.243 Thread 0x00007f1918015800 Exception <a 'java/lang/NoSuchMethodError'{0x00000005e80cce08}: java.lang.Object.of([Ljava/lang/Object;)Ljava/util/stream/Stream;> (0x00000005e80cce08) thrown at [/scratch/opt/mach5/mesos/work_dir/slaves/5af44a71-976a-41b7-81de-5773b84ec572-S39643/framewo
Event: 0.261 Thread 0x00007f1918015800 Exception <a 'java/lang/NoSuchMethodError'{0x00000005e81982a8}: java.lang.invoke.DirectMethodHandle$Holder.invokeInterface(Ljava/lang/Object;Ljava/lang/Object;)V> (0x00000005e81982a8) thrown at [/scratch/opt/mach5/mesos/work_dir/slaves/5af44a71-976a-41b7-
Event: 0.261 Thread 0x00007f1918015800 Exception <a 'java/lang/IncompatibleClassChangeError'{0x00000005e819aeb0}: Found class java.lang.Object, but interface was expected> (0x00000005e819aeb0) thrown at [/scratch/opt/mach5/mesos/work_dir/slaves/5af44a71-976a-41b7-81de-5773b84ec572-S39643/frame
Event: 0.262 Thread 0x00007f1918015800 Exception <a 'java/lang/NoSuchMethodError'{0x00000005e819f740}: java.lang.Object.lambda$accept$0(Lorg/junit/platform/engine/TestDescriptor$Visitor;Lorg/junit/platform/engine/TestDescriptor;)V> (0x00000005e819f740) thrown at [/scratch/opt/mach5/mesos/work_
Event: 0.262 Thread 0x00007f1918015800 Exception <a 'java/lang/NoSuchMethodError'{0x00000005e81a63b0}: java.lang.Object.containsTests(Lorg/junit/platform/engine/TestDescriptor;)Z> (0x00000005e81a63b0) thrown at [/scratch/opt/mach5/mesos/work_dir/slaves/5af44a71-976a-41b7-81de-5773b84ec572-S396
Event: 0.291 Thread 0x00007f1918015800 Exception <a 'java/lang/NoSuchMethodError'{0x00000005e7f21048}: method resolution failed> (0x00000005e7f21048) thrown at [/scratch/opt/mach5/mesos/work_dir/slaves/5af44a71-976a-41b7-81de-5773b84ec572-S39643/frameworks/1735e8a2-a1db-478c-8104-60c8b0af87dd-
Event: 0.306 Thread 0x00007f1918015800 Exception <a 'java/lang/NoSuchMethodError'{0x00000005e7fdca28}: java.lang.invoke.DirectMethodHandle$Holder.invokeInterface(Ljava/lang/Object;Ljava/lang/Object;Ljava/lang/Object;)V> (0x00000005e7fdca28) thrown at [/scratch/opt/mach5/mesos/work_dir/slaves/5

Events (10 events):
Event: 459.470 Executing VM operation: GetFrameLocation done
Event: 459.472 Executing VM operation: GetFrameCount
Event: 459.472 Executing VM operation: GetFrameCount done
Event: 459.472 Executing VM operation: GetFrameLocation
Event: 459.472 Executing VM operation: GetFrameLocation done
Event: 459.472 Executing VM operation: GetFrameLocation
Event: 459.472 Executing VM operation: GetFrameLocation done
Event: 459.472 Executing VM operation: GetOrSetLocal
Event: 459.472 Executing VM operation: GetOrSetLocal done
Event: 459.476 Executing VM operation: GetOrSetLocal


Dynamic libraries:
00400000-00401000 r-xp 00000000 fc:01 33554464                           /usr/lib/jvm/java-9-oracle/bin/java
00600000-00601000 rw-p 00000000 fc:01 33554464                           /usr/lib/jvm/java-9-oracle/bin/java
01b94000-01bb5000 rw-p 00000000 00:00 0                                  [heap]
5c9400000-5e8c00000 rw-p 00000000 00:00 0 
5e8c00000-7c0000000 ---p 00000000 00:00 0 
7c0000000-7c0120000 rw-p 00000000 00:00 0 
7c0120000-800000000 ---p 00000000 00:00 0 
7f1808000000-7f1808021000 rw-p 00000000 00:00 0 
7f1808021000-7f180c000000 ---p 00000000 00:00 0 
7f180c000000-7f180c021000 rw-p 00000000 00:00 0 
7f180c021000-7f1810000000 ---p 00000000 00:00 0 
7f1810000000-7f1810027000 rw-p 00000000 00:00 0 
7f1810027000-7f1814000000 ---p 00000000 00:00 0 
7f1814000000-7f1814021000 rw-p 00000000 00:00 0 
7f1814021000-7f1818000000 ---p 00000000 00:00 0 
7f1818000000-7f1818021000 rw-p 00000000 00:00 0 
7f1818021000-7f181c000000 ---p 00000000 00:00 0 
7f181c000000-7f181c025000 rw-p 00000000 00:00 0 
7f181c025000-7f1820000000 ---p 00000000 00:00 0 
7f1820000000-7f1820104000 rw-p 00000000 00:00 0 
7f1820104000-7f1824000000 ---p 00000000 00:00 0 
7f1824000000-7f1824021000 rw-p 00000000 00:00 0 
7f1824021000-7f1828000000 ---p 00000000 00:00 0 
7f1828000000-7f1828196000 rw-p 00000000 00:00 0 
7f1828196000-7f182c000000 ---p 00000000 00:00 0 
7f182c000000-7f182c0cc000 rw-p 00000000 00:00 0 
7f182c0cc000-7f1830000000 ---p 00000000 00:00 0 
7f1830000000-7f1830032000 rw-p 00000000 00:00 0 
7f1830032000-7f1834000000 ---p 00000000 00:00 0 
7f1834000000-7f18340fb000 rw-p 00000000 00:00 0 
7f18340fb000-7f1838000000 ---p 00000000 00:00 0 
7f1838000000-7f18380b5000 rw-p 00000000 00:00 0 
7f18380b5000-7f183c000000 ---p 00000000 00:00 0 
7f183c000000-7f183c02f000 rw-p 00000000 00:00 0 
7f183c02f000-7f1840000000 ---p 00000000 00:00 0 
7f1840000000-7f184010d000 rw-p 00000000 00:00 0 
7f184010d000-7f1844000000 ---p 00000000 00:00 0 
7f1844000000-7f1844136000 rw-p 00000000 00:00 0 
7f1844136000-7f1848000000 ---p 00000000 00:00 0 
7f1848000000-7f1848051000 rw-p 00000000 00:00 0 
7f1848051000-7f184c000000 ---p 00000000 00:00 0 
7f184c000000-7f184c143000 rw-p 00000000 00:00 0 
7f184c143000-7f1850000000 ---p 00000000 00:00 0 
7f1850000000-7f1850021000 rw-p 00000000 00:00 0 
7f1850021000-7f1854000000 ---p 00000000 00:00 0 
7f1854000000-7f18541a9000 rw-p 00000000 00:00 0 
7f18541a9000-7f1858000000 ---p 00000000 00:00 0 
7f1858000000-7f1858021000 rw-p 00000000 00:00 0 
7f1858021000-7f185c000000 ---p 00000000 00:00 0 
7f185c000000-7f185c021000 rw-p 00000000 00:00 0 
7f185c021000-7f1860000000 ---p 00000000 00:00 0 
7f1860000000-7f186006f000 rw-p 00000000 00:00 0 
7f186006f000-7f1864000000 ---p 00000000 00:00 0 
7f1864000000-7f1864021000 rw-p 00000000 00:00 0 
7f1864021000-7f1868000000 ---p 00000000 00:00 0 
7f1868799000-7f1868bc7000 rw-p 00000000 00:00 0 
7f1868bc7000-7f1868cc7000 ---p 00000000 00:00 0 
7f1868cc7000-7f1868cc8000 ---p 00000000 00:00 0 
7f1868cc8000-7f1868dc8000 rw-p 00000000 00:00 0 
7f1868dc8000-7f1868dcc000 ---p 00000000 00:00 0 
7f1868dcc000-7f1868ec9000 rw-p 00000000 00:00 0 
7f1868ec9000-7f1868ecd000 ---p 00000000 00:00 0 
7f1868ecd000-7f1868fca000 rw-p 00000000 00:00 0 
7f1868fca000-7f1868fce000 ---p 00000000 00:00 0 
7f1868fce000-7f18690cb000 rw-p 00000000 00:00 0 
7f18690cb000-7f18690cf000 ---p 00000000 00:00 0 
7f18690cf000-7f18691cc000 rw-p 00000000 00:00 0 
7f18691cc000-7f18691d0000 r-xp 00000000 fc:01 33948056                   /usr/lib/jvm/java-9-oracle/lib/libdt_socket.so
7f18691d0000-7f18693cf000 ---p 00004000 fc:01 33948056                   /usr/lib/jvm/java-9-oracle/lib/libdt_socket.so
7f18693cf000-7f18693d0000 rw-p 00003000 fc:01 33948056                   /usr/lib/jvm/java-9-oracle/lib/libdt_socket.so
7f18693d0000-7f18693d4000 ---p 00000000 00:00 0 
7f18693d4000-7f18694d1000 rw-p 00000000 00:00 0 
7f18694d1000-7f18694e7000 r-xp 00000000 fc:01 33947876                   /usr/lib/jvm/java-9-oracle/lib/libnet.so
7f18694e7000-7f18696e7000 ---p 00016000 fc:01 33947876                   /usr/lib/jvm/java-9-oracle/lib/libnet.so
7f18696e7000-7f18696e8000 rw-p 00016000 fc:01 33947876                   /usr/lib/jvm/java-9-oracle/lib/libnet.so
7f18696e8000-7f18696f8000 r-xp 00000000 fc:01 33948058                   /usr/lib/jvm/java-9-oracle/lib/libnio.so
7f18696f8000-7f18698f8000 ---p 00010000 fc:01 33948058                   /usr/lib/jvm/java-9-oracle/lib/libnio.so
7f18698f8000-7f18698f9000 rw-p 00010000 fc:01 33948058                   /usr/lib/jvm/java-9-oracle/lib/libnio.so
7f18698f9000-7f18698fd000 ---p 00000000 00:00 0 
7f18698fd000-7f18699fa000 rw-p 00000000 00:00 0 
7f18699fa000-7f18699fe000 ---p 00000000 00:00 0 
7f18699fe000-7f1869afb000 rw-p 00000000 00:00 0 
7f1869afb000-7f1869aff000 ---p 00000000 00:00 0 
7f1869aff000-7f1869bfc000 rw-p 00000000 00:00 0 
7f1869bfc000-7f1869c00000 ---p 00000000 00:00 0 
7f1869c00000-7f1869cfd000 rw-p 00000000 00:00 0 
7f1869cfd000-7f1869d01000 ---p 00000000 00:00 0 
7f1869d01000-7f1869dfe000 rw-p 00000000 00:00 0 
7f1869dfe000-7f1869e02000 ---p 00000000 00:00 0 
7f1869e02000-7f1869eff000 rw-p 00000000 00:00 0 
7f1869eff000-7f1869f03000 ---p 00000000 00:00 0 
7f1869f03000-7f186a000000 rw-p 00000000 00:00 0 
7f186a000000-7f186c000000 rwxp 00000000 00:00 0 
7f186c000000-7f186c021000 rw-p 00000000 00:00 0 
7f186c021000-7f1870000000 ---p 00000000 00:00 0 
7f1870000000-7f1870021000 rw-p 00000000 00:00 0 
7f1870021000-7f1874000000 ---p 00000000 00:00 0 
7f1874000000-7f1874021000 rw-p 00000000 00:00 0 
7f1874021000-7f1878000000 ---p 00000000 00:00 0 
7f1878022000-7f1878026000 ---p 00000000 00:00 0 
7f1878026000-7f1878123000 rw-p 00000000 00:00 0 
7f1878123000-7f1878127000 ---p 00000000 00:00 0 
7f1878127000-7f1878224000 rw-p 00000000 00:00 0 
7f1878224000-7f1878228000 ---p 00000000 00:00 0 
7f1878228000-7f1878325000 rw-p 00000000 00:00 0 
7f1878325000-7f1878329000 ---p 00000000 00:00 0 
7f1878329000-7f1878426000 rw-p 00000000 00:00 0 
7f1878426000-7f187842a000 ---p 00000000 00:00 0 
7f187842a000-7f1878527000 rw-p 00000000 00:00 0 
7f1878527000-7f187852b000 ---p 00000000 00:00 0 
7f187852b000-7f1878628000 rw-p 00000000 00:00 0 
7f1878628000-7f187862c000 ---p 00000000 00:00 0 
7f187862c000-7f1878729000 rw-p 00000000 00:00 0 
7f1878729000-7f187872d000 ---p 00000000 00:00 0 
7f187872d000-7f187882a000 rw-p 00000000 00:00 0 
7f187882a000-7f187882e000 ---p 00000000 00:00 0 
7f187882e000-7f187892b000 rw-p 00000000 00:00 0 
7f187892b000-7f187892c000 ---p 00000000 00:00 0 
7f187892c000-7f187922c000 rw-p 00000000 00:00 0 
7f187922c000-7f1879f39000 rw-p 00000000 00:00 0 
7f1879f39000-7f1879f3a000 ---p 00000000 00:00 0 
7f1879f3a000-7f187a03a000 rw-p 00000000 00:00 0 
7f187a03a000-7f187a03b000 ---p 00000000 00:00 0 
7f187a03b000-7f187a13b000 rw-p 00000000 00:00 0 
7f187a13b000-7f187a13c000 ---p 00000000 00:00 0 
7f187a13c000-7f187a23c000 rw-p 00000000 00:00 0 
7f187a23c000-7f187a23d000 ---p 00000000 00:00 0 
7f187a23d000-7f187ad14000 rw-p 00000000 00:00 0 
7f187ad14000-7f18822e4000 ---p 00000000 00:00 0 
7f18822e4000-7f1882ac4000 rw-p 00000000 00:00 0 
7f1882ac4000-7f188a094000 ---p 00000000 00:00 0 
7f188a094000-7f188a190000 rw-p 00000000 00:00 0 
7f188a190000-7f188b04a000 ---p 00000000 00:00 0 
7f188b04a000-7f188b146000 rw-p 00000000 00:00 0 
7f188b146000-7f188c000000 ---p 00000000 00:00 0 
7f188c000000-7f188c021000 rw-p 00000000 00:00 0 
7f188c021000-7f1890000000 ---p 00000000 00:00 0 
7f1890000000-7f1890021000 rw-p 00000000 00:00 0 
7f1890021000-7f1894000000 ---p 00000000 00:00 0 
7f1894000000-7f1894021000 rw-p 00000000 00:00 0 
7f1894021000-7f1898000000 ---p 00000000 00:00 0 
7f1898000000-7f1898021000 rw-p 00000000 00:00 0 
7f1898021000-7f189c000000 ---p 00000000 00:00 0 
7f189c000000-7f189c021000 rw-p 00000000 00:00 0 
7f189c021000-7f18a0000000 ---p 00000000 00:00 0 
7f18a0000000-7f18a0021000 rw-p 00000000 00:00 0 
7f18a0021000-7f18a4000000 ---p 00000000 00:00 0 
7f18a4000000-7f18a4021000 rw-p 00000000 00:00 0 
7f18a4021000-7f18a8000000 ---p 00000000 00:00 0 
7f18a8000000-7f18a8021000 rw-p 00000000 00:00 0 
7f18a8021000-7f18ac000000 ---p 00000000 00:00 0 
7f18ac000000-7f18ac021000 rw-p 00000000 00:00 0 
7f18ac021000-7f18b0000000 ---p 00000000 00:00 0 
7f18b0000000-7f18b0021000 rw-p 00000000 00:00 0 
7f18b0021000-7f18b4000000 ---p 00000000 00:00 0 
7f18b4000000-7f18b4021000 rw-p 00000000 00:00 0 
7f18b4021000-7f18b8000000 ---p 00000000 00:00 0 
7f18b8000000-7f18b8021000 rw-p 00000000 00:00 0 
7f18b8021000-7f18bc000000 ---p 00000000 00:00 0 
7f18bc000000-7f18bc021000 rw-p 00000000 00:00 0 
7f18bc021000-7f18c0000000 ---p 00000000 00:00 0 
7f18c0000000-7f18c0021000 rw-p 00000000 00:00 0 
7f18c0021000-7f18c4000000 ---p 00000000 00:00 0 
7f18c4000000-7f18c4021000 rw-p 00000000 00:00 0 
7f18c4021000-7f18c8000000 ---p 00000000 00:00 0 
7f18c8000000-7f18c8021000 rw-p 00000000 00:00 0 
7f18c8021000-7f18cc000000 ---p 00000000 00:00 0 
7f18cc000000-7f18cc021000 rw-p 00000000 00:00 0 
7f18cc021000-7f18d0000000 ---p 00000000 00:00 0 
7f18d0000000-7f18d0021000 rw-p 00000000 00:00 0 
7f18d0021000-7f18d4000000 ---p 00000000 00:00 0 
7f18d4000000-7f18d4021000 rw-p 00000000 00:00 0 
7f18d4021000-7f18d8000000 ---p 00000000 00:00 0 
7f18d8000000-7f18d8021000 rw-p 00000000 00:00 0 
7f18d8021000-7f18dc000000 ---p 00000000 00:00 0 
7f18dc074000-7f18dd02a000 ---p 00000000 00:00 0 
7f18dd02a000-7f18dd126000 rw-p 00000000 00:00 0 
7f18dd126000-7f18ddfe0000 ---p 00000000 00:00 0 
7f18ddfe0000-7f18ddfe1000 ---p 00000000 00:00 0 
7f18ddfe1000-7f18de0e1000 rw-p 00000000 00:00 0 
7f18de0e1000-7f18de0e2000 ---p 00000000 00:00 0 
7f18de0e2000-7f18de1e2000 rw-p 00000000 00:00 0 
7f18de1e2000-7f18de1e3000 ---p 00000000 00:00 0 
7f18de1e3000-7f18de2e3000 rw-p 00000000 00:00 0 
7f18de2e3000-7f18de2e4000 ---p 00000000 00:00 0 
7f18de2e4000-7f18de3e4000 rw-p 00000000 00:00 0 
7f18de3e4000-7f18de3e5000 ---p 00000000 00:00 0 
7f18de3e5000-7f18de4e5000 rw-p 00000000 00:00 0 
7f18de4e5000-7f18de4e6000 ---p 00000000 00:00 0 
7f18de4e6000-7f18de5e6000 rw-p 00000000 00:00 0 
7f18de5e6000-7f18de5e7000 ---p 00000000 00:00 0 
7f18de5e7000-7f18de6e7000 rw-p 00000000 00:00 0 
7f18de6e7000-7f18de6e8000 ---p 00000000 00:00 0 
7f18de6e8000-7f18de7e8000 rw-p 00000000 00:00 0 
7f18de7e8000-7f18de7e9000 ---p 00000000 00:00 0 
7f18de7e9000-7f18de8e9000 rw-p 00000000 00:00 0 
7f18de8e9000-7f18de8ea000 ---p 00000000 00:00 0 
7f18de8ea000-7f18de9ea000 rw-p 00000000 00:00 0 
7f18de9ea000-7f18de9eb000 ---p 00000000 00:00 0 
7f18de9eb000-7f18deaeb000 rw-p 00000000 00:00 0 
7f18deaeb000-7f18deaec000 ---p 00000000 00:00 0 
7f18deaec000-7f18debec000 rw-p 00000000 00:00 0 
7f18debec000-7f18debed000 ---p 00000000 00:00 0 
7f18debed000-7f18deced000 rw-p 00000000 00:00 0 
7f18deced000-7f18decee000 ---p 00000000 00:00 0 
7f18decee000-7f18dfafb000 rw-p 00000000 00:00 0 
7f18dfafb000-7f18dfafc000 ---p 00000000 00:00 0 
7f18dfafc000-7f18dfbfc000 rw-p 00000000 00:00 0 
7f18dfbfc000-7f18dfbfd000 ---p 00000000 00:00 0 
7f18dfbfd000-7f18dfcfd000 rw-p 00000000 00:00 0 
7f18dfcfd000-7f18dfcfe000 ---p 00000000 00:00 0 
7f18dfcfe000-7f18dfdfe000 rw-p 00000000 00:00 0 
7f18dfdfe000-7f18dfdff000 ---p 00000000 00:00 0 
7f18dfdff000-7f18dfeff000 rw-p 00000000 00:00 0 
7f18dfeff000-7f18dff00000 ---p 00000000 00:00 0 
7f18dff00000-7f18e0000000 rw-p 00000000 00:00 0 
7f18e0000000-7f18e0021000 rw-p 00000000 00:00 0 
7f18e0021000-7f18e4000000 ---p 00000000 00:00 0 
7f18e4000000-7f18e4021000 rw-p 00000000 00:00 0 
7f18e4021000-7f18e8000000 ---p 00000000 00:00 0 
7f18e8000000-7f18e8021000 rw-p 00000000 00:00 0 
7f18e8021000-7f18ec000000 ---p 00000000 00:00 0 
7f18ec000000-7f18ec021000 rw-p 00000000 00:00 0 
7f18ec021000-7f18f0000000 ---p 00000000 00:00 0 
7f18f0000000-7f18f0021000 rw-p 00000000 00:00 0 
7f18f0021000-7f18f4000000 ---p 00000000 00:00 0 
7f18f4000000-7f18f4021000 rw-p 00000000 00:00 0 
7f18f4021000-7f18f8000000 ---p 00000000 00:00 0 
7f18f8000000-7f18f8021000 rw-p 00000000 00:00 0 
7f18f8021000-7f18fc000000 ---p 00000000 00:00 0 
7f18fc02b000-7f18fc0fc000 rw-p 00000000 00:00 0 
7f18fc0fc000-7f18fc0fd000 ---p 00000000 00:00 0 
7f18fc0fd000-7f18fc1fd000 rw-p 00000000 00:00 0 
7f18fc1fd000-7f18fc1fe000 ---p 00000000 00:00 0 
7f18fc1fe000-7f18fc2fe000 rw-p 00000000 00:00 0 
7f18fc2fe000-7f18fc2ff000 ---p 00000000 00:00 0 
7f18fc2ff000-7f18fc3ff000 rw-p 00000000 00:00 0 
7f18fc3ff000-7f18fc400000 ---p 00000000 00:00 0 
7f18fc400000-7f18fc500000 rw-p 00000000 00:00 0 
7f18fc500000-7f18fc501000 ---p 00000000 00:00 0 
7f18fc501000-7f18fc601000 rw-p 00000000 00:00 0 
7f18fc601000-7f18fc602000 ---p 00000000 00:00 0 
7f18fc602000-7f18fc702000 rw-p 00000000 00:00 0 
7f18fc702000-7f18fc703000 ---p 00000000 00:00 0 
7f18fc703000-7f18fc803000 rw-p 00000000 00:00 0 
7f18fc803000-7f18fc804000 ---p 00000000 00:00 0 
7f18fc804000-7f18fc909000 rw-p 00000000 00:00 0 
7f18fc909000-7f18fc9ed000 ---p 00000000 00:00 0 
7f18fc9ed000-7f18fcccd000 rwxp 00000000 00:00 0 
7f18fcccd000-7f18fd12b000 ---p 00000000 00:00 0 
7f18fd12b000-7f18fd39b000 rwxp 00000000 00:00 0 
7f18fd39b000-7f190458c000 ---p 00000000 00:00 0 
7f190458c000-7f19047fc000 rwxp 00000000 00:00 0 
7f19047fc000-7f190b9ed000 ---p 00000000 00:00 0 
7f190b9ed000-7f1916eaa000 r--s 00000000 fc:01 33948022                   /usr/lib/jvm/java-9-oracle/lib/modules
7f1916eaa000-7f1916ec4000 r-xp 00000000 fc:01 33947833                   /usr/lib/jvm/java-9-oracle/lib/libjimage.so
7f1916ec4000-7f19170c3000 ---p 0001a000 fc:01 33947833                   /usr/lib/jvm/java-9-oracle/lib/libjimage.so
7f19170c3000-7f19170c5000 rw-p 00019000 fc:01 33947833                   /usr/lib/jvm/java-9-oracle/lib/libjimage.so
7f19170c5000-7f19170d7000 rw-p 00000000 00:00 0 
7f19170d7000-7f19170de000 r-xp 00000000 fc:01 33948735                   /usr/lib/jvm/java-9-oracle/lib/libzip.so
7f19170de000-7f19172dd000 ---p 00007000 fc:01 33948735                   /usr/lib/jvm/java-9-oracle/lib/libzip.so
7f19172dd000-7f19172de000 rw-p 00006000 fc:01 33948735                   /usr/lib/jvm/java-9-oracle/lib/libzip.so
7f19172de000-7f19172e9000 r-xp 00000000 fc:01 58986957                   /lib/x86_64-linux-gnu/libnss_files-2.23.so
7f19172e9000-7f19174e8000 ---p 0000b000 fc:01 58986957                   /lib/x86_64-linux-gnu/libnss_files-2.23.so
7f19174e8000-7f19174e9000 r--p 0000a000 fc:01 58986957                   /lib/x86_64-linux-gnu/libnss_files-2.23.so
7f19174e9000-7f19174ea000 rw-p 0000b000 fc:01 58986957                   /lib/x86_64-linux-gnu/libnss_files-2.23.so
7f19174ea000-7f19174f0000 rw-p 00000000 00:00 0 
7f19174f0000-7f19174fb000 r-xp 00000000 fc:01 58986965                   /lib/x86_64-linux-gnu/libnss_nis-2.23.so
7f19174fb000-7f19176fa000 ---p 0000b000 fc:01 58986965                   /lib/x86_64-linux-gnu/libnss_nis-2.23.so
7f19176fa000-7f19176fb000 r--p 0000a000 fc:01 58986965                   /lib/x86_64-linux-gnu/libnss_nis-2.23.so
7f19176fb000-7f19176fc000 rw-p 0000b000 fc:01 58986965                   /lib/x86_64-linux-gnu/libnss_nis-2.23.so
7f19176fc000-7f1917712000 r-xp 00000000 fc:01 58986925                   /lib/x86_64-linux-gnu/libnsl-2.23.so
7f1917712000-7f1917911000 ---p 00016000 fc:01 58986925                   /lib/x86_64-linux-gnu/libnsl-2.23.so
7f1917911000-7f1917912000 r--p 00015000 fc:01 58986925                   /lib/x86_64-linux-gnu/libnsl-2.23.so
7f1917912000-7f1917913000 rw-p 00016000 fc:01 58986925                   /lib/x86_64-linux-gnu/libnsl-2.23.so
7f1917913000-7f1917915000 rw-p 00000000 00:00 0 
7f1917915000-7f191791d000 r-xp 00000000 fc:01 58986947                   /lib/x86_64-linux-gnu/libnss_compat-2.23.so
7f191791d000-7f1917b1c000 ---p 00008000 fc:01 58986947                   /lib/x86_64-linux-gnu/libnss_compat-2.23.so
7f1917b1c000-7f1917b1d000 r--p 00007000 fc:01 58986947                   /lib/x86_64-linux-gnu/libnss_compat-2.23.so
7f1917b1d000-7f1917b1e000 rw-p 00008000 fc:01 58986947                   /lib/x86_64-linux-gnu/libnss_compat-2.23.so
7f1917b1e000-7f1917df6000 r--p 00000000 fc:01 30410227                   /usr/lib/locale/locale-archive
7f1917df6000-7f1917e00000 r-xp 00000000 fc:01 33947867                   /usr/lib/jvm/java-9-oracle/lib/libinstrument.so
7f1917e00000-7f1917fff000 ---p 0000a000 fc:01 33947867                   /usr/lib/jvm/java-9-oracle/lib/libinstrument.so
7f1917fff000-7f1918000000 rw-p 00009000 fc:01 33947867                   /usr/lib/jvm/java-9-oracle/lib/libinstrument.so
7f1918000000-7f191857e000 rw-p 00000000 00:00 0 
7f191857e000-7f191c000000 ---p 00000000 00:00 0 
7f191c007000-7f191c00c000 rw-p 00000000 00:00 0 
7f191c00c000-7f191c0f0000 ---p 00000000 00:00 0 
7f191c0f0000-7f191c12b000 r-xp 00000000 fc:01 33948043                   /usr/lib/jvm/java-9-oracle/lib/libjdwp.so
7f191c12b000-7f191c32a000 ---p 0003b000 fc:01 33948043                   /usr/lib/jvm/java-9-oracle/lib/libjdwp.so
7f191c32a000-7f191c32b000 rw-p 0003a000 fc:01 33948043                   /usr/lib/jvm/java-9-oracle/lib/libjdwp.so
7f191c32b000-7f191c32c000 rw-p 00000000 00:00 0 
7f191c32c000-7f191c357000 r-xp 00000000 fc:01 33947869                   /usr/lib/jvm/java-9-oracle/lib/libjava.so
7f191c357000-7f191c556000 ---p 0002b000 fc:01 33947869                   /usr/lib/jvm/java-9-oracle/lib/libjava.so
7f191c556000-7f191c558000 rw-p 0002a000 fc:01 33947869                   /usr/lib/jvm/java-9-oracle/lib/libjava.so
7f191c558000-7f191c565000 r-xp 00000000 fc:01 33947894                   /usr/lib/jvm/java-9-oracle/lib/libverify.so
7f191c565000-7f191c764000 ---p 0000d000 fc:01 33947894                   /usr/lib/jvm/java-9-oracle/lib/libverify.so
7f191c764000-7f191c766000 rw-p 0000c000 fc:01 33947894                   /usr/lib/jvm/java-9-oracle/lib/libverify.so
7f191c766000-7f191c76d000 r-xp 00000000 fc:01 58986967                   /lib/x86_64-linux-gnu/librt-2.23.so
7f191c76d000-7f191c96c000 ---p 00007000 fc:01 58986967                   /lib/x86_64-linux-gnu/librt-2.23.so
7f191c96c000-7f191c96d000 r--p 00006000 fc:01 58986967                   /lib/x86_64-linux-gnu/librt-2.23.so
7f191c96d000-7f191c96e000 rw-p 00007000 fc:01 58986967                   /lib/x86_64-linux-gnu/librt-2.23.so
7f191c96e000-7f191ca76000 r-xp 00000000 fc:01 58983080                   /lib/x86_64-linux-gnu/libm-2.23.so
7f191ca76000-7f191cc75000 ---p 00108000 fc:01 58983080                   /lib/x86_64-linux-gnu/libm-2.23.so
7f191cc75000-7f191cc76000 r--p 00107000 fc:01 58983080                   /lib/x86_64-linux-gnu/libm-2.23.so
7f191cc76000-7f191cc77000 rw-p 00108000 fc:01 58983080                   /lib/x86_64-linux-gnu/libm-2.23.so
7f191cc77000-7f191dc8c000 r-xp 00000000 fc:01 33948740                   /usr/lib/jvm/java-9-oracle/lib/server/libjvm.so
7f191dc8c000-7f191de8b000 ---p 01015000 fc:01 33948740                   /usr/lib/jvm/java-9-oracle/lib/server/libjvm.so
7f191de8b000-7f191df5c000 r--p 01014000 fc:01 33948740                   /usr/lib/jvm/java-9-oracle/lib/server/libjvm.so
7f191df5c000-7f191df93000 rw-p 010e5000 fc:01 33948740                   /usr/lib/jvm/java-9-oracle/lib/server/libjvm.so
7f191df93000-7f191dffc000 rw-p 00000000 00:00 0 
7f191dffc000-7f191e1bc000 r-xp 00000000 fc:01 58986931                   /lib/x86_64-linux-gnu/libc-2.23.so
7f191e1bc000-7f191e3bc000 ---p 001c0000 fc:01 58986931                   /lib/x86_64-linux-gnu/libc-2.23.so
7f191e3bc000-7f191e3c0000 r--p 001c0000 fc:01 58986931                   /lib/x86_64-linux-gnu/libc-2.23.so
7f191e3c0000-7f191e3c2000 rw-p 001c4000 fc:01 58986931                   /lib/x86_64-linux-gnu/libc-2.23.so
7f191e3c2000-7f191e3c6000 rw-p 00000000 00:00 0 
7f191e3c6000-7f191e3c9000 r-xp 00000000 fc:01 58986935                   /lib/x86_64-linux-gnu/libdl-2.23.so
7f191e3c9000-7f191e5c8000 ---p 00003000 fc:01 58986935                   /lib/x86_64-linux-gnu/libdl-2.23.so
7f191e5c8000-7f191e5c9000 r--p 00002000 fc:01 58986935                   /lib/x86_64-linux-gnu/libdl-2.23.so
7f191e5c9000-7f191e5ca000 rw-p 00003000 fc:01 58986935                   /lib/x86_64-linux-gnu/libdl-2.23.so
7f191e5ca000-7f191e5d8000 r-xp 00000000 fc:01 33948748                   /usr/lib/jvm/java-9-oracle/lib/jli/libjli.so
7f191e5d8000-7f191e7d8000 ---p 0000e000 fc:01 33948748                   /usr/lib/jvm/java-9-oracle/lib/jli/libjli.so
7f191e7d8000-7f191e7d9000 rw-p 0000e000 fc:01 33948748                   /usr/lib/jvm/java-9-oracle/lib/jli/libjli.so
7f191e7d9000-7f191e7f1000 r-xp 00000000 fc:01 58986929                   /lib/x86_64-linux-gnu/libpthread-2.23.so
7f191e7f1000-7f191e9f0000 ---p 00018000 fc:01 58986929                   /lib/x86_64-linux-gnu/libpthread-2.23.so
7f191e9f0000-7f191e9f1000 r--p 00017000 fc:01 58986929                   /lib/x86_64-linux-gnu/libpthread-2.23.so
7f191e9f1000-7f191e9f2000 rw-p 00018000 fc:01 58986929                   /lib/x86_64-linux-gnu/libpthread-2.23.so
7f191e9f2000-7f191e9f6000 rw-p 00000000 00:00 0 
7f191e9f6000-7f191ea0f000 r-xp 00000000 fc:01 58982464                   /lib/x86_64-linux-gnu/libz.so.1.2.8
7f191ea0f000-7f191ec0e000 ---p 00019000 fc:01 58982464                   /lib/x86_64-linux-gnu/libz.so.1.2.8
7f191ec0e000-7f191ec0f000 r--p 00018000 fc:01 58982464                   /lib/x86_64-linux-gnu/libz.so.1.2.8
7f191ec0f000-7f191ec10000 rw-p 00019000 fc:01 58982464                   /lib/x86_64-linux-gnu/libz.so.1.2.8
7f191ec10000-7f191ec36000 r-xp 00000000 fc:01 58986927                   /lib/x86_64-linux-gnu/ld-2.23.so
7f191ec41000-7f191ec48000 r--s 00000000 fc:01 30415625                   /usr/lib/x86_64-linux-gnu/gconv/gconv-modules.cache
7f191ec48000-7f191ed0d000 rw-p 00000000 00:00 0 
7f191ed0d000-7f191ed12000 ---p 00000000 00:00 0 
7f191ed12000-7f191ee13000 rw-p 00000000 00:00 0 
7f191ee19000-7f191ee20000 rw-p 00000000 00:00 0 
7f191ee20000-7f191ee29000 ---p 00000000 00:00 0 
7f191ee29000-7f191ee2b000 r--s 00001000 00:2a 1312039                    /home/nathan/Downloads/idea-IC-173.4548.28/lib/rt/debugger-agent-storage.jar
7f191ee2b000-7f191ee33000 rw-s 00000000 fc:01 19923001                   /tmp/hsperfdata_nathan/4290
7f191ee33000-7f191ee34000 rw-p 00000000 00:00 0 
7f191ee34000-7f191ee35000 ---p 00000000 00:00 0 
7f191ee35000-7f191ee36000 r--p 00025000 fc:01 58986927                   /lib/x86_64-linux-gnu/ld-2.23.so
7f191ee36000-7f191ee37000 rw-p 00026000 fc:01 58986927                   /lib/x86_64-linux-gnu/ld-2.23.so
7f191ee37000-7f191ee38000 rw-p 00000000 00:00 0 
7fffb5485000-7fffb54a7000 rw-p 00000000 00:00 0                          [stack]
7fffb54ef000-7fffb54f2000 r--p 00000000 00:00 0                          [vvar]
7fffb54f2000-7fffb54f4000 r-xp 00000000 00:00 0                          [vdso]
ffffffffff600000-ffffffffff601000 r-xp 00000000 00:00 0                  [vsyscall]

VM Arguments:
jvm_args: -agentlib:jdwp=transport=dt_socket,address=127.0.0.1:44460,suspend=y,server=n -ea -Didea.test.cyclic.buffer.size=1048576 -javaagent:/home/nathan/Downloads/idea-IC-173.4548.28/lib/rt/debugger-agent.jar=/tmp/capture.props -Dfile.encoding=UTF-8 
java_command: com.intellij.rt.execution.junit.JUnitStarter -ideVersion5 -junit5 CoinsOnAClockTest
java_class_path (initial): /home/nathan/Downloads/idea-IC-173.4548.28/lib/idea_rt.jar:/home/nathan/Downloads/idea-IC-173.4548.28/plugins/junit/lib/junit-rt.jar:/home/nathan/Downloads/idea-IC-173.4548.28/plugins/junit/lib/junit5-rt.jar:/home/nathan/.m2/repository/org/junit/platform/junit-platform-launcher/1.0.0/junit-platform-launcher-1.0.0.jar:/home/nathan/.m2/repository/org/apiguardian/apiguardian-api/1.0.0/apiguardian-api-1.0.0.jar:/home/nathan/.m2/repository/org/junit/platform/junit-platform-engine/1.0.0/junit-platform-engine-1.0.0.jar:/home/nathan/.m2/repository/org/junit/platform/junit-platform-commons/1.0.0/junit-platform-commons-1.0.0.jar:/home/nathan/.m2/repository/org/opentest4j/opentest4j/1.0.0/opentest4j-1.0.0.jar:/home/nathan/.m2/repository/org/junit/jupiter/junit-jupiter-engine/5.0.0/junit-jupiter-engine-5.0.0.jar:/home/nathan/.m2/repository/org/junit/jupiter/junit-jupiter-api/5.0.0/junit-jupiter-api-5.0.0.jar:/home/nathan/git/DSA-18/graphs/day01/out/test/day01:/home/nathan/git/DSA-18/graphs/day01/out/production/day01
Launcher Type: SUN_STANDARD

Logging:
Log output configuration:
#0: stdout all=warning uptime,level,tags
#1: stderr all=off uptime,level,tags

Environment Variables:
JAVA_HOME=/usr/lib/jvm/java-9-oracle
PATH=/home/nathan/bin:/home/nathan/.local/bin:/home/nathan/anaconda3/bin:/home/nathan/anaconda3/bin:/home/nathan/bin:/home/nathan/.local/bin:/usr/local/sbin:/usr/local/bin:/usr/sbin:/usr/bin:/sbin:/bin:/usr/games:/usr/local/games:/usr/lib/jvm/java-9-oracle/bin:/usr/lib/jvm/java-9-oracle/db/bin:/usr/lib/jvm/java-9-oracle/bin:/usr/lib/jvm/java-9-oracle/db/bin
SHELL=/bin/bash
DISPLAY=:0

Signal Handlers:
SIGSEGV: [libjvm.so+0xd4d370], sa_mask[0]=11111111011111111101111111111110, sa_flags=SA_RESTART|SA_SIGINFO
SIGBUS: [libjvm.so+0xd4d370], sa_mask[0]=11111111011111111101111111111110, sa_flags=SA_RESTART|SA_SIGINFO
SIGFPE: [libjvm.so+0xd4d370], sa_mask[0]=11111111011111111101111111111110, sa_flags=SA_RESTART|SA_SIGINFO
SIGPIPE: [libjvm.so+0xb64780], sa_mask[0]=11111111011111111101111111111110, sa_flags=SA_RESTART|SA_SIGINFO
SIGXFSZ: [libjvm.so+0xb64780], sa_mask[0]=11111111011111111101111111111110, sa_flags=SA_RESTART|SA_SIGINFO
SIGILL: [libjvm.so+0xd4d370], sa_mask[0]=11111111011111111101111111111110, sa_flags=SA_RESTART|SA_SIGINFO
SIGUSR2: [libjvm.so+0xb64640], sa_mask[0]=00100000000000000000000000000000, sa_flags=SA_RESTART|SA_SIGINFO
SIGHUP: [libjvm.so+0xb64850], sa_mask[0]=11111111011111111101111111111110, sa_flags=SA_RESTART|SA_SIGINFO
SIGINT: [libjvm.so+0xb64850], sa_mask[0]=11111111011111111101111111111110, sa_flags=SA_RESTART|SA_SIGINFO
SIGTERM: [libjvm.so+0xb64850], sa_mask[0]=11111111011111111101111111111110, sa_flags=SA_RESTART|SA_SIGINFO
SIGQUIT: [libjvm.so+0xb64850], sa_mask[0]=11111111011111111101111111111110, sa_flags=SA_RESTART|SA_SIGINFO


---------------  S Y S T E M  ---------------

OS:DISTRIB_ID=Ubuntu
DISTRIB_RELEASE=16.04
DISTRIB_CODENAME=xenial
DISTRIB_DESCRIPTION="Ubuntu 16.04.4 LTS"
uname:Linux 4.4.0-116-generic #140-Ubuntu SMP Mon Feb 12 21:23:04 UTC 2018 x86_64
libc:glibc 2.23 NPTL 2.23 
rlimit: STACK 8192k, CORE 0k, NPROC 128242, NOFILE 1048576, AS infinity
load average:1.31 0.85 0.68

/proc/meminfo:
MemTotal:       32943436 kB
MemFree:         2646384 kB
MemAvailable:   18356300 kB
Buffers:          512344 kB
Cached:         14971120 kB
SwapCached:            0 kB
Active:         17709792 kB
Inactive:       10993128 kB
Active(anon):   13087104 kB
Inactive(anon):   349624 kB
Active(file):    4622688 kB
Inactive(file): 10643504 kB
Unevictable:          32 kB
Mlocked:              32 kB
SwapTotal:       8236540 kB
SwapFree:        8236540 kB
Dirty:              4568 kB
Writeback:             0 kB
AnonPages:      13220092 kB
Mapped:           945276 kB
Shmem:            217156 kB
Slab:            1124520 kB
SReclaimable:     844512 kB
SUnreclaim:       280008 kB
KernelStack:       28384 kB
PageTables:       106644 kB
NFS_Unstable:          0 kB
Bounce:                0 kB
WritebackTmp:          0 kB
CommitLimit:    24708256 kB
Committed_AS:   26139476 kB
VmallocTotal:   34359738367 kB
VmallocUsed:           0 kB
VmallocChunk:          0 kB
HardwareCorrupted:     0 kB
AnonHugePages:   8060928 kB
CmaTotal:              0 kB
CmaFree:               0 kB
HugePages_Total:       0
HugePages_Free:        0
HugePages_Rsvd:        0
HugePages_Surp:        0
Hugepagesize:       2048 kB
DirectMap4k:      908440 kB
DirectMap2M:    26286080 kB
DirectMap1G:     7340032 kB


CPU:total 16 (initial active 16) (16 cores per cpu, 1 threads per core) family 23 model 1 stepping 1, cmov, cx8, fxsr, mmx, sse, sse2, sse3, ssse3, sse4.1, sse4.2, popcnt, avx, avx2, aes, clmul, mmxext, 3dnowpref, lzcnt, sse4a, tsc, tscinvbit, tscinv, bmi1
CPU Model and flags from /proc/cpuinfo:
model name	: AMD Ryzen 7 1700 Eight-Core Processor
flags		: fpu vme de pse tsc msr pae mce cx8 apic sep mtrr pge mca cmov pat pse36 clflush mmx fxsr sse sse2 ht syscall nx mmxext fxsr_opt pdpe1gb rdtscp lm constant_tsc rep_good nopl nonstop_tsc extd_apicid aperfmperf eagerfpu pni pclmulqdq monitor ssse3 fma cx16 sse4_1 sse4_2 movbe popcnt aes xsave avx f16c rdrand lahf_lm cmp_legacy svm extapic cr8_legacy abm sse4a misalignsse 3dnowprefetch osvw skinit wdt tce topoext perfctr_core perfctr_nb bpext perfctr_l2 mwaitx hw_pstate retpoline retpoline_amd vmmcall fsgsbase bmi1 avx2 smep bmi2 rdseed adx smap clflushopt sha_ni xsaveopt xsavec xgetbv1 clzero arat npt lbrv svm_lock nrip_save tsc_scale vmcb_clean flushbyasid decodeassists pausefilter pfthreshold

Memory: 4k page, physical 32943436k(2645960k free), swap 8236540k(8236540k free)

vm_info: Java HotSpot(TM) 64-Bit Server VM (9.0.4+11) for linux-amd64 JRE (9.0.4+11), built on Dec 19 2017 18:12:19 by "mach5one" with gcc 4.9.2

END.
