#
# A fatal error has been detected by the Java Runtime Environment:
#
#  Internal Error (oopMapCache.cpp:105), pid=10735, tid=10769
#  Error: ShouldNotReachHere()
#
# JRE version: Java(TM) SE Runtime Environment (9.0+11) (build 9.0.4+11)
# Java VM: Java HotSpot(TM) 64-Bit Server VM (9.0.4+11, mixed mode, tiered, compressed oops, g1 gc, linux-amd64)
# No core dump will be written. Core dumps have been disabled. To enable core dumping, try "ulimit -c unlimited" before starting Java again
#
# If you would like to submit a bug report, please visit:
#   http://bugreport.java.com/bugreport/crash.jsp
#

---------------  S U M M A R Y ------------

Command Line: -agentlib:jdwp=transport=dt_socket,address=127.0.0.1:35331,suspend=y,server=n -ea -Didea.test.cyclic.buffer.size=1048576 -javaagent:/home/nathan/Downloads/idea-IC-173.4548.28/lib/rt/debugger-agent.jar=/tmp/capture.props -Dfile.encoding=UTF-8 com.intellij.rt.execution.junit.JUnitStarter -ideVersion5 -junit5 MyHashMapTest,testResize

Host: AMD Ryzen 7 1700 Eight-Core Processor, 16 cores, 31G, Ubuntu 16.04.3 LTS
Time: Thu Feb  8 18:21:44 2018 EST elapsed time: 223 seconds (0d 0h 3m 43s)

---------------  T H R E A D  ---------------

Current thread (0x00007fa34c27f800):  VMThread "VM Thread" [stack: 0x00007fa2b004e000,0x00007fa2b014e000] [id=10769]

Stack: [0x00007fa2b004e000,0x00007fa2b014e000],  sp=0x00007fa2b014c590,  free space=1017k
Native frames: (J=compiled Java code, A=aot compiled Java code, j=interpreted, Vv=VM code, C=native code)
V  [libjvm.so+0xd4c6c2]  VMError::report_and_die(int, char const*, char const*, __va_list_tag*, Thread*, unsigned char*, void*, void*, char const*, int, unsigned long)+0x162
V  [libjvm.so+0xd4d2ef]  VMError::report_and_die(Thread*, char const*, int, char const*, char const*, __va_list_tag*)+0x2f
V  [libjvm.so+0x654852]  report_vm_error(char const*, int, char const*, char const*, ...)+0xe2
V  [libjvm.so+0xb5a5ba]  OopMapForCacheEntry::compute_map(Thread*)+0x9a
V  [libjvm.so+0xb5b1fc]  OopMapCacheEntry::fill(methodHandle, int)+0x12c
V  [libjvm.so+0xb5ba42]  OopMapCache::compute_one_oop_map(methodHandle const&, int, InterpreterOopMap*)+0x102
V  [libjvm.so+0xb5bd56]  OopMapCache::lookup(methodHandle const&, int, InterpreterOopMap*) const+0x216
V  [libjvm.so+0xafb584]  Method::mask_for(int, InterpreterOopMap*)+0x74
V  [libjvm.so+0x9a5a4d]  VM_GetOrSetLocal::doit()+0x4d
V  [libjvm.so+0xd5d4f9]  VM_Operation::evaluate()+0x59
V  [libjvm.so+0xd5b243]  VMThread::evaluate_operation(VM_Operation*)+0xc3
V  [libjvm.so+0xd5b7b0]  VMThread::loop()+0x210
V  [libjvm.so+0xd5bcc2]  VMThread::run()+0x72
V  [libjvm.so+0xb6e132]  thread_native_entry(Thread*)+0xf2

VM_Operation (0x00007fa257ffea80): GetOrSetLocal, mode: safepoint, requested by thread 0x00007fa34c3a6000


---------------  P R O C E S S  ---------------

Java Threads: ( => current thread )
  0x00007fa34c428800 JavaThread "Service Thread" daemon [_thread_blocked, id=10794, stack(0x00007fa257bfc000,0x00007fa257cfd000)]
  0x00007fa24c001000 JavaThread "JDWP Command Reader" daemon [_thread_in_native, id=10793, stack(0x00007fa257cfd000,0x00007fa257dfe000)]
  0x00007fa34c3ab000 JavaThread "JDWP Event Helper Thread" daemon [_thread_blocked, id=10792, stack(0x00007fa257dfe000,0x00007fa257eff000)]
  0x00007fa34c3a6000 JavaThread "JDWP Transport Listener: dt_socket" daemon [_thread_blocked, id=10789, stack(0x00007fa257eff000,0x00007fa258000000)]
  0x00007fa34c307800 JavaThread "Common-Cleaner" daemon [_thread_blocked, id=10788, stack(0x00007fa2a02c7000,0x00007fa2a03c8000)]
  0x00007fa34c2cb000 JavaThread "Sweeper thread" daemon [_thread_blocked, id=10787, stack(0x00007fa2a07f0000,0x00007fa2a08f1000)]
  0x00007fa34c2c9000 JavaThread "C1 CompilerThread11" daemon [_thread_blocked, id=10786, stack(0x00007fa2a08f1000,0x00007fa2a09f2000)]
  0x00007fa34c2c7000 JavaThread "C1 CompilerThread10" daemon [_thread_blocked, id=10785, stack(0x00007fa2a09f2000,0x00007fa2a0af3000)]
  0x00007fa34c2c5000 JavaThread "C1 CompilerThread9" daemon [_thread_blocked, id=10784, stack(0x00007fa2a0af3000,0x00007fa2a0bf4000)]
  0x00007fa34c2c3000 JavaThread "C1 CompilerThread8" daemon [_thread_blocked, id=10783, stack(0x00007fa2a0bf4000,0x00007fa2a0cf5000)]
  0x00007fa34c2c1000 JavaThread "C2 CompilerThread7" daemon [_thread_blocked, id=10782, stack(0x00007fa2a0cf5000,0x00007fa2a0df6000)]
  0x00007fa34c2bf000 JavaThread "C2 CompilerThread6" daemon [_thread_blocked, id=10781, stack(0x00007fa2a0df6000,0x00007fa2a0ef7000)]
  0x00007fa34c2bd000 JavaThread "C2 CompilerThread5" daemon [_thread_blocked, id=10780, stack(0x00007fa2a0ef7000,0x00007fa2a0ff8000)]
  0x00007fa34c2b3000 JavaThread "C2 CompilerThread4" daemon [_thread_blocked, id=10779, stack(0x00007fa2a0ff8000,0x00007fa2a10f9000)]
  0x00007fa34c2b1000 JavaThread "C2 CompilerThread3" daemon [_thread_blocked, id=10778, stack(0x00007fa2a10f9000,0x00007fa2a11fa000)]
  0x00007fa34c2af000 JavaThread "C2 CompilerThread2" daemon [_thread_blocked, id=10777, stack(0x00007fa2a11fa000,0x00007fa2a12fb000)]
  0x00007fa34c2ad000 JavaThread "C2 CompilerThread1" daemon [_thread_blocked, id=10776, stack(0x00007fa2a12fb000,0x00007fa2a13fc000)]
  0x00007fa34c2ab000 JavaThread "C2 CompilerThread0" daemon [_thread_blocked, id=10775, stack(0x00007fa2a13fc000,0x00007fa2a14fd000)]
  0x00007fa34c2a9800 JavaThread "Signal Dispatcher" daemon [_thread_blocked, id=10774, stack(0x00007fa2a14fd000,0x00007fa2a15fe000)]
  0x00007fa34c28f000 JavaThread "Finalizer" daemon [_thread_blocked, id=10772, stack(0x00007fa2a15fe000,0x00007fa2a16ff000)]
  0x00007fa34c287000 JavaThread "Reference Handler" daemon [_thread_blocked, id=10770, stack(0x00007fa2a16ff000,0x00007fa2a1800000)]
  0x00007fa34c015800 JavaThread "main" [_thread_blocked, id=10736, stack(0x00007fa355c11000,0x00007fa355d11000)]

Other Threads:
=>0x00007fa34c27f800 VMThread "VM Thread" [stack: 0x00007fa2b004e000,0x00007fa2b014e000] [id=10769]
  0x00007fa34c42c000 WatcherThread [stack: 0x00007fa257afc000,0x00007fa257bfc000] [id=10795]
  0x00007fa34c02e000 GCTaskThread "GC Thread#0" [stack: 0x00007fa351bc9000,0x00007fa351cc9000] [id=10738]
  0x00007fa34c02f800 GCTaskThread "GC Thread#1" [stack: 0x00007fa351ac8000,0x00007fa351bc8000] [id=10739]
  0x00007fa34c031000 GCTaskThread "GC Thread#2" [stack: 0x00007fa3519c7000,0x00007fa351ac7000] [id=10740]
  0x00007fa34c032800 GCTaskThread "GC Thread#3" [stack: 0x00007fa3518c6000,0x00007fa3519c6000] [id=10741]
  0x00007fa34c034800 GCTaskThread "GC Thread#4" [stack: 0x00007fa3517c5000,0x00007fa3518c5000] [id=10742]
  0x00007fa34c036000 GCTaskThread "GC Thread#5" [stack: 0x00007fa3516c4000,0x00007fa3517c4000] [id=10743]
  0x00007fa34c038000 GCTaskThread "GC Thread#6" [stack: 0x00007fa3515c3000,0x00007fa3516c3000] [id=10744]
  0x00007fa34c039800 GCTaskThread "GC Thread#7" [stack: 0x00007fa3514c2000,0x00007fa3515c2000] [id=10745]
  0x00007fa34c03b800 GCTaskThread "GC Thread#8" [stack: 0x00007fa3513c1000,0x00007fa3514c1000] [id=10746]
  0x00007fa34c03d000 GCTaskThread "GC Thread#9" [stack: 0x00007fa3512c0000,0x00007fa3513c0000] [id=10747]
  0x00007fa34c03f000 GCTaskThread "GC Thread#10" [stack: 0x00007fa3511bf000,0x00007fa3512bf000] [id=10748]
  0x00007fa34c040800 GCTaskThread "GC Thread#11" [stack: 0x00007fa3510be000,0x00007fa3511be000] [id=10749]
  0x00007fa34c042800 GCTaskThread "GC Thread#12" [stack: 0x00007fa350fbd000,0x00007fa3510bd000] [id=10750]
  0x00007fa34c07e800 ConcurrentGCThread "G1 Main Marker" [stack: 0x00007fa330c40000,0x00007fa330d40000] [id=10765]
  0x00007fa34c080000 ConcurrentGCThread "G1 Marker#0" [stack: 0x00007fa330b3f000,0x00007fa330c3f000] [id=10766]
  0x00007fa34c082000 ConcurrentGCThread "G1 Marker#1" [stack: 0x00007fa330a3e000,0x00007fa330b3e000] [id=10767]
  0x00007fa34c083800 ConcurrentGCThread "G1 Marker#2" [stack: 0x00007fa33093d000,0x00007fa330a3d000] [id=10768]
  0x00007fa34c05a000 ConcurrentGCThread "G1 Refine#0" [stack: 0x00007fa331039000,0x00007fa331139000] [id=10763]
  0x00007fa34c058000 ConcurrentGCThread "G1 Refine#1" [stack: 0x00007fa33113a000,0x00007fa33123a000] [id=10762]
  0x00007fa34c056800 ConcurrentGCThread "G1 Refine#2" [stack: 0x00007fa33123b000,0x00007fa33133b000] [id=10761]
  0x00007fa34c054800 ConcurrentGCThread "G1 Refine#3" [stack: 0x00007fa33133c000,0x00007fa33143c000] [id=10760]
  0x00007fa34c053000 ConcurrentGCThread "G1 Refine#4" [stack: 0x00007fa33143d000,0x00007fa33153d000] [id=10759]
  0x00007fa34c051000 ConcurrentGCThread "G1 Refine#5" [stack: 0x00007fa33153e000,0x00007fa33163e000] [id=10758]
  0x00007fa34c04f800 ConcurrentGCThread "G1 Refine#6" [stack: 0x00007fa33163f000,0x00007fa33173f000] [id=10757]
  0x00007fa34c04d800 ConcurrentGCThread "G1 Refine#7" [stack: 0x00007fa331740000,0x00007fa331840000] [id=10756]
  0x00007fa34c04c000 ConcurrentGCThread "G1 Refine#8" [stack: 0x00007fa331841000,0x00007fa331941000] [id=10755]
  0x00007fa34c04a000 ConcurrentGCThread "G1 Refine#9" [stack: 0x00007fa331942000,0x00007fa331a42000] [id=10754]
  0x00007fa34c048000 ConcurrentGCThread "G1 Refine#10" [stack: 0x00007fa331a43000,0x00007fa331b43000] [id=10753]
  0x00007fa34c046800 ConcurrentGCThread "G1 Refine#11" [stack: 0x00007fa3500ae000,0x00007fa3501ae000] [id=10752]
  0x00007fa34c044800 ConcurrentGCThread "G1 Refine#12" [stack: 0x00007fa3501af000,0x00007fa3502af000] [id=10751]
  0x00007fa34c05b800 ConcurrentGCThread "G1 Young RemSet Sampling" [stack: 0x00007fa330f38000,0x00007fa331038000] [id=10764]

Threads with active compile tasks:

VM state:at safepoint (normal execution)

VM Mutex/Monitor currently owned by a thread:  ([mutex/lock_event])
[0x00007fa34c011d80] Threads_lock - owner thread: 0x00007fa34c27f800

OutOfMemory and StackOverflow Exception counts:
StackOverflowErrors=1

Heap address: 0x00000005c9400000, size: 8044 MB, Compressed Oops mode: Zero based, Oop shift amount: 3
Narrow klass base: 0x0000000000000000, Narrow klass shift: 3
Compressed class space size: 1073741824 Address: 0x00000007c0000000

Heap:
 garbage-first heap   total 516096K, used 47664K [0x00000005c9400000, 0x00000005c96007e0, 0x00000007c0000000)
  region size 2048K, 24 young (49152K), 2 survivors (4096K)
 Metaspace       used 9781K, capacity 10524K, committed 10624K, reserved 1058816K
  class space    used 968K, capacity 1098K, committed 1152K, reserved 1048576K
Heap Regions: E=young(eden), S=young(survivor), O=old, HS=humongous(starts), HC=humongous(continues), CS=collection set, F=free, A=archive, TS=gc time stamp, AC=allocation context, TAMS=top-at-mark-start (previous, next)
|   0|0x00000005c9400000, 0x00000005c948c200, 0x00000005c9600000| 27%| O|  |TS  1|AC  0|TAMS 0x00000005c9400000, 0x00000005c9400000|
|   1|0x00000005c9600000, 0x00000005c9600000, 0x00000005c9800000|  0%| F|  |TS  0|AC  0|TAMS 0x00000005c9600000, 0x00000005c9600000|
|   2|0x00000005c9800000, 0x00000005c9800000, 0x00000005c9a00000|  0%| F|  |TS  0|AC  0|TAMS 0x00000005c9800000, 0x00000005c9800000|
|   3|0x00000005c9a00000, 0x00000005c9a00000, 0x00000005c9c00000|  0%| F|  |TS  0|AC  0|TAMS 0x00000005c9a00000, 0x00000005c9a00000|
|   4|0x00000005c9c00000, 0x00000005c9c00000, 0x00000005c9e00000|  0%| F|  |TS  0|AC  0|TAMS 0x00000005c9c00000, 0x00000005c9c00000|
|   5|0x00000005c9e00000, 0x00000005c9e00000, 0x00000005ca000000|  0%| F|  |TS  0|AC  0|TAMS 0x00000005c9e00000, 0x00000005c9e00000|
|   6|0x00000005ca000000, 0x00000005ca000000, 0x00000005ca200000|  0%| F|  |TS  0|AC  0|TAMS 0x00000005ca000000, 0x00000005ca000000|
|   7|0x00000005ca200000, 0x00000005ca200000, 0x00000005ca400000|  0%| F|  |TS  0|AC  0|TAMS 0x00000005ca200000, 0x00000005ca200000|
|   8|0x00000005ca400000, 0x00000005ca400000, 0x00000005ca600000|  0%| F|  |TS  0|AC  0|TAMS 0x00000005ca400000, 0x00000005ca400000|
|   9|0x00000005ca600000, 0x00000005ca600000, 0x00000005ca800000|  0%| F|  |TS  0|AC  0|TAMS 0x00000005ca600000, 0x00000005ca600000|
|  10|0x00000005ca800000, 0x00000005ca800000, 0x00000005caa00000|  0%| F|  |TS  0|AC  0|TAMS 0x00000005ca800000, 0x00000005ca800000|
|  11|0x00000005caa00000, 0x00000005caa00000, 0x00000005cac00000|  0%| F|  |TS  0|AC  0|TAMS 0x00000005caa00000, 0x00000005caa00000|
|  12|0x00000005cac00000, 0x00000005cac00000, 0x00000005cae00000|  0%| F|  |TS  0|AC  0|TAMS 0x00000005cac00000, 0x00000005cac00000|
|  13|0x00000005cae00000, 0x00000005cae00000, 0x00000005cb000000|  0%| F|  |TS  0|AC  0|TAMS 0x00000005cae00000, 0x00000005cae00000|
|  14|0x00000005cb000000, 0x00000005cb000000, 0x00000005cb200000|  0%| F|  |TS  0|AC  0|TAMS 0x00000005cb000000, 0x00000005cb000000|
|  15|0x00000005cb200000, 0x00000005cb200000, 0x00000005cb400000|  0%| F|  |TS  0|AC  0|TAMS 0x00000005cb200000, 0x00000005cb200000|
|  16|0x00000005cb400000, 0x00000005cb400000, 0x00000005cb600000|  0%| F|  |TS  0|AC  0|TAMS 0x00000005cb400000, 0x00000005cb400000|
|  17|0x00000005cb600000, 0x00000005cb600000, 0x00000005cb800000|  0%| F|  |TS  0|AC  0|TAMS 0x00000005cb600000, 0x00000005cb600000|
|  18|0x00000005cb800000, 0x00000005cb800000, 0x00000005cba00000|  0%| F|  |TS  0|AC  0|TAMS 0x00000005cb800000, 0x00000005cb800000|
|  19|0x00000005cba00000, 0x00000005cba00000, 0x00000005cbc00000|  0%| F|  |TS  0|AC  0|TAMS 0x00000005cba00000, 0x00000005cba00000|
|  20|0x00000005cbc00000, 0x00000005cbc00000, 0x00000005cbe00000|  0%| F|  |TS  0|AC  0|TAMS 0x00000005cbc00000, 0x00000005cbc00000|
|  21|0x00000005cbe00000, 0x00000005cbe00000, 0x00000005cc000000|  0%| F|  |TS  0|AC  0|TAMS 0x00000005cbe00000, 0x00000005cbe00000|
|  22|0x00000005cc000000, 0x00000005cc000000, 0x00000005cc200000|  0%| F|  |TS  0|AC  0|TAMS 0x00000005cc000000, 0x00000005cc000000|
|  23|0x00000005cc200000, 0x00000005cc200000, 0x00000005cc400000|  0%| F|  |TS  0|AC  0|TAMS 0x00000005cc200000, 0x00000005cc200000|
|  24|0x00000005cc400000, 0x00000005cc400000, 0x00000005cc600000|  0%| F|  |TS  0|AC  0|TAMS 0x00000005cc400000, 0x00000005cc400000|
|  25|0x00000005cc600000, 0x00000005cc600000, 0x00000005cc800000|  0%| F|  |TS  0|AC  0|TAMS 0x00000005cc600000, 0x00000005cc600000|
|  26|0x00000005cc800000, 0x00000005cc800000, 0x00000005cca00000|  0%| F|  |TS  0|AC  0|TAMS 0x00000005cc800000, 0x00000005cc800000|
|  27|0x00000005cca00000, 0x00000005cca00000, 0x00000005ccc00000|  0%| F|  |TS  0|AC  0|TAMS 0x00000005cca00000, 0x00000005cca00000|
|  28|0x00000005ccc00000, 0x00000005ccc00000, 0x00000005cce00000|  0%| F|  |TS  0|AC  0|TAMS 0x00000005ccc00000, 0x00000005ccc00000|
|  29|0x00000005cce00000, 0x00000005cce00000, 0x00000005cd000000|  0%| F|  |TS  0|AC  0|TAMS 0x00000005cce00000, 0x00000005cce00000|
|  30|0x00000005cd000000, 0x00000005cd000000, 0x00000005cd200000|  0%| F|  |TS  0|AC  0|TAMS 0x00000005cd000000, 0x00000005cd000000|
|  31|0x00000005cd200000, 0x00000005cd200000, 0x00000005cd400000|  0%| F|  |TS  0|AC  0|TAMS 0x00000005cd200000, 0x00000005cd200000|
|  32|0x00000005cd400000, 0x00000005cd400000, 0x00000005cd600000|  0%| F|  |TS  0|AC  0|TAMS 0x00000005cd400000, 0x00000005cd400000|
|  33|0x00000005cd600000, 0x00000005cd600000, 0x00000005cd800000|  0%| F|  |TS  0|AC  0|TAMS 0x00000005cd600000, 0x00000005cd600000|
|  34|0x00000005cd800000, 0x00000005cd800000, 0x00000005cda00000|  0%| F|  |TS  0|AC  0|TAMS 0x00000005cd800000, 0x00000005cd800000|
|  35|0x00000005cda00000, 0x00000005cda00000, 0x00000005cdc00000|  0%| F|  |TS  0|AC  0|TAMS 0x00000005cda00000, 0x00000005cda00000|
|  36|0x00000005cdc00000, 0x00000005cdc00000, 0x00000005cde00000|  0%| F|  |TS  0|AC  0|TAMS 0x00000005cdc00000, 0x00000005cdc00000|
|  37|0x00000005cde00000, 0x00000005cde00000, 0x00000005ce000000|  0%| F|  |TS  0|AC  0|TAMS 0x00000005cde00000, 0x00000005cde00000|
|  38|0x00000005ce000000, 0x00000005ce000000, 0x00000005ce200000|  0%| F|  |TS  0|AC  0|TAMS 0x00000005ce000000, 0x00000005ce000000|
|  39|0x00000005ce200000, 0x00000005ce200000, 0x00000005ce400000|  0%| F|  |TS  0|AC  0|TAMS 0x00000005ce200000, 0x00000005ce200000|
|  40|0x00000005ce400000, 0x00000005ce400000, 0x00000005ce600000|  0%| F|  |TS  0|AC  0|TAMS 0x00000005ce400000, 0x00000005ce400000|
|  41|0x00000005ce600000, 0x00000005ce600000, 0x00000005ce800000|  0%| F|  |TS  0|AC  0|TAMS 0x00000005ce600000, 0x00000005ce600000|
|  42|0x00000005ce800000, 0x00000005ce800000, 0x00000005cea00000|  0%| F|  |TS  0|AC  0|TAMS 0x00000005ce800000, 0x00000005ce800000|
|  43|0x00000005cea00000, 0x00000005cea00000, 0x00000005cec00000|  0%| F|  |TS  0|AC  0|TAMS 0x00000005cea00000, 0x00000005cea00000|
|  44|0x00000005cec00000, 0x00000005cec00000, 0x00000005cee00000|  0%| F|  |TS  0|AC  0|TAMS 0x00000005cec00000, 0x00000005cec00000|
|  45|0x00000005cee00000, 0x00000005cee00000, 0x00000005cf000000|  0%| F|  |TS  0|AC  0|TAMS 0x00000005cee00000, 0x00000005cee00000|
|  46|0x00000005cf000000, 0x00000005cf000000, 0x00000005cf200000|  0%| F|  |TS  0|AC  0|TAMS 0x00000005cf000000, 0x00000005cf000000|
|  47|0x00000005cf200000, 0x00000005cf200000, 0x00000005cf400000|  0%| F|  |TS  0|AC  0|TAMS 0x00000005cf200000, 0x00000005cf200000|
|  48|0x00000005cf400000, 0x00000005cf400000, 0x00000005cf600000|  0%| F|  |TS  0|AC  0|TAMS 0x00000005cf400000, 0x00000005cf400000|
|  49|0x00000005cf600000, 0x00000005cf600000, 0x00000005cf800000|  0%| F|  |TS  0|AC  0|TAMS 0x00000005cf600000, 0x00000005cf600000|
|  50|0x00000005cf800000, 0x00000005cf800000, 0x00000005cfa00000|  0%| F|  |TS  0|AC  0|TAMS 0x00000005cf800000, 0x00000005cf800000|
|  51|0x00000005cfa00000, 0x00000005cfa00000, 0x00000005cfc00000|  0%| F|  |TS  0|AC  0|TAMS 0x00000005cfa00000, 0x00000005cfa00000|
|  52|0x00000005cfc00000, 0x00000005cfc00000, 0x00000005cfe00000|  0%| F|  |TS  0|AC  0|TAMS 0x00000005cfc00000, 0x00000005cfc00000|
|  53|0x00000005cfe00000, 0x00000005cfe00000, 0x00000005d0000000|  0%| F|  |TS  0|AC  0|TAMS 0x00000005cfe00000, 0x00000005cfe00000|
|  54|0x00000005d0000000, 0x00000005d0000000, 0x00000005d0200000|  0%| F|  |TS  0|AC  0|TAMS 0x00000005d0000000, 0x00000005d0000000|
|  55|0x00000005d0200000, 0x00000005d0200000, 0x00000005d0400000|  0%| F|  |TS  0|AC  0|TAMS 0x00000005d0200000, 0x00000005d0200000|
|  56|0x00000005d0400000, 0x00000005d0400000, 0x00000005d0600000|  0%| F|  |TS  0|AC  0|TAMS 0x00000005d0400000, 0x00000005d0400000|
|  57|0x00000005d0600000, 0x00000005d0600000, 0x00000005d0800000|  0%| F|  |TS  0|AC  0|TAMS 0x00000005d0600000, 0x00000005d0600000|
|  58|0x00000005d0800000, 0x00000005d0800000, 0x00000005d0a00000|  0%| F|  |TS  0|AC  0|TAMS 0x00000005d0800000, 0x00000005d0800000|
|  59|0x00000005d0a00000, 0x00000005d0a00000, 0x00000005d0c00000|  0%| F|  |TS  0|AC  0|TAMS 0x00000005d0a00000, 0x00000005d0a00000|
|  60|0x00000005d0c00000, 0x00000005d0c00000, 0x00000005d0e00000|  0%| F|  |TS  0|AC  0|TAMS 0x00000005d0c00000, 0x00000005d0c00000|
|  61|0x00000005d0e00000, 0x00000005d0e00000, 0x00000005d1000000|  0%| F|  |TS  0|AC  0|TAMS 0x00000005d0e00000, 0x00000005d0e00000|
|  62|0x00000005d1000000, 0x00000005d1000000, 0x00000005d1200000|  0%| F|  |TS  0|AC  0|TAMS 0x00000005d1000000, 0x00000005d1000000|
|  63|0x00000005d1200000, 0x00000005d1200000, 0x00000005d1400000|  0%| F|  |TS  0|AC  0|TAMS 0x00000005d1200000, 0x00000005d1200000|
|  64|0x00000005d1400000, 0x00000005d1400000, 0x00000005d1600000|  0%| F|  |TS  0|AC  0|TAMS 0x00000005d1400000, 0x00000005d1400000|
|  65|0x00000005d1600000, 0x00000005d1600000, 0x00000005d1800000|  0%| F|  |TS  0|AC  0|TAMS 0x00000005d1600000, 0x00000005d1600000|
|  66|0x00000005d1800000, 0x00000005d1800000, 0x00000005d1a00000|  0%| F|  |TS  0|AC  0|TAMS 0x00000005d1800000, 0x00000005d1800000|
|  67|0x00000005d1a00000, 0x00000005d1a00000, 0x00000005d1c00000|  0%| F|  |TS  0|AC  0|TAMS 0x00000005d1a00000, 0x00000005d1a00000|
|  68|0x00000005d1c00000, 0x00000005d1c00000, 0x00000005d1e00000|  0%| F|  |TS  0|AC  0|TAMS 0x00000005d1c00000, 0x00000005d1c00000|
|  69|0x00000005d1e00000, 0x00000005d1e00000, 0x00000005d2000000|  0%| F|  |TS  0|AC  0|TAMS 0x00000005d1e00000, 0x00000005d1e00000|
|  70|0x00000005d2000000, 0x00000005d2000000, 0x00000005d2200000|  0%| F|  |TS  0|AC  0|TAMS 0x00000005d2000000, 0x00000005d2000000|
|  71|0x00000005d2200000, 0x00000005d2200000, 0x00000005d2400000|  0%| F|  |TS  0|AC  0|TAMS 0x00000005d2200000, 0x00000005d2200000|
|  72|0x00000005d2400000, 0x00000005d2400000, 0x00000005d2600000|  0%| F|  |TS  0|AC  0|TAMS 0x00000005d2400000, 0x00000005d2400000|
|  73|0x00000005d2600000, 0x00000005d2600000, 0x00000005d2800000|  0%| F|  |TS  0|AC  0|TAMS 0x00000005d2600000, 0x00000005d2600000|
|  74|0x00000005d2800000, 0x00000005d2800000, 0x00000005d2a00000|  0%| F|  |TS  0|AC  0|TAMS 0x00000005d2800000, 0x00000005d2800000|
|  75|0x00000005d2a00000, 0x00000005d2a00000, 0x00000005d2c00000|  0%| F|  |TS  0|AC  0|TAMS 0x00000005d2a00000, 0x00000005d2a00000|
|  76|0x00000005d2c00000, 0x00000005d2c00000, 0x00000005d2e00000|  0%| F|  |TS  0|AC  0|TAMS 0x00000005d2c00000, 0x00000005d2c00000|
|  77|0x00000005d2e00000, 0x00000005d2e00000, 0x00000005d3000000|  0%| F|  |TS  0|AC  0|TAMS 0x00000005d2e00000, 0x00000005d2e00000|
|  78|0x00000005d3000000, 0x00000005d3000000, 0x00000005d3200000|  0%| F|  |TS  0|AC  0|TAMS 0x00000005d3000000, 0x00000005d3000000|
|  79|0x00000005d3200000, 0x00000005d3200000, 0x00000005d3400000|  0%| F|  |TS  0|AC  0|TAMS 0x00000005d3200000, 0x00000005d3200000|
|  80|0x00000005d3400000, 0x00000005d3400000, 0x00000005d3600000|  0%| F|  |TS  0|AC  0|TAMS 0x00000005d3400000, 0x00000005d3400000|
|  81|0x00000005d3600000, 0x00000005d3600000, 0x00000005d3800000|  0%| F|  |TS  0|AC  0|TAMS 0x00000005d3600000, 0x00000005d3600000|
|  82|0x00000005d3800000, 0x00000005d3800000, 0x00000005d3a00000|  0%| F|  |TS  0|AC  0|TAMS 0x00000005d3800000, 0x00000005d3800000|
|  83|0x00000005d3a00000, 0x00000005d3a00000, 0x00000005d3c00000|  0%| F|  |TS  0|AC  0|TAMS 0x00000005d3a00000, 0x00000005d3a00000|
|  84|0x00000005d3c00000, 0x00000005d3c00000, 0x00000005d3e00000|  0%| F|  |TS  0|AC  0|TAMS 0x00000005d3c00000, 0x00000005d3c00000|
|  85|0x00000005d3e00000, 0x00000005d3e00000, 0x00000005d4000000|  0%| F|  |TS  0|AC  0|TAMS 0x00000005d3e00000, 0x00000005d3e00000|
|  86|0x00000005d4000000, 0x00000005d4000000, 0x00000005d4200000|  0%| F|  |TS  0|AC  0|TAMS 0x00000005d4000000, 0x00000005d4000000|
|  87|0x00000005d4200000, 0x00000005d4200000, 0x00000005d4400000|  0%| F|  |TS  0|AC  0|TAMS 0x00000005d4200000, 0x00000005d4200000|
|  88|0x00000005d4400000, 0x00000005d4400000, 0x00000005d4600000|  0%| F|  |TS  0|AC  0|TAMS 0x00000005d4400000, 0x00000005d4400000|
|  89|0x00000005d4600000, 0x00000005d4600000, 0x00000005d4800000|  0%| F|  |TS  0|AC  0|TAMS 0x00000005d4600000, 0x00000005d4600000|
|  90|0x00000005d4800000, 0x00000005d4800000, 0x00000005d4a00000|  0%| F|  |TS  0|AC  0|TAMS 0x00000005d4800000, 0x00000005d4800000|
|  91|0x00000005d4a00000, 0x00000005d4a00000, 0x00000005d4c00000|  0%| F|  |TS  0|AC  0|TAMS 0x00000005d4a00000, 0x00000005d4a00000|
|  92|0x00000005d4c00000, 0x00000005d4c00000, 0x00000005d4e00000|  0%| F|  |TS  0|AC  0|TAMS 0x00000005d4c00000, 0x00000005d4c00000|
|  93|0x00000005d4e00000, 0x00000005d4e00000, 0x00000005d5000000|  0%| F|  |TS  0|AC  0|TAMS 0x00000005d4e00000, 0x00000005d4e00000|
|  94|0x00000005d5000000, 0x00000005d5000000, 0x00000005d5200000|  0%| F|  |TS  0|AC  0|TAMS 0x00000005d5000000, 0x00000005d5000000|
|  95|0x00000005d5200000, 0x00000005d5200000, 0x00000005d5400000|  0%| F|  |TS  0|AC  0|TAMS 0x00000005d5200000, 0x00000005d5200000|
|  96|0x00000005d5400000, 0x00000005d5400000, 0x00000005d5600000|  0%| F|  |TS  0|AC  0|TAMS 0x00000005d5400000, 0x00000005d5400000|
|  97|0x00000005d5600000, 0x00000005d5600000, 0x00000005d5800000|  0%| F|  |TS  0|AC  0|TAMS 0x00000005d5600000, 0x00000005d5600000|
|  98|0x00000005d5800000, 0x00000005d5800000, 0x00000005d5a00000|  0%| F|  |TS  0|AC  0|TAMS 0x00000005d5800000, 0x00000005d5800000|
|  99|0x00000005d5a00000, 0x00000005d5a00000, 0x00000005d5c00000|  0%| F|  |TS  0|AC  0|TAMS 0x00000005d5a00000, 0x00000005d5a00000|
| 100|0x00000005d5c00000, 0x00000005d5c00000, 0x00000005d5e00000|  0%| F|  |TS  0|AC  0|TAMS 0x00000005d5c00000, 0x00000005d5c00000|
| 101|0x00000005d5e00000, 0x00000005d5e00000, 0x00000005d6000000|  0%| F|  |TS  0|AC  0|TAMS 0x00000005d5e00000, 0x00000005d5e00000|
| 102|0x00000005d6000000, 0x00000005d6000000, 0x00000005d6200000|  0%| F|  |TS  0|AC  0|TAMS 0x00000005d6000000, 0x00000005d6000000|
| 103|0x00000005d6200000, 0x00000005d6200000, 0x00000005d6400000|  0%| F|  |TS  0|AC  0|TAMS 0x00000005d6200000, 0x00000005d6200000|
| 104|0x00000005d6400000, 0x00000005d6400000, 0x00000005d6600000|  0%| F|  |TS  0|AC  0|TAMS 0x00000005d6400000, 0x00000005d6400000|
| 105|0x00000005d6600000, 0x00000005d6600000, 0x00000005d6800000|  0%| F|  |TS  0|AC  0|TAMS 0x00000005d6600000, 0x00000005d6600000|
| 106|0x00000005d6800000, 0x00000005d6800000, 0x00000005d6a00000|  0%| F|  |TS  0|AC  0|TAMS 0x00000005d6800000, 0x00000005d6800000|
| 107|0x00000005d6a00000, 0x00000005d6a00000, 0x00000005d6c00000|  0%| F|  |TS  0|AC  0|TAMS 0x00000005d6a00000, 0x00000005d6a00000|
| 108|0x00000005d6c00000, 0x00000005d6c00000, 0x00000005d6e00000|  0%| F|  |TS  0|AC  0|TAMS 0x00000005d6c00000, 0x00000005d6c00000|
| 109|0x00000005d6e00000, 0x00000005d6e00000, 0x00000005d7000000|  0%| F|  |TS  0|AC  0|TAMS 0x00000005d6e00000, 0x00000005d6e00000|
| 110|0x00000005d7000000, 0x00000005d7000000, 0x00000005d7200000|  0%| F|  |TS  0|AC  0|TAMS 0x00000005d7000000, 0x00000005d7000000|
| 111|0x00000005d7200000, 0x00000005d7200000, 0x00000005d7400000|  0%| F|  |TS  0|AC  0|TAMS 0x00000005d7200000, 0x00000005d7200000|
| 112|0x00000005d7400000, 0x00000005d7400000, 0x00000005d7600000|  0%| F|  |TS  0|AC  0|TAMS 0x00000005d7400000, 0x00000005d7400000|
| 113|0x00000005d7600000, 0x00000005d7600000, 0x00000005d7800000|  0%| F|  |TS  0|AC  0|TAMS 0x00000005d7600000, 0x00000005d7600000|
| 114|0x00000005d7800000, 0x00000005d7800000, 0x00000005d7a00000|  0%| F|  |TS  0|AC  0|TAMS 0x00000005d7800000, 0x00000005d7800000|
| 115|0x00000005d7a00000, 0x00000005d7a00000, 0x00000005d7c00000|  0%| F|  |TS  0|AC  0|TAMS 0x00000005d7a00000, 0x00000005d7a00000|
| 116|0x00000005d7c00000, 0x00000005d7c00000, 0x00000005d7e00000|  0%| F|  |TS  0|AC  0|TAMS 0x00000005d7c00000, 0x00000005d7c00000|
| 117|0x00000005d7e00000, 0x00000005d7e00000, 0x00000005d8000000|  0%| F|  |TS  0|AC  0|TAMS 0x00000005d7e00000, 0x00000005d7e00000|
| 118|0x00000005d8000000, 0x00000005d8000000, 0x00000005d8200000|  0%| F|  |TS  0|AC  0|TAMS 0x00000005d8000000, 0x00000005d8000000|
| 119|0x00000005d8200000, 0x00000005d8200000, 0x00000005d8400000|  0%| F|  |TS  0|AC  0|TAMS 0x00000005d8200000, 0x00000005d8200000|
| 120|0x00000005d8400000, 0x00000005d8400000, 0x00000005d8600000|  0%| F|  |TS  0|AC  0|TAMS 0x00000005d8400000, 0x00000005d8400000|
| 121|0x00000005d8600000, 0x00000005d8600000, 0x00000005d8800000|  0%| F|  |TS  0|AC  0|TAMS 0x00000005d8600000, 0x00000005d8600000|
| 122|0x00000005d8800000, 0x00000005d8800000, 0x00000005d8a00000|  0%| F|  |TS  0|AC  0|TAMS 0x00000005d8800000, 0x00000005d8800000|
| 123|0x00000005d8a00000, 0x00000005d8a00000, 0x00000005d8c00000|  0%| F|  |TS  0|AC  0|TAMS 0x00000005d8a00000, 0x00000005d8a00000|
| 124|0x00000005d8c00000, 0x00000005d8c00000, 0x00000005d8e00000|  0%| F|  |TS  0|AC  0|TAMS 0x00000005d8c00000, 0x00000005d8c00000|
| 125|0x00000005d8e00000, 0x00000005d8e00000, 0x00000005d9000000|  0%| F|  |TS  0|AC  0|TAMS 0x00000005d8e00000, 0x00000005d8e00000|
| 126|0x00000005d9000000, 0x00000005d9000000, 0x00000005d9200000|  0%| F|  |TS  0|AC  0|TAMS 0x00000005d9000000, 0x00000005d9000000|
| 127|0x00000005d9200000, 0x00000005d9200000, 0x00000005d9400000|  0%| F|  |TS  0|AC  0|TAMS 0x00000005d9200000, 0x00000005d9200000|
| 128|0x00000005d9400000, 0x00000005d9400000, 0x00000005d9600000|  0%| F|  |TS  0|AC  0|TAMS 0x00000005d9400000, 0x00000005d9400000|
| 129|0x00000005d9600000, 0x00000005d9600000, 0x00000005d9800000|  0%| F|  |TS  0|AC  0|TAMS 0x00000005d9600000, 0x00000005d9600000|
| 130|0x00000005d9800000, 0x00000005d9800000, 0x00000005d9a00000|  0%| F|  |TS  0|AC  0|TAMS 0x00000005d9800000, 0x00000005d9800000|
| 131|0x00000005d9a00000, 0x00000005d9a00000, 0x00000005d9c00000|  0%| F|  |TS  0|AC  0|TAMS 0x00000005d9a00000, 0x00000005d9a00000|
| 132|0x00000005d9c00000, 0x00000005d9c00000, 0x00000005d9e00000|  0%| F|  |TS  0|AC  0|TAMS 0x00000005d9c00000, 0x00000005d9c00000|
| 133|0x00000005d9e00000, 0x00000005d9e00000, 0x00000005da000000|  0%| F|  |TS  0|AC  0|TAMS 0x00000005d9e00000, 0x00000005d9e00000|
| 134|0x00000005da000000, 0x00000005da000000, 0x00000005da200000|  0%| F|  |TS  0|AC  0|TAMS 0x00000005da000000, 0x00000005da000000|
| 135|0x00000005da200000, 0x00000005da200000, 0x00000005da400000|  0%| F|  |TS  0|AC  0|TAMS 0x00000005da200000, 0x00000005da200000|
| 136|0x00000005da400000, 0x00000005da400000, 0x00000005da600000|  0%| F|  |TS  0|AC  0|TAMS 0x00000005da400000, 0x00000005da400000|
| 137|0x00000005da600000, 0x00000005da600000, 0x00000005da800000|  0%| F|  |TS  0|AC  0|TAMS 0x00000005da600000, 0x00000005da600000|
| 138|0x00000005da800000, 0x00000005da800000, 0x00000005daa00000|  0%| F|  |TS  0|AC  0|TAMS 0x00000005da800000, 0x00000005da800000|
| 139|0x00000005daa00000, 0x00000005daa00000, 0x00000005dac00000|  0%| F|  |TS  0|AC  0|TAMS 0x00000005daa00000, 0x00000005daa00000|
| 140|0x00000005dac00000, 0x00000005dac00000, 0x00000005dae00000|  0%| F|  |TS  0|AC  0|TAMS 0x00000005dac00000, 0x00000005dac00000|
| 141|0x00000005dae00000, 0x00000005dae00000, 0x00000005db000000|  0%| F|  |TS  0|AC  0|TAMS 0x00000005dae00000, 0x00000005dae00000|
| 142|0x00000005db000000, 0x00000005db000000, 0x00000005db200000|  0%| F|  |TS  0|AC  0|TAMS 0x00000005db000000, 0x00000005db000000|
| 143|0x00000005db200000, 0x00000005db200000, 0x00000005db400000|  0%| F|  |TS  0|AC  0|TAMS 0x00000005db200000, 0x00000005db200000|
| 144|0x00000005db400000, 0x00000005db400000, 0x00000005db600000|  0%| F|  |TS  0|AC  0|TAMS 0x00000005db400000, 0x00000005db400000|
| 145|0x00000005db600000, 0x00000005db600000, 0x00000005db800000|  0%| F|  |TS  0|AC  0|TAMS 0x00000005db600000, 0x00000005db600000|
| 146|0x00000005db800000, 0x00000005db800000, 0x00000005dba00000|  0%| F|  |TS  0|AC  0|TAMS 0x00000005db800000, 0x00000005db800000|
| 147|0x00000005dba00000, 0x00000005dba00000, 0x00000005dbc00000|  0%| F|  |TS  0|AC  0|TAMS 0x00000005dba00000, 0x00000005dba00000|
| 148|0x00000005dbc00000, 0x00000005dbc00000, 0x00000005dbe00000|  0%| F|  |TS  0|AC  0|TAMS 0x00000005dbc00000, 0x00000005dbc00000|
| 149|0x00000005dbe00000, 0x00000005dbe00000, 0x00000005dc000000|  0%| F|  |TS  0|AC  0|TAMS 0x00000005dbe00000, 0x00000005dbe00000|
| 150|0x00000005dc000000, 0x00000005dc000000, 0x00000005dc200000|  0%| F|  |TS  0|AC  0|TAMS 0x00000005dc000000, 0x00000005dc000000|
| 151|0x00000005dc200000, 0x00000005dc200000, 0x00000005dc400000|  0%| F|  |TS  0|AC  0|TAMS 0x00000005dc200000, 0x00000005dc200000|
| 152|0x00000005dc400000, 0x00000005dc400000, 0x00000005dc600000|  0%| F|  |TS  0|AC  0|TAMS 0x00000005dc400000, 0x00000005dc400000|
| 153|0x00000005dc600000, 0x00000005dc600000, 0x00000005dc800000|  0%| F|  |TS  0|AC  0|TAMS 0x00000005dc600000, 0x00000005dc600000|
| 154|0x00000005dc800000, 0x00000005dc800000, 0x00000005dca00000|  0%| F|  |TS  0|AC  0|TAMS 0x00000005dc800000, 0x00000005dc800000|
| 155|0x00000005dca00000, 0x00000005dca00000, 0x00000005dcc00000|  0%| F|  |TS  0|AC  0|TAMS 0x00000005dca00000, 0x00000005dca00000|
| 156|0x00000005dcc00000, 0x00000005dcc00000, 0x00000005dce00000|  0%| F|  |TS  0|AC  0|TAMS 0x00000005dcc00000, 0x00000005dcc00000|
| 157|0x00000005dce00000, 0x00000005dce00000, 0x00000005dd000000|  0%| F|  |TS  0|AC  0|TAMS 0x00000005dce00000, 0x00000005dce00000|
| 158|0x00000005dd000000, 0x00000005dd000000, 0x00000005dd200000|  0%| F|  |TS  0|AC  0|TAMS 0x00000005dd000000, 0x00000005dd000000|
| 159|0x00000005dd200000, 0x00000005dd200000, 0x00000005dd400000|  0%| F|  |TS  0|AC  0|TAMS 0x00000005dd200000, 0x00000005dd200000|
| 160|0x00000005dd400000, 0x00000005dd400000, 0x00000005dd600000|  0%| F|  |TS  0|AC  0|TAMS 0x00000005dd400000, 0x00000005dd400000|
| 161|0x00000005dd600000, 0x00000005dd600000, 0x00000005dd800000|  0%| F|  |TS  0|AC  0|TAMS 0x00000005dd600000, 0x00000005dd600000|
| 162|0x00000005dd800000, 0x00000005dd800000, 0x00000005dda00000|  0%| F|  |TS  0|AC  0|TAMS 0x00000005dd800000, 0x00000005dd800000|
| 163|0x00000005dda00000, 0x00000005dda00000, 0x00000005ddc00000|  0%| F|  |TS  0|AC  0|TAMS 0x00000005dda00000, 0x00000005dda00000|
| 164|0x00000005ddc00000, 0x00000005ddc00000, 0x00000005dde00000|  0%| F|  |TS  0|AC  0|TAMS 0x00000005ddc00000, 0x00000005ddc00000|
| 165|0x00000005dde00000, 0x00000005dde00000, 0x00000005de000000|  0%| F|  |TS  0|AC  0|TAMS 0x00000005dde00000, 0x00000005dde00000|
| 166|0x00000005de000000, 0x00000005de000000, 0x00000005de200000|  0%| F|  |TS  0|AC  0|TAMS 0x00000005de000000, 0x00000005de000000|
| 167|0x00000005de200000, 0x00000005de200000, 0x00000005de400000|  0%| F|  |TS  0|AC  0|TAMS 0x00000005de200000, 0x00000005de200000|
| 168|0x00000005de400000, 0x00000005de400000, 0x00000005de600000|  0%| F|  |TS  0|AC  0|TAMS 0x00000005de400000, 0x00000005de400000|
| 169|0x00000005de600000, 0x00000005de600000, 0x00000005de800000|  0%| F|  |TS  0|AC  0|TAMS 0x00000005de600000, 0x00000005de600000|
| 170|0x00000005de800000, 0x00000005de800000, 0x00000005dea00000|  0%| F|  |TS  0|AC  0|TAMS 0x00000005de800000, 0x00000005de800000|
| 171|0x00000005dea00000, 0x00000005dea00000, 0x00000005dec00000|  0%| F|  |TS  0|AC  0|TAMS 0x00000005dea00000, 0x00000005dea00000|
| 172|0x00000005dec00000, 0x00000005dec00000, 0x00000005dee00000|  0%| F|  |TS  0|AC  0|TAMS 0x00000005dec00000, 0x00000005dec00000|
| 173|0x00000005dee00000, 0x00000005dee00000, 0x00000005df000000|  0%| F|  |TS  0|AC  0|TAMS 0x00000005dee00000, 0x00000005dee00000|
| 174|0x00000005df000000, 0x00000005df000000, 0x00000005df200000|  0%| F|  |TS  0|AC  0|TAMS 0x00000005df000000, 0x00000005df000000|
| 175|0x00000005df200000, 0x00000005df200000, 0x00000005df400000|  0%| F|  |TS  0|AC  0|TAMS 0x00000005df200000, 0x00000005df200000|
| 176|0x00000005df400000, 0x00000005df400000, 0x00000005df600000|  0%| F|  |TS  0|AC  0|TAMS 0x00000005df400000, 0x00000005df400000|
| 177|0x00000005df600000, 0x00000005df600000, 0x00000005df800000|  0%| F|  |TS  0|AC  0|TAMS 0x00000005df600000, 0x00000005df600000|
| 178|0x00000005df800000, 0x00000005df800000, 0x00000005dfa00000|  0%| F|  |TS  0|AC  0|TAMS 0x00000005df800000, 0x00000005df800000|
| 179|0x00000005dfa00000, 0x00000005dfa00000, 0x00000005dfc00000|  0%| F|  |TS  0|AC  0|TAMS 0x00000005dfa00000, 0x00000005dfa00000|
| 180|0x00000005dfc00000, 0x00000005dfc00000, 0x00000005dfe00000|  0%| F|  |TS  0|AC  0|TAMS 0x00000005dfc00000, 0x00000005dfc00000|
| 181|0x00000005dfe00000, 0x00000005dfe00000, 0x00000005e0000000|  0%| F|  |TS  0|AC  0|TAMS 0x00000005dfe00000, 0x00000005dfe00000|
| 182|0x00000005e0000000, 0x00000005e0000000, 0x00000005e0200000|  0%| F|  |TS  0|AC  0|TAMS 0x00000005e0000000, 0x00000005e0000000|
| 183|0x00000005e0200000, 0x00000005e0200000, 0x00000005e0400000|  0%| F|  |TS  0|AC  0|TAMS 0x00000005e0200000, 0x00000005e0200000|
| 184|0x00000005e0400000, 0x00000005e0400000, 0x00000005e0600000|  0%| F|  |TS  0|AC  0|TAMS 0x00000005e0400000, 0x00000005e0400000|
| 185|0x00000005e0600000, 0x00000005e0600000, 0x00000005e0800000|  0%| F|  |TS  0|AC  0|TAMS 0x00000005e0600000, 0x00000005e0600000|
| 186|0x00000005e0800000, 0x00000005e0800000, 0x00000005e0a00000|  0%| F|  |TS  0|AC  0|TAMS 0x00000005e0800000, 0x00000005e0800000|
| 187|0x00000005e0a00000, 0x00000005e0a00000, 0x00000005e0c00000|  0%| F|  |TS  0|AC  0|TAMS 0x00000005e0a00000, 0x00000005e0a00000|
| 188|0x00000005e0c00000, 0x00000005e0c00000, 0x00000005e0e00000|  0%| F|  |TS  0|AC  0|TAMS 0x00000005e0c00000, 0x00000005e0c00000|
| 189|0x00000005e0e00000, 0x00000005e0e00000, 0x00000005e1000000|  0%| F|  |TS  0|AC  0|TAMS 0x00000005e0e00000, 0x00000005e0e00000|
| 190|0x00000005e1000000, 0x00000005e1000000, 0x00000005e1200000|  0%| F|  |TS  0|AC  0|TAMS 0x00000005e1000000, 0x00000005e1000000|
| 191|0x00000005e1200000, 0x00000005e1200000, 0x00000005e1400000|  0%| F|  |TS  0|AC  0|TAMS 0x00000005e1200000, 0x00000005e1200000|
| 192|0x00000005e1400000, 0x00000005e1400000, 0x00000005e1600000|  0%| F|  |TS  0|AC  0|TAMS 0x00000005e1400000, 0x00000005e1400000|
| 193|0x00000005e1600000, 0x00000005e1600000, 0x00000005e1800000|  0%| F|  |TS  0|AC  0|TAMS 0x00000005e1600000, 0x00000005e1600000|
| 194|0x00000005e1800000, 0x00000005e1800000, 0x00000005e1a00000|  0%| F|  |TS  0|AC  0|TAMS 0x00000005e1800000, 0x00000005e1800000|
| 195|0x00000005e1a00000, 0x00000005e1a00000, 0x00000005e1c00000|  0%| F|  |TS  0|AC  0|TAMS 0x00000005e1a00000, 0x00000005e1a00000|
| 196|0x00000005e1c00000, 0x00000005e1c00000, 0x00000005e1e00000|  0%| F|  |TS  0|AC  0|TAMS 0x00000005e1c00000, 0x00000005e1c00000|
| 197|0x00000005e1e00000, 0x00000005e1e00000, 0x00000005e2000000|  0%| F|  |TS  0|AC  0|TAMS 0x00000005e1e00000, 0x00000005e1e00000|
| 198|0x00000005e2000000, 0x00000005e2000000, 0x00000005e2200000|  0%| F|  |TS  0|AC  0|TAMS 0x00000005e2000000, 0x00000005e2000000|
| 199|0x00000005e2200000, 0x00000005e2200000, 0x00000005e2400000|  0%| F|  |TS  0|AC  0|TAMS 0x00000005e2200000, 0x00000005e2200000|
| 200|0x00000005e2400000, 0x00000005e2400000, 0x00000005e2600000|  0%| F|  |TS  0|AC  0|TAMS 0x00000005e2400000, 0x00000005e2400000|
| 201|0x00000005e2600000, 0x00000005e2600000, 0x00000005e2800000|  0%| F|  |TS  0|AC  0|TAMS 0x00000005e2600000, 0x00000005e2600000|
| 202|0x00000005e2800000, 0x00000005e2800000, 0x00000005e2a00000|  0%| F|  |TS  0|AC  0|TAMS 0x00000005e2800000, 0x00000005e2800000|
| 203|0x00000005e2a00000, 0x00000005e2a00000, 0x00000005e2c00000|  0%| F|  |TS  0|AC  0|TAMS 0x00000005e2a00000, 0x00000005e2a00000|
| 204|0x00000005e2c00000, 0x00000005e2c00000, 0x00000005e2e00000|  0%| F|  |TS  0|AC  0|TAMS 0x00000005e2c00000, 0x00000005e2c00000|
| 205|0x00000005e2e00000, 0x00000005e2e00000, 0x00000005e3000000|  0%| F|  |TS  0|AC  0|TAMS 0x00000005e2e00000, 0x00000005e2e00000|
| 206|0x00000005e3000000, 0x00000005e3000000, 0x00000005e3200000|  0%| F|  |TS  0|AC  0|TAMS 0x00000005e3000000, 0x00000005e3000000|
| 207|0x00000005e3200000, 0x00000005e3200000, 0x00000005e3400000|  0%| F|  |TS  0|AC  0|TAMS 0x00000005e3200000, 0x00000005e3200000|
| 208|0x00000005e3400000, 0x00000005e3400000, 0x00000005e3600000|  0%| F|  |TS  0|AC  0|TAMS 0x00000005e3400000, 0x00000005e3400000|
| 209|0x00000005e3600000, 0x00000005e3600000, 0x00000005e3800000|  0%| F|  |TS  0|AC  0|TAMS 0x00000005e3600000, 0x00000005e3600000|
| 210|0x00000005e3800000, 0x00000005e3800000, 0x00000005e3a00000|  0%| F|  |TS  0|AC  0|TAMS 0x00000005e3800000, 0x00000005e3800000|
| 211|0x00000005e3a00000, 0x00000005e3a00000, 0x00000005e3c00000|  0%| F|  |TS  0|AC  0|TAMS 0x00000005e3a00000, 0x00000005e3a00000|
| 212|0x00000005e3c00000, 0x00000005e3c00000, 0x00000005e3e00000|  0%| F|  |TS  0|AC  0|TAMS 0x00000005e3c00000, 0x00000005e3c00000|
| 213|0x00000005e3e00000, 0x00000005e3e00000, 0x00000005e4000000|  0%| F|  |TS  0|AC  0|TAMS 0x00000005e3e00000, 0x00000005e3e00000|
| 214|0x00000005e4000000, 0x00000005e4000000, 0x00000005e4200000|  0%| F|  |TS  0|AC  0|TAMS 0x00000005e4000000, 0x00000005e4000000|
| 215|0x00000005e4200000, 0x00000005e4200000, 0x00000005e4400000|  0%| F|  |TS  0|AC  0|TAMS 0x00000005e4200000, 0x00000005e4200000|
| 216|0x00000005e4400000, 0x00000005e4400000, 0x00000005e4600000|  0%| F|  |TS  0|AC  0|TAMS 0x00000005e4400000, 0x00000005e4400000|
| 217|0x00000005e4600000, 0x00000005e4600000, 0x00000005e4800000|  0%| F|  |TS  0|AC  0|TAMS 0x00000005e4600000, 0x00000005e4600000|
| 218|0x00000005e4800000, 0x00000005e4800000, 0x00000005e4a00000|  0%| F|  |TS  0|AC  0|TAMS 0x00000005e4800000, 0x00000005e4800000|
| 219|0x00000005e4a00000, 0x00000005e4a00000, 0x00000005e4c00000|  0%| F|  |TS  0|AC  0|TAMS 0x00000005e4a00000, 0x00000005e4a00000|
| 220|0x00000005e4c00000, 0x00000005e4c00000, 0x00000005e4e00000|  0%| F|  |TS  0|AC  0|TAMS 0x00000005e4c00000, 0x00000005e4c00000|
| 221|0x00000005e4e00000, 0x00000005e4e00000, 0x00000005e5000000|  0%| F|  |TS  0|AC  0|TAMS 0x00000005e4e00000, 0x00000005e4e00000|
| 222|0x00000005e5000000, 0x00000005e5000000, 0x00000005e5200000|  0%| F|  |TS  0|AC  0|TAMS 0x00000005e5000000, 0x00000005e5000000|
| 223|0x00000005e5200000, 0x00000005e5200000, 0x00000005e5400000|  0%| F|  |TS  0|AC  0|TAMS 0x00000005e5200000, 0x00000005e5200000|
| 224|0x00000005e5400000, 0x00000005e5400000, 0x00000005e5600000|  0%| F|  |TS  0|AC  0|TAMS 0x00000005e5400000, 0x00000005e5400000|
| 225|0x00000005e5600000, 0x00000005e5600000, 0x00000005e5800000|  0%| F|  |TS  0|AC  0|TAMS 0x00000005e5600000, 0x00000005e5600000|
| 226|0x00000005e5800000, 0x00000005e5800000, 0x00000005e5a00000|  0%| F|  |TS  0|AC  0|TAMS 0x00000005e5800000, 0x00000005e5800000|
| 227|0x00000005e5a00000, 0x00000005e5a00000, 0x00000005e5c00000|  0%| F|  |TS  0|AC  0|TAMS 0x00000005e5a00000, 0x00000005e5a00000|
| 228|0x00000005e5c00000, 0x00000005e5c000c8, 0x00000005e5e00000|  0%| E|  |TS  0|AC  0|TAMS 0x00000005e5c00000, 0x00000005e5c00000|
| 229|0x00000005e5e00000, 0x00000005e6000000, 0x00000005e6000000|100%| E|CS|TS  0|AC  0|TAMS 0x00000005e5e00000, 0x00000005e5e00000|
| 230|0x00000005e6000000, 0x00000005e6200000, 0x00000005e6200000|100%| E|CS|TS  0|AC  0|TAMS 0x00000005e6000000, 0x00000005e6000000|
| 231|0x00000005e6200000, 0x00000005e6400000, 0x00000005e6400000|100%| E|CS|TS  0|AC  0|TAMS 0x00000005e6200000, 0x00000005e6200000|
| 232|0x00000005e6400000, 0x00000005e6600000, 0x00000005e6600000|100%| E|CS|TS  0|AC  0|TAMS 0x00000005e6400000, 0x00000005e6400000|
| 233|0x00000005e6600000, 0x00000005e6800000, 0x00000005e6800000|100%| E|CS|TS  0|AC  0|TAMS 0x00000005e6600000, 0x00000005e6600000|
| 234|0x00000005e6800000, 0x00000005e6a00000, 0x00000005e6a00000|100%| E|CS|TS  0|AC  0|TAMS 0x00000005e6800000, 0x00000005e6800000|
| 235|0x00000005e6a00000, 0x00000005e6c00000, 0x00000005e6c00000|100%| E|CS|TS  0|AC  0|TAMS 0x00000005e6a00000, 0x00000005e6a00000|
| 236|0x00000005e6c00000, 0x00000005e6e00000, 0x00000005e6e00000|100%| E|CS|TS  0|AC  0|TAMS 0x00000005e6c00000, 0x00000005e6c00000|
| 237|0x00000005e6e00000, 0x00000005e7000000, 0x00000005e7000000|100%| E|CS|TS  0|AC  0|TAMS 0x00000005e6e00000, 0x00000005e6e00000|
| 238|0x00000005e7000000, 0x00000005e7200000, 0x00000005e7200000|100%| S|CS|TS  1|AC  0|TAMS 0x00000005e7000000, 0x00000005e7000000|
| 239|0x00000005e7200000, 0x00000005e7400000, 0x00000005e7400000|100%| S|CS|TS  1|AC  0|TAMS 0x00000005e7200000, 0x00000005e7200000|
| 240|0x00000005e7400000, 0x00000005e7600000, 0x00000005e7600000|100%| E|CS|TS  1|AC  0|TAMS 0x00000005e7400000, 0x00000005e7400000|
| 241|0x00000005e7600000, 0x00000005e7800000, 0x00000005e7800000|100%| E|CS|TS  1|AC  0|TAMS 0x00000005e7600000, 0x00000005e7600000|
| 242|0x00000005e7800000, 0x00000005e7a00000, 0x00000005e7a00000|100%| E|CS|TS  1|AC  0|TAMS 0x00000005e7800000, 0x00000005e7800000|
| 243|0x00000005e7a00000, 0x00000005e7c00000, 0x00000005e7c00000|100%| E|CS|TS  1|AC  0|TAMS 0x00000005e7a00000, 0x00000005e7a00000|
| 244|0x00000005e7c00000, 0x00000005e7e00000, 0x00000005e7e00000|100%| E|CS|TS  1|AC  0|TAMS 0x00000005e7c00000, 0x00000005e7c00000|
| 245|0x00000005e7e00000, 0x00000005e8000000, 0x00000005e8000000|100%| E|CS|TS  1|AC  0|TAMS 0x00000005e7e00000, 0x00000005e7e00000|
| 246|0x00000005e8000000, 0x00000005e8200000, 0x00000005e8200000|100%| E|CS|TS  1|AC  0|TAMS 0x00000005e8000000, 0x00000005e8000000|
| 247|0x00000005e8200000, 0x00000005e8400000, 0x00000005e8400000|100%| E|CS|TS  1|AC  0|TAMS 0x00000005e8200000, 0x00000005e8200000|
| 248|0x00000005e8400000, 0x00000005e8600000, 0x00000005e8600000|100%| E|CS|TS  1|AC  0|TAMS 0x00000005e8400000, 0x00000005e8400000|
| 249|0x00000005e8600000, 0x00000005e8800000, 0x00000005e8800000|100%| E|CS|TS  1|AC  0|TAMS 0x00000005e8600000, 0x00000005e8600000|
| 250|0x00000005e8800000, 0x00000005e8a00000, 0x00000005e8a00000|100%| E|CS|TS  1|AC  0|TAMS 0x00000005e8800000, 0x00000005e8800000|
| 251|0x00000005e8a00000, 0x00000005e8c00000, 0x00000005e8c00000|100%| E|CS|TS  1|AC  0|TAMS 0x00000005e8a00000, 0x00000005e8a00000|

Card table byte_map: [0x00007fa2c10de000,0x00007fa2c2094000] byte_map_base: 0x00007fa2be294000

Marking Bits (Prev, Next): (CMBitMap*) 0x00007fa34c07d830, (CMBitMap*) 0x00007fa34c07d868
 Prev Bits: [0x00007fa2b8378000, 0x00007fa2c0128000)
 Next Bits: [0x00007fa2b05c8000, 0x00007fa2b8378000)

Polling page: 0x00007fa355d35000

CodeHeap 'non-profiled nmethods': size=119172Kb used=335Kb max_used=335Kb free=118836Kb
 bounds [0x00007fa3396e2000, 0x00007fa339952000, 0x00007fa340b43000]
CodeHeap 'profiled nmethods': size=119172Kb used=1718Kb max_used=1917Kb free=117453Kb
 bounds [0x00007fa332281000, 0x00007fa3324f1000, 0x00007fa3396e2000]
CodeHeap 'non-nmethods': size=7416Kb used=2876Kb max_used=2904Kb free=4539Kb
 bounds [0x00007fa331b43000, 0x00007fa331e23000, 0x00007fa332281000]
 total_blobs=1592 nmethods=972 adapters=263
 compilation: enabled

Compilation events (10 events):
Event: 5.712 Thread 0x00007fa34c2c7000 nmethod 1051% 0x00007fa33245f710 code [0x00007fa33245f960, 0x00007fa3324603e8]
Event: 5.713 Thread 0x00007fa34c2c3000 1052       3       java.util.AbstractCollection::toArray (70 bytes)
Event: 5.713 Thread 0x00007fa34c2bd000 nmethod 1050% 0x00007fa339733810 code [0x00007fa3397339c0, 0x00007fa339733c68]
Event: 5.714 Thread 0x00007fa34c2c3000 nmethod 1052 0x00007fa332460690 code [0x00007fa3324608e0, 0x00007fa3324612c8]
Event: 5.738 Thread 0x00007fa34c2ad000 1053       4       MyHashMap::entrySet (48 bytes)
Event: 5.740 Thread 0x00007fa34c2ad000 nmethod 1053 0x00007fa339733e10 code [0x00007fa339733fc0, 0x00007fa339734268]
Event: 6.063 Thread 0x00007fa34c2b1000 1054 %     4       java.util.AbstractCollection::toArray @ 15 (70 bytes)
Event: 6.079 Thread 0x00007fa34c2b1000 nmethod 1054% 0x00007fa339734490 code [0x00007fa339734680, 0x00007fa339735168]
Event: 6.083 Thread 0x00007fa34c2b3000 1055       4       java.util.AbstractCollection::toArray (70 bytes)
Event: 6.101 Thread 0x00007fa34c2b3000 nmethod 1055 0x00007fa339735590 code [0x00007fa3397357a0, 0x00007fa339736118]

GC Heap History (2 events):
Event: 5.049 GC heap before
{Heap before GC invocations=0 (full 0):
 garbage-first heap   total 516096K, used 24576K [0x00000005c9400000, 0x00000005c96007e0, 0x00000007c0000000)
  region size 2048K, 12 young (24576K), 0 survivors (0K)
 Metaspace       used 9721K, capacity 10460K, committed 10624K, reserved 1058816K
  class space    used 965K, capacity 1098K, committed 1152K, reserved 1048576K
}
Event: 5.055 GC heap after
{Heap after GC invocations=1 (full 0):
 garbage-first heap   total 516096K, used 4656K [0x00000005c9400000, 0x00000005c96007e0, 0x00000007c0000000)
  region size 2048K, 2 young (4096K), 2 survivors (4096K)
 Metaspace       used 9721K, capacity 10460K, committed 10624K, reserved 1058816K
  class space    used 965K, capacity 1098K, committed 1152K, reserved 1048576K
}

Deoptimization events (2 events):
Event: 0.288 Thread 0x00007fa34c015800 Uncommon trap: reason=class_check action=maybe_recompile pc=0x00007fa339711f18 method=java.util.HashMap.getNode(ILjava/lang/Object;)Ljava/util/HashMap$Node; @ 126 c2
Event: 0.288 Thread 0x00007fa34c015800 Uncommon trap: reason=unstable_if action=reinterpret pc=0x00007fa339711ed8 method=java.util.HashMap.getNode(ILjava/lang/Object;)Ljava/util/HashMap$Node; @ 62 c2

Classes redefined (5 events):
Event: 51.842 Thread 0x00007fa34c27f800 redefined class name=MyHashMap, count=1
Event: 51.845 Thread 0x00007fa34c27f800 redefined class name=MyHashMap$Entry, count=1
Event: 92.379 Thread 0x00007fa34c27f800 redefined class name=MyHashMap, count=2
Event: 92.383 Thread 0x00007fa34c27f800 redefined class name=MyHashMap$Entry, count=2
Event: 223.248 Thread 0x00007fa34c27f800 redefined class name=MyHashMapTest, count=1

Internal exceptions (10 events):
Event: 0.268 Thread 0x00007fa34c015800 Exception <a 'java/lang/NoSuchMethodError'{0x00000005e80d0d50}: java.lang.invoke.DirectMethodHandle$Holder.invokeStaticInit(Ljava/lang/Object;Ljava/lang/Object;)I> (0x00000005e80d0d50) thrown at [/scratch/opt/mach5/mesos/work_dir/slaves/5af44a71-976a-41b7
Event: 0.277 Thread 0x00007fa34c015800 Exception <a 'java/lang/NoSuchMethodError'{0x00000005e81473a8}: java.lang.Object.of([Ljava/lang/Object;)Ljava/util/stream/Stream;> (0x00000005e81473a8) thrown at [/scratch/opt/mach5/mesos/work_dir/slaves/5af44a71-976a-41b7-81de-5773b84ec572-S39643/framewo
Event: 0.296 Thread 0x00007fa34c015800 Exception <a 'java/lang/NoSuchMethodError'{0x00000005e81fc640}: java.lang.invoke.DirectMethodHandle$Holder.invokeInterface(Ljava/lang/Object;Ljava/lang/Object;)V> (0x00000005e81fc640) thrown at [/scratch/opt/mach5/mesos/work_dir/slaves/5af44a71-976a-41b7-
Event: 0.296 Thread 0x00007fa34c015800 Exception <a 'java/lang/IncompatibleClassChangeError'{0x00000005e81ff248}: Found class java.lang.Object, but interface was expected> (0x00000005e81ff248) thrown at [/scratch/opt/mach5/mesos/work_dir/slaves/5af44a71-976a-41b7-81de-5773b84ec572-S39643/frame
Event: 0.297 Thread 0x00007fa34c015800 Exception <a 'java/lang/NoSuchMethodError'{0x00000005e7e040b8}: java.lang.Object.lambda$accept$0(Lorg/junit/platform/engine/TestDescriptor$Visitor;Lorg/junit/platform/engine/TestDescriptor;)V> (0x00000005e7e040b8) thrown at [/scratch/opt/mach5/mesos/work_
Event: 0.297 Thread 0x00007fa34c015800 Exception <a 'java/lang/NoSuchMethodError'{0x00000005e7e0ad28}: java.lang.Object.containsTests(Lorg/junit/platform/engine/TestDescriptor;)Z> (0x00000005e7e0ad28) thrown at [/scratch/opt/mach5/mesos/work_dir/slaves/5af44a71-976a-41b7-81de-5773b84ec572-S396
Event: 0.299 Thread 0x00007fa34c015800 Exception <a 'java/lang/NoSuchMethodError'{0x00000005e7e1c7b0}: java.lang.invoke.DirectMethodHandle$Holder.invokeSpecial(Ljava/lang/Object;Ljava/lang/Object;Ljava/lang/Object;Ljava/lang/Object;)V> (0x00000005e7e1c7b0) thrown at [/scratch/opt/mach5/mesos/w
Event: 0.322 Thread 0x00007fa34c015800 Exception <a 'java/lang/NoSuchMethodError'{0x00000005e7f61208}: method resolution failed> (0x00000005e7f61208) thrown at [/scratch/opt/mach5/mesos/work_dir/slaves/5af44a71-976a-41b7-81de-5773b84ec572-S39643/frameworks/1735e8a2-a1db-478c-8104-60c8b0af87dd-
Event: 0.328 Thread 0x00007fa34c015800 Exception <a 'java/lang/NoSuchMethodError'{0x00000005e7fb6120}: java.lang.Object.lambda$andThen$1(Ljava/util/function/Function;Ljava/lang/Object;)Ljava/lang/Object;> (0x00000005e7fb6120) thrown at [/scratch/opt/mach5/mesos/work_dir/slaves/5af44a71-976a-41
Event: 0.345 Thread 0x00007fa34c015800 Exception <a 'java/lang/NoSuchMethodError'{0x00000005e7c62f60}: java.lang.invoke.DirectMethodHandle$Holder.invokeInterface(Ljava/lang/Object;Ljava/lang/Object;Ljava/lang/Object;)V> (0x00000005e7c62f60) thrown at [/scratch/opt/mach5/mesos/work_dir/slaves/5

Events (10 events):
Event: 223.256 Executing VM operation: ChangeBreakpoints done
Event: 223.256 Executing VM operation: ChangeBreakpoints
Event: 223.257 Executing VM operation: ChangeBreakpoints done
Event: 223.258 Executing VM operation: GetFrameCount
Event: 223.258 Executing VM operation: GetFrameCount done
Event: 223.258 Executing VM operation: GetFrameLocation
Event: 223.258 Executing VM operation: GetFrameLocation done
Event: 223.258 Executing VM operation: GetFrameLocation
Event: 223.258 Executing VM operation: GetFrameLocation done
Event: 223.258 Executing VM operation: GetOrSetLocal


Dynamic libraries:
00400000-00401000 r-xp 00000000 fc:01 33554464                           /usr/lib/jvm/java-9-oracle/bin/java
00600000-00601000 rw-p 00000000 fc:01 33554464                           /usr/lib/jvm/java-9-oracle/bin/java
024e5000-02506000 rw-p 00000000 00:00 0                                  [heap]
5c9400000-5e8c00000 rw-p 00000000 00:00 0 
5e8c00000-7c0000000 ---p 00000000 00:00 0 
7c0000000-7c0120000 rw-p 00000000 00:00 0 
7c0120000-800000000 ---p 00000000 00:00 0 
7fa23c000000-7fa23c021000 rw-p 00000000 00:00 0 
7fa23c021000-7fa240000000 ---p 00000000 00:00 0 
7fa240000000-7fa240021000 rw-p 00000000 00:00 0 
7fa240021000-7fa244000000 ---p 00000000 00:00 0 
7fa244000000-7fa2442af000 rw-p 00000000 00:00 0 
7fa2442af000-7fa248000000 ---p 00000000 00:00 0 
7fa248000000-7fa248021000 rw-p 00000000 00:00 0 
7fa248021000-7fa24c000000 ---p 00000000 00:00 0 
7fa24c000000-7fa24c046000 rw-p 00000000 00:00 0 
7fa24c046000-7fa250000000 ---p 00000000 00:00 0 
7fa250000000-7fa250021000 rw-p 00000000 00:00 0 
7fa250021000-7fa254000000 ---p 00000000 00:00 0 
7fa2575cd000-7fa257a3b000 rw-p 00000000 00:00 0 
7fa257a3b000-7fa257afb000 ---p 00000000 00:00 0 
7fa257afb000-7fa257afc000 ---p 00000000 00:00 0 
7fa257afc000-7fa257bfc000 rw-p 00000000 00:00 0 
7fa257bfc000-7fa257c00000 ---p 00000000 00:00 0 
7fa257c00000-7fa257cfd000 rw-p 00000000 00:00 0 
7fa257cfd000-7fa257d01000 ---p 00000000 00:00 0 
7fa257d01000-7fa257dfe000 rw-p 00000000 00:00 0 
7fa257dfe000-7fa257e02000 ---p 00000000 00:00 0 
7fa257e02000-7fa257eff000 rw-p 00000000 00:00 0 
7fa257eff000-7fa257f03000 ---p 00000000 00:00 0 
7fa257f03000-7fa258000000 rw-p 00000000 00:00 0 
7fa258000000-7fa2580f4000 rw-p 00000000 00:00 0 
7fa2580f4000-7fa25c000000 ---p 00000000 00:00 0 
7fa25c000000-7fa25c021000 rw-p 00000000 00:00 0 
7fa25c021000-7fa260000000 ---p 00000000 00:00 0 
7fa260000000-7fa26013c000 rw-p 00000000 00:00 0 
7fa26013c000-7fa264000000 ---p 00000000 00:00 0 
7fa264000000-7fa264117000 rw-p 00000000 00:00 0 
7fa264117000-7fa268000000 ---p 00000000 00:00 0 
7fa268000000-7fa2681b6000 rw-p 00000000 00:00 0 
7fa2681b6000-7fa26c000000 ---p 00000000 00:00 0 
7fa26c000000-7fa26c11f000 rw-p 00000000 00:00 0 
7fa26c11f000-7fa270000000 ---p 00000000 00:00 0 
7fa270000000-7fa270220000 rw-p 00000000 00:00 0 
7fa270220000-7fa274000000 ---p 00000000 00:00 0 
7fa274000000-7fa2740d0000 rw-p 00000000 00:00 0 
7fa2740d0000-7fa278000000 ---p 00000000 00:00 0 
7fa278000000-7fa2780a9000 rw-p 00000000 00:00 0 
7fa2780a9000-7fa27c000000 ---p 00000000 00:00 0 
7fa27c000000-7fa27c081000 rw-p 00000000 00:00 0 
7fa27c081000-7fa280000000 ---p 00000000 00:00 0 
7fa280000000-7fa2800f3000 rw-p 00000000 00:00 0 
7fa2800f3000-7fa284000000 ---p 00000000 00:00 0 
7fa284000000-7fa284126000 rw-p 00000000 00:00 0 
7fa284126000-7fa288000000 ---p 00000000 00:00 0 
7fa288000000-7fa288021000 rw-p 00000000 00:00 0 
7fa288021000-7fa28c000000 ---p 00000000 00:00 0 
7fa28c000000-7fa28c0ad000 rw-p 00000000 00:00 0 
7fa28c0ad000-7fa290000000 ---p 00000000 00:00 0 
7fa290000000-7fa290021000 rw-p 00000000 00:00 0 
7fa290021000-7fa294000000 ---p 00000000 00:00 0 
7fa294000000-7fa294021000 rw-p 00000000 00:00 0 
7fa294021000-7fa298000000 ---p 00000000 00:00 0 
7fa298000000-7fa298096000 rw-p 00000000 00:00 0 
7fa298096000-7fa29c000000 ---p 00000000 00:00 0 
7fa29c000000-7fa29c021000 rw-p 00000000 00:00 0 
7fa29c021000-7fa2a0000000 ---p 00000000 00:00 0 
7fa2a00c3000-7fa2a00c7000 r-xp 00000000 fc:01 33948056                   /usr/lib/jvm/java-9-oracle/lib/libdt_socket.so
7fa2a00c7000-7fa2a02c6000 ---p 00004000 fc:01 33948056                   /usr/lib/jvm/java-9-oracle/lib/libdt_socket.so
7fa2a02c6000-7fa2a02c7000 rw-p 00003000 fc:01 33948056                   /usr/lib/jvm/java-9-oracle/lib/libdt_socket.so
7fa2a02c7000-7fa2a02cb000 ---p 00000000 00:00 0 
7fa2a02cb000-7fa2a03c8000 rw-p 00000000 00:00 0 
7fa2a03c8000-7fa2a03de000 r-xp 00000000 fc:01 33947876                   /usr/lib/jvm/java-9-oracle/lib/libnet.so
7fa2a03de000-7fa2a05de000 ---p 00016000 fc:01 33947876                   /usr/lib/jvm/java-9-oracle/lib/libnet.so
7fa2a05de000-7fa2a05df000 rw-p 00016000 fc:01 33947876                   /usr/lib/jvm/java-9-oracle/lib/libnet.so
7fa2a05df000-7fa2a05ef000 r-xp 00000000 fc:01 33948058                   /usr/lib/jvm/java-9-oracle/lib/libnio.so
7fa2a05ef000-7fa2a07ef000 ---p 00010000 fc:01 33948058                   /usr/lib/jvm/java-9-oracle/lib/libnio.so
7fa2a07ef000-7fa2a07f0000 rw-p 00010000 fc:01 33948058                   /usr/lib/jvm/java-9-oracle/lib/libnio.so
7fa2a07f0000-7fa2a07f4000 ---p 00000000 00:00 0 
7fa2a07f4000-7fa2a08f1000 rw-p 00000000 00:00 0 
7fa2a08f1000-7fa2a08f5000 ---p 00000000 00:00 0 
7fa2a08f5000-7fa2a09f2000 rw-p 00000000 00:00 0 
7fa2a09f2000-7fa2a09f6000 ---p 00000000 00:00 0 
7fa2a09f6000-7fa2a0af3000 rw-p 00000000 00:00 0 
7fa2a0af3000-7fa2a0af7000 ---p 00000000 00:00 0 
7fa2a0af7000-7fa2a0bf4000 rw-p 00000000 00:00 0 
7fa2a0bf4000-7fa2a0bf8000 ---p 00000000 00:00 0 
7fa2a0bf8000-7fa2a0cf5000 rw-p 00000000 00:00 0 
7fa2a0cf5000-7fa2a0cf9000 ---p 00000000 00:00 0 
7fa2a0cf9000-7fa2a0df6000 rw-p 00000000 00:00 0 
7fa2a0df6000-7fa2a0dfa000 ---p 00000000 00:00 0 
7fa2a0dfa000-7fa2a0ef7000 rw-p 00000000 00:00 0 
7fa2a0ef7000-7fa2a0efb000 ---p 00000000 00:00 0 
7fa2a0efb000-7fa2a0ff8000 rw-p 00000000 00:00 0 
7fa2a0ff8000-7fa2a0ffc000 ---p 00000000 00:00 0 
7fa2a0ffc000-7fa2a10f9000 rw-p 00000000 00:00 0 
7fa2a10f9000-7fa2a10fd000 ---p 00000000 00:00 0 
7fa2a10fd000-7fa2a11fa000 rw-p 00000000 00:00 0 
7fa2a11fa000-7fa2a11fe000 ---p 00000000 00:00 0 
7fa2a11fe000-7fa2a12fb000 rw-p 00000000 00:00 0 
7fa2a12fb000-7fa2a12ff000 ---p 00000000 00:00 0 
7fa2a12ff000-7fa2a13fc000 rw-p 00000000 00:00 0 
7fa2a13fc000-7fa2a1400000 ---p 00000000 00:00 0 
7fa2a1400000-7fa2a14fd000 rw-p 00000000 00:00 0 
7fa2a14fd000-7fa2a1501000 ---p 00000000 00:00 0 
7fa2a1501000-7fa2a15fe000 rw-p 00000000 00:00 0 
7fa2a15fe000-7fa2a1602000 ---p 00000000 00:00 0 
7fa2a1602000-7fa2a16ff000 rw-p 00000000 00:00 0 
7fa2a16ff000-7fa2a1703000 ---p 00000000 00:00 0 
7fa2a1703000-7fa2a2000000 rw-p 00000000 00:00 0 
7fa2a2000000-7fa2a4000000 rwxp 00000000 00:00 0 
7fa2a4000000-7fa2a4021000 rw-p 00000000 00:00 0 
7fa2a4021000-7fa2a8000000 ---p 00000000 00:00 0 
7fa2a8000000-7fa2a8021000 rw-p 00000000 00:00 0 
7fa2a8021000-7fa2ac000000 ---p 00000000 00:00 0 
7fa2ac000000-7fa2ac021000 rw-p 00000000 00:00 0 
7fa2ac021000-7fa2b0000000 ---p 00000000 00:00 0 
7fa2b004d000-7fa2b004e000 ---p 00000000 00:00 0 
7fa2b004e000-7fa2b0da8000 rw-p 00000000 00:00 0 
7fa2b0da8000-7fa2b8378000 ---p 00000000 00:00 0 
7fa2b8378000-7fa2b8b58000 rw-p 00000000 00:00 0 
7fa2b8b58000-7fa2c0128000 ---p 00000000 00:00 0 
7fa2c0128000-7fa2c0224000 rw-p 00000000 00:00 0 
7fa2c0224000-7fa2c10de000 ---p 00000000 00:00 0 
7fa2c10de000-7fa2c11da000 rw-p 00000000 00:00 0 
7fa2c11da000-7fa2c304a000 ---p 00000000 00:00 0 
7fa2c304a000-7fa2c3146000 rw-p 00000000 00:00 0 
7fa2c3146000-7fa2c4000000 ---p 00000000 00:00 0 
7fa2c4000000-7fa2c4021000 rw-p 00000000 00:00 0 
7fa2c4021000-7fa2c8000000 ---p 00000000 00:00 0 
7fa2c8000000-7fa2c8021000 rw-p 00000000 00:00 0 
7fa2c8021000-7fa2cc000000 ---p 00000000 00:00 0 
7fa2cc000000-7fa2cc021000 rw-p 00000000 00:00 0 
7fa2cc021000-7fa2d0000000 ---p 00000000 00:00 0 
7fa2d0000000-7fa2d0021000 rw-p 00000000 00:00 0 
7fa2d0021000-7fa2d4000000 ---p 00000000 00:00 0 
7fa2d4000000-7fa2d4021000 rw-p 00000000 00:00 0 
7fa2d4021000-7fa2d8000000 ---p 00000000 00:00 0 
7fa2d8000000-7fa2d8021000 rw-p 00000000 00:00 0 
7fa2d8021000-7fa2dc000000 ---p 00000000 00:00 0 
7fa2dc000000-7fa2dc021000 rw-p 00000000 00:00 0 
7fa2dc021000-7fa2e0000000 ---p 00000000 00:00 0 
7fa2e0000000-7fa2e0021000 rw-p 00000000 00:00 0 
7fa2e0021000-7fa2e4000000 ---p 00000000 00:00 0 
7fa2e4000000-7fa2e4021000 rw-p 00000000 00:00 0 
7fa2e4021000-7fa2e8000000 ---p 00000000 00:00 0 
7fa2e8000000-7fa2e8021000 rw-p 00000000 00:00 0 
7fa2e8021000-7fa2ec000000 ---p 00000000 00:00 0 
7fa2ec000000-7fa2ec021000 rw-p 00000000 00:00 0 
7fa2ec021000-7fa2f0000000 ---p 00000000 00:00 0 
7fa2f0000000-7fa2f0021000 rw-p 00000000 00:00 0 
7fa2f0021000-7fa2f4000000 ---p 00000000 00:00 0 
7fa2f4000000-7fa2f4021000 rw-p 00000000 00:00 0 
7fa2f4021000-7fa2f8000000 ---p 00000000 00:00 0 
7fa2f8000000-7fa2f8021000 rw-p 00000000 00:00 0 
7fa2f8021000-7fa2fc000000 ---p 00000000 00:00 0 
7fa2fc000000-7fa2fc021000 rw-p 00000000 00:00 0 
7fa2fc021000-7fa300000000 ---p 00000000 00:00 0 
7fa300000000-7fa300021000 rw-p 00000000 00:00 0 
7fa300021000-7fa304000000 ---p 00000000 00:00 0 
7fa304000000-7fa304021000 rw-p 00000000 00:00 0 
7fa304021000-7fa308000000 ---p 00000000 00:00 0 
7fa308000000-7fa308021000 rw-p 00000000 00:00 0 
7fa308021000-7fa30c000000 ---p 00000000 00:00 0 
7fa30c000000-7fa30c021000 rw-p 00000000 00:00 0 
7fa30c021000-7fa310000000 ---p 00000000 00:00 0 
7fa310000000-7fa310021000 rw-p 00000000 00:00 0 
7fa310021000-7fa314000000 ---p 00000000 00:00 0 
7fa314000000-7fa314021000 rw-p 00000000 00:00 0 
7fa314021000-7fa318000000 ---p 00000000 00:00 0 
7fa318000000-7fa318021000 rw-p 00000000 00:00 0 
7fa318021000-7fa31c000000 ---p 00000000 00:00 0 
7fa31c000000-7fa31c021000 rw-p 00000000 00:00 0 
7fa31c021000-7fa320000000 ---p 00000000 00:00 0 
7fa320000000-7fa320021000 rw-p 00000000 00:00 0 
7fa320021000-7fa324000000 ---p 00000000 00:00 0 
7fa324000000-7fa324021000 rw-p 00000000 00:00 0 
7fa324021000-7fa328000000 ---p 00000000 00:00 0 
7fa328000000-7fa328021000 rw-p 00000000 00:00 0 
7fa328021000-7fa32c000000 ---p 00000000 00:00 0 
7fa32c000000-7fa32c021000 rw-p 00000000 00:00 0 
7fa32c021000-7fa330000000 ---p 00000000 00:00 0 
7fa330033000-7fa33093c000 rw-p 00000000 00:00 0 
7fa33093c000-7fa33093d000 ---p 00000000 00:00 0 
7fa33093d000-7fa330a3d000 rw-p 00000000 00:00 0 
7fa330a3d000-7fa330a3e000 ---p 00000000 00:00 0 
7fa330a3e000-7fa330b3e000 rw-p 00000000 00:00 0 
7fa330b3e000-7fa330b3f000 ---p 00000000 00:00 0 
7fa330b3f000-7fa330c3f000 rw-p 00000000 00:00 0 
7fa330c3f000-7fa330c40000 ---p 00000000 00:00 0 
7fa330c40000-7fa330f37000 rw-p 00000000 00:00 0 
7fa330f37000-7fa330f38000 ---p 00000000 00:00 0 
7fa330f38000-7fa331038000 rw-p 00000000 00:00 0 
7fa331038000-7fa331039000 ---p 00000000 00:00 0 
7fa331039000-7fa331139000 rw-p 00000000 00:00 0 
7fa331139000-7fa33113a000 ---p 00000000 00:00 0 
7fa33113a000-7fa33123a000 rw-p 00000000 00:00 0 
7fa33123a000-7fa33123b000 ---p 00000000 00:00 0 
7fa33123b000-7fa33133b000 rw-p 00000000 00:00 0 
7fa33133b000-7fa33133c000 ---p 00000000 00:00 0 
7fa33133c000-7fa33143c000 rw-p 00000000 00:00 0 
7fa33143c000-7fa33143d000 ---p 00000000 00:00 0 
7fa33143d000-7fa33153d000 rw-p 00000000 00:00 0 
7fa33153d000-7fa33153e000 ---p 00000000 00:00 0 
7fa33153e000-7fa33163e000 rw-p 00000000 00:00 0 
7fa33163e000-7fa33163f000 ---p 00000000 00:00 0 
7fa33163f000-7fa33173f000 rw-p 00000000 00:00 0 
7fa33173f000-7fa331740000 ---p 00000000 00:00 0 
7fa331740000-7fa331840000 rw-p 00000000 00:00 0 
7fa331840000-7fa331841000 ---p 00000000 00:00 0 
7fa331841000-7fa331941000 rw-p 00000000 00:00 0 
7fa331941000-7fa331942000 ---p 00000000 00:00 0 
7fa331942000-7fa331a42000 rw-p 00000000 00:00 0 
7fa331a42000-7fa331a43000 ---p 00000000 00:00 0 
7fa331a43000-7fa331b43000 rw-p 00000000 00:00 0 
7fa331b43000-7fa331e23000 rwxp 00000000 00:00 0 
7fa331e23000-7fa332281000 ---p 00000000 00:00 0 
7fa332281000-7fa3324f1000 rwxp 00000000 00:00 0 
7fa3324f1000-7fa3396e2000 ---p 00000000 00:00 0 
7fa3396e2000-7fa339952000 rwxp 00000000 00:00 0 
7fa339952000-7fa340b43000 ---p 00000000 00:00 0 
7fa340b43000-7fa34c000000 r--s 00000000 fc:01 33948022                   /usr/lib/jvm/java-9-oracle/lib/modules
7fa34c000000-7fa34c551000 rw-p 00000000 00:00 0 
7fa34c551000-7fa350000000 ---p 00000000 00:00 0 
7fa350052000-7fa3500ad000 rw-p 00000000 00:00 0 
7fa3500ad000-7fa3500ae000 ---p 00000000 00:00 0 
7fa3500ae000-7fa3501ae000 rw-p 00000000 00:00 0 
7fa3501ae000-7fa3501af000 ---p 00000000 00:00 0 
7fa3501af000-7fa350fbc000 rw-p 00000000 00:00 0 
7fa350fbc000-7fa350fbd000 ---p 00000000 00:00 0 
7fa350fbd000-7fa3510bd000 rw-p 00000000 00:00 0 
7fa3510bd000-7fa3510be000 ---p 00000000 00:00 0 
7fa3510be000-7fa3511be000 rw-p 00000000 00:00 0 
7fa3511be000-7fa3511bf000 ---p 00000000 00:00 0 
7fa3511bf000-7fa3512bf000 rw-p 00000000 00:00 0 
7fa3512bf000-7fa3512c0000 ---p 00000000 00:00 0 
7fa3512c0000-7fa3513c0000 rw-p 00000000 00:00 0 
7fa3513c0000-7fa3513c1000 ---p 00000000 00:00 0 
7fa3513c1000-7fa3514c1000 rw-p 00000000 00:00 0 
7fa3514c1000-7fa3514c2000 ---p 00000000 00:00 0 
7fa3514c2000-7fa3515c2000 rw-p 00000000 00:00 0 
7fa3515c2000-7fa3515c3000 ---p 00000000 00:00 0 
7fa3515c3000-7fa3516c3000 rw-p 00000000 00:00 0 
7fa3516c3000-7fa3516c4000 ---p 00000000 00:00 0 
7fa3516c4000-7fa3517c4000 rw-p 00000000 00:00 0 
7fa3517c4000-7fa3517c5000 ---p 00000000 00:00 0 
7fa3517c5000-7fa3518c5000 rw-p 00000000 00:00 0 
7fa3518c5000-7fa3518c6000 ---p 00000000 00:00 0 
7fa3518c6000-7fa3519c6000 rw-p 00000000 00:00 0 
7fa3519c6000-7fa3519c7000 ---p 00000000 00:00 0 
7fa3519c7000-7fa351ac7000 rw-p 00000000 00:00 0 
7fa351ac7000-7fa351ac8000 ---p 00000000 00:00 0 
7fa351ac8000-7fa351bc8000 rw-p 00000000 00:00 0 
7fa351bc8000-7fa351bc9000 ---p 00000000 00:00 0 
7fa351bc9000-7fa351cce000 rw-p 00000000 00:00 0 
7fa351cce000-7fa351db2000 ---p 00000000 00:00 0 
7fa351db2000-7fa351db7000 rw-p 00000000 00:00 0 
7fa351db7000-7fa351e9b000 ---p 00000000 00:00 0 
7fa351e9b000-7fa351eb5000 r-xp 00000000 fc:01 33947833                   /usr/lib/jvm/java-9-oracle/lib/libjimage.so
7fa351eb5000-7fa3520b4000 ---p 0001a000 fc:01 33947833                   /usr/lib/jvm/java-9-oracle/lib/libjimage.so
7fa3520b4000-7fa3520b6000 rw-p 00019000 fc:01 33947833                   /usr/lib/jvm/java-9-oracle/lib/libjimage.so
7fa3520b6000-7fa3520c8000 rw-p 00000000 00:00 0 
7fa3520c8000-7fa3520cf000 r-xp 00000000 fc:01 33948735                   /usr/lib/jvm/java-9-oracle/lib/libzip.so
7fa3520cf000-7fa3522ce000 ---p 00007000 fc:01 33948735                   /usr/lib/jvm/java-9-oracle/lib/libzip.so
7fa3522ce000-7fa3522cf000 rw-p 00006000 fc:01 33948735                   /usr/lib/jvm/java-9-oracle/lib/libzip.so
7fa3522cf000-7fa3522da000 r-xp 00000000 fc:01 58986957                   /lib/x86_64-linux-gnu/libnss_files-2.23.so
7fa3522da000-7fa3524d9000 ---p 0000b000 fc:01 58986957                   /lib/x86_64-linux-gnu/libnss_files-2.23.so
7fa3524d9000-7fa3524da000 r--p 0000a000 fc:01 58986957                   /lib/x86_64-linux-gnu/libnss_files-2.23.so
7fa3524da000-7fa3524db000 rw-p 0000b000 fc:01 58986957                   /lib/x86_64-linux-gnu/libnss_files-2.23.so
7fa3524db000-7fa3524e1000 rw-p 00000000 00:00 0 
7fa3524e1000-7fa3524ec000 r-xp 00000000 fc:01 58986965                   /lib/x86_64-linux-gnu/libnss_nis-2.23.so
7fa3524ec000-7fa3526eb000 ---p 0000b000 fc:01 58986965                   /lib/x86_64-linux-gnu/libnss_nis-2.23.so
7fa3526eb000-7fa3526ec000 r--p 0000a000 fc:01 58986965                   /lib/x86_64-linux-gnu/libnss_nis-2.23.so
7fa3526ec000-7fa3526ed000 rw-p 0000b000 fc:01 58986965                   /lib/x86_64-linux-gnu/libnss_nis-2.23.so
7fa3526ed000-7fa352703000 r-xp 00000000 fc:01 58986925                   /lib/x86_64-linux-gnu/libnsl-2.23.so
7fa352703000-7fa352902000 ---p 00016000 fc:01 58986925                   /lib/x86_64-linux-gnu/libnsl-2.23.so
7fa352902000-7fa352903000 r--p 00015000 fc:01 58986925                   /lib/x86_64-linux-gnu/libnsl-2.23.so
7fa352903000-7fa352904000 rw-p 00016000 fc:01 58986925                   /lib/x86_64-linux-gnu/libnsl-2.23.so
7fa352904000-7fa352906000 rw-p 00000000 00:00 0 
7fa352906000-7fa35290e000 r-xp 00000000 fc:01 58986947                   /lib/x86_64-linux-gnu/libnss_compat-2.23.so
7fa35290e000-7fa352b0d000 ---p 00008000 fc:01 58986947                   /lib/x86_64-linux-gnu/libnss_compat-2.23.so
7fa352b0d000-7fa352b0e000 r--p 00007000 fc:01 58986947                   /lib/x86_64-linux-gnu/libnss_compat-2.23.so
7fa352b0e000-7fa352b0f000 rw-p 00008000 fc:01 58986947                   /lib/x86_64-linux-gnu/libnss_compat-2.23.so
7fa352b0f000-7fa352de7000 r--p 00000000 fc:01 30410227                   /usr/lib/locale/locale-archive
7fa352de7000-7fa352df1000 r-xp 00000000 fc:01 33947867                   /usr/lib/jvm/java-9-oracle/lib/libinstrument.so
7fa352df1000-7fa352ff0000 ---p 0000a000 fc:01 33947867                   /usr/lib/jvm/java-9-oracle/lib/libinstrument.so
7fa352ff0000-7fa352ff1000 rw-p 00009000 fc:01 33947867                   /usr/lib/jvm/java-9-oracle/lib/libinstrument.so
7fa352ff1000-7fa35302c000 r-xp 00000000 fc:01 33948043                   /usr/lib/jvm/java-9-oracle/lib/libjdwp.so
7fa35302c000-7fa35322b000 ---p 0003b000 fc:01 33948043                   /usr/lib/jvm/java-9-oracle/lib/libjdwp.so
7fa35322b000-7fa35322c000 rw-p 0003a000 fc:01 33948043                   /usr/lib/jvm/java-9-oracle/lib/libjdwp.so
7fa35322c000-7fa35322d000 rw-p 00000000 00:00 0 
7fa35322d000-7fa353258000 r-xp 00000000 fc:01 33947869                   /usr/lib/jvm/java-9-oracle/lib/libjava.so
7fa353258000-7fa353457000 ---p 0002b000 fc:01 33947869                   /usr/lib/jvm/java-9-oracle/lib/libjava.so
7fa353457000-7fa353459000 rw-p 0002a000 fc:01 33947869                   /usr/lib/jvm/java-9-oracle/lib/libjava.so
7fa353459000-7fa353466000 r-xp 00000000 fc:01 33947894                   /usr/lib/jvm/java-9-oracle/lib/libverify.so
7fa353466000-7fa353665000 ---p 0000d000 fc:01 33947894                   /usr/lib/jvm/java-9-oracle/lib/libverify.so
7fa353665000-7fa353667000 rw-p 0000c000 fc:01 33947894                   /usr/lib/jvm/java-9-oracle/lib/libverify.so
7fa353667000-7fa35366e000 r-xp 00000000 fc:01 58986967                   /lib/x86_64-linux-gnu/librt-2.23.so
7fa35366e000-7fa35386d000 ---p 00007000 fc:01 58986967                   /lib/x86_64-linux-gnu/librt-2.23.so
7fa35386d000-7fa35386e000 r--p 00006000 fc:01 58986967                   /lib/x86_64-linux-gnu/librt-2.23.so
7fa35386e000-7fa35386f000 rw-p 00007000 fc:01 58986967                   /lib/x86_64-linux-gnu/librt-2.23.so
7fa35386f000-7fa353977000 r-xp 00000000 fc:01 58983080                   /lib/x86_64-linux-gnu/libm-2.23.so
7fa353977000-7fa353b76000 ---p 00108000 fc:01 58983080                   /lib/x86_64-linux-gnu/libm-2.23.so
7fa353b76000-7fa353b77000 r--p 00107000 fc:01 58983080                   /lib/x86_64-linux-gnu/libm-2.23.so
7fa353b77000-7fa353b78000 rw-p 00108000 fc:01 58983080                   /lib/x86_64-linux-gnu/libm-2.23.so
7fa353b78000-7fa354b8d000 r-xp 00000000 fc:01 33948740                   /usr/lib/jvm/java-9-oracle/lib/server/libjvm.so
7fa354b8d000-7fa354d8c000 ---p 01015000 fc:01 33948740                   /usr/lib/jvm/java-9-oracle/lib/server/libjvm.so
7fa354d8c000-7fa354e5d000 r--p 01014000 fc:01 33948740                   /usr/lib/jvm/java-9-oracle/lib/server/libjvm.so
7fa354e5d000-7fa354e94000 rw-p 010e5000 fc:01 33948740                   /usr/lib/jvm/java-9-oracle/lib/server/libjvm.so
7fa354e94000-7fa354efd000 rw-p 00000000 00:00 0 
7fa354efd000-7fa3550bd000 r-xp 00000000 fc:01 58986931                   /lib/x86_64-linux-gnu/libc-2.23.so
7fa3550bd000-7fa3552bd000 ---p 001c0000 fc:01 58986931                   /lib/x86_64-linux-gnu/libc-2.23.so
7fa3552bd000-7fa3552c1000 r--p 001c0000 fc:01 58986931                   /lib/x86_64-linux-gnu/libc-2.23.so
7fa3552c1000-7fa3552c3000 rw-p 001c4000 fc:01 58986931                   /lib/x86_64-linux-gnu/libc-2.23.so
7fa3552c3000-7fa3552c7000 rw-p 00000000 00:00 0 
7fa3552c7000-7fa3552ca000 r-xp 00000000 fc:01 58986935                   /lib/x86_64-linux-gnu/libdl-2.23.so
7fa3552ca000-7fa3554c9000 ---p 00003000 fc:01 58986935                   /lib/x86_64-linux-gnu/libdl-2.23.so
7fa3554c9000-7fa3554ca000 r--p 00002000 fc:01 58986935                   /lib/x86_64-linux-gnu/libdl-2.23.so
7fa3554ca000-7fa3554cb000 rw-p 00003000 fc:01 58986935                   /lib/x86_64-linux-gnu/libdl-2.23.so
7fa3554cb000-7fa3554d9000 r-xp 00000000 fc:01 33948748                   /usr/lib/jvm/java-9-oracle/lib/jli/libjli.so
7fa3554d9000-7fa3556d9000 ---p 0000e000 fc:01 33948748                   /usr/lib/jvm/java-9-oracle/lib/jli/libjli.so
7fa3556d9000-7fa3556da000 rw-p 0000e000 fc:01 33948748                   /usr/lib/jvm/java-9-oracle/lib/jli/libjli.so
7fa3556da000-7fa3556f2000 r-xp 00000000 fc:01 58986929                   /lib/x86_64-linux-gnu/libpthread-2.23.so
7fa3556f2000-7fa3558f1000 ---p 00018000 fc:01 58986929                   /lib/x86_64-linux-gnu/libpthread-2.23.so
7fa3558f1000-7fa3558f2000 r--p 00017000 fc:01 58986929                   /lib/x86_64-linux-gnu/libpthread-2.23.so
7fa3558f2000-7fa3558f3000 rw-p 00018000 fc:01 58986929                   /lib/x86_64-linux-gnu/libpthread-2.23.so
7fa3558f3000-7fa3558f7000 rw-p 00000000 00:00 0 
7fa3558f7000-7fa355910000 r-xp 00000000 fc:01 58982464                   /lib/x86_64-linux-gnu/libz.so.1.2.8
7fa355910000-7fa355b0f000 ---p 00019000 fc:01 58982464                   /lib/x86_64-linux-gnu/libz.so.1.2.8
7fa355b0f000-7fa355b10000 r--p 00018000 fc:01 58982464                   /lib/x86_64-linux-gnu/libz.so.1.2.8
7fa355b10000-7fa355b11000 rw-p 00019000 fc:01 58982464                   /lib/x86_64-linux-gnu/libz.so.1.2.8
7fa355b11000-7fa355b37000 r-xp 00000000 fc:01 58986927                   /lib/x86_64-linux-gnu/ld-2.23.so
7fa355b44000-7fa355b4b000 r--s 00000000 fc:01 30415625                   /usr/lib/x86_64-linux-gnu/gconv/gconv-modules.cache
7fa355b4b000-7fa355c10000 rw-p 00000000 00:00 0 
7fa355c10000-7fa355c15000 ---p 00000000 00:00 0 
7fa355c15000-7fa355d16000 rw-p 00000000 00:00 0 
7fa355d1a000-7fa355d21000 rw-p 00000000 00:00 0 
7fa355d21000-7fa355d2a000 ---p 00000000 00:00 0 
7fa355d2a000-7fa355d2c000 r--s 00001000 00:2a 1312039                    /home/nathan/Downloads/idea-IC-173.4548.28/lib/rt/debugger-agent-storage.jar
7fa355d2c000-7fa355d34000 rw-s 00000000 fc:01 20054044                   /tmp/hsperfdata_nathan/10735
7fa355d34000-7fa355d35000 rw-p 00000000 00:00 0 
7fa355d35000-7fa355d36000 ---p 00000000 00:00 0 
7fa355d36000-7fa355d37000 r--p 00025000 fc:01 58986927                   /lib/x86_64-linux-gnu/ld-2.23.so
7fa355d37000-7fa355d38000 rw-p 00026000 fc:01 58986927                   /lib/x86_64-linux-gnu/ld-2.23.so
7fa355d38000-7fa355d39000 rw-p 00000000 00:00 0 
7ffd0840f000-7ffd08431000 rw-p 00000000 00:00 0                          [stack]
7ffd0849e000-7ffd084a1000 r--p 00000000 00:00 0                          [vvar]
7ffd084a1000-7ffd084a3000 r-xp 00000000 00:00 0                          [vdso]
ffffffffff600000-ffffffffff601000 r-xp 00000000 00:00 0                  [vsyscall]

VM Arguments:
jvm_args: -agentlib:jdwp=transport=dt_socket,address=127.0.0.1:35331,suspend=y,server=n -ea -Didea.test.cyclic.buffer.size=1048576 -javaagent:/home/nathan/Downloads/idea-IC-173.4548.28/lib/rt/debugger-agent.jar=/tmp/capture.props -Dfile.encoding=UTF-8 
java_command: com.intellij.rt.execution.junit.JUnitStarter -ideVersion5 -junit5 MyHashMapTest,testResize
java_class_path (initial): /home/nathan/Downloads/idea-IC-173.4548.28/lib/idea_rt.jar:/home/nathan/Downloads/idea-IC-173.4548.28/plugins/junit/lib/junit-rt.jar:/home/nathan/Downloads/idea-IC-173.4548.28/plugins/junit/lib/junit5-rt.jar:/home/nathan/.m2/repository/org/junit/platform/junit-platform-launcher/1.0.0/junit-platform-launcher-1.0.0.jar:/home/nathan/.m2/repository/org/apiguardian/apiguardian-api/1.0.0/apiguardian-api-1.0.0.jar:/home/nathan/.m2/repository/org/junit/platform/junit-platform-engine/1.0.0/junit-platform-engine-1.0.0.jar:/home/nathan/.m2/repository/org/junit/platform/junit-platform-commons/1.0.0/junit-platform-commons-1.0.0.jar:/home/nathan/.m2/repository/org/opentest4j/opentest4j/1.0.0/opentest4j-1.0.0.jar:/home/nathan/.m2/repository/org/junit/jupiter/junit-jupiter-engine/5.0.0/junit-jupiter-engine-5.0.0.jar:/home/nathan/.m2/repository/org/junit/jupiter/junit-jupiter-api/5.0.0/junit-jupiter-api-5.0.0.jar:/home/nathan/git/DSA-18/datastructures/day04/out/test/day04:/home/nathan/git/DSA-18/datastructures/day04/out/production/day04
Launcher Type: SUN_STANDARD

Logging:
Log output configuration:
#0: stdout all=warning uptime,level,tags
#1: stderr all=off uptime,level,tags

Environment Variables:
JAVA_HOME=/usr/lib/jvm/java-9-oracle
PATH=/home/nathan/bin:/home/nathan/.local/bin:/home/nathan/anaconda3/bin:/home/nathan/anaconda3/bin:/home/nathan/bin:/home/nathan/.local/bin:/usr/local/sbin:/usr/local/bin:/usr/sbin:/usr/bin:/sbin:/bin:/usr/games:/usr/local/games:/usr/lib/jvm/java-9-oracle/bin:/usr/lib/jvm/java-9-oracle/db/bin:/usr/lib/jvm/java-9-oracle/bin:/usr/lib/jvm/java-9-oracle/db/bin
SHELL=/bin/bash
DISPLAY=:0

Signal Handlers:
SIGSEGV: [libjvm.so+0xd4d370], sa_mask[0]=11111111011111111101111111111110, sa_flags=SA_RESTART|SA_SIGINFO
SIGBUS: [libjvm.so+0xd4d370], sa_mask[0]=11111111011111111101111111111110, sa_flags=SA_RESTART|SA_SIGINFO
SIGFPE: [libjvm.so+0xd4d370], sa_mask[0]=11111111011111111101111111111110, sa_flags=SA_RESTART|SA_SIGINFO
SIGPIPE: [libjvm.so+0xb64780], sa_mask[0]=11111111011111111101111111111110, sa_flags=SA_RESTART|SA_SIGINFO
SIGXFSZ: [libjvm.so+0xb64780], sa_mask[0]=11111111011111111101111111111110, sa_flags=SA_RESTART|SA_SIGINFO
SIGILL: [libjvm.so+0xd4d370], sa_mask[0]=11111111011111111101111111111110, sa_flags=SA_RESTART|SA_SIGINFO
SIGUSR2: [libjvm.so+0xb64640], sa_mask[0]=00100000000000000000000000000000, sa_flags=SA_RESTART|SA_SIGINFO
SIGHUP: [libjvm.so+0xb64850], sa_mask[0]=11111111011111111101111111111110, sa_flags=SA_RESTART|SA_SIGINFO
SIGINT: [libjvm.so+0xb64850], sa_mask[0]=11111111011111111101111111111110, sa_flags=SA_RESTART|SA_SIGINFO
SIGTERM: [libjvm.so+0xb64850], sa_mask[0]=11111111011111111101111111111110, sa_flags=SA_RESTART|SA_SIGINFO
SIGQUIT: [libjvm.so+0xb64850], sa_mask[0]=11111111011111111101111111111110, sa_flags=SA_RESTART|SA_SIGINFO


---------------  S Y S T E M  ---------------

OS:DISTRIB_ID=Ubuntu
DISTRIB_RELEASE=16.04
DISTRIB_CODENAME=xenial
DISTRIB_DESCRIPTION="Ubuntu 16.04.3 LTS"
uname:Linux 4.4.0-112-generic #135-Ubuntu SMP Fri Jan 19 11:48:36 UTC 2018 x86_64
libc:glibc 2.23 NPTL 2.23 
rlimit: STACK 8192k, CORE 0k, NPROC 128243, NOFILE 1048576, AS infinity
load average:0.58 0.71 0.63

/proc/meminfo:
MemTotal:       32943468 kB
MemFree:        24073432 kB
MemAvailable:   26379156 kB
Buffers:          114376 kB
Cached:          2633244 kB
SwapCached:            0 kB
Active:          6613736 kB
Inactive:        1705820 kB
Active(anon):    5576600 kB
Inactive(anon):   187484 kB
Active(file):    1037136 kB
Inactive(file):  1518336 kB
Unevictable:          32 kB
Mlocked:              32 kB
SwapTotal:       8236540 kB
SwapFree:        8236540 kB
Dirty:              3916 kB
Writeback:             0 kB
AnonPages:       5572032 kB
Mapped:           524648 kB
Shmem:            192152 kB
Slab:             248844 kB
SReclaimable:     133108 kB
SUnreclaim:       115736 kB
KernelStack:       34608 kB
PageTables:        68792 kB
NFS_Unstable:          0 kB
Bounce:                0 kB
WritebackTmp:          0 kB
CommitLimit:    24708272 kB
Committed_AS:   22759244 kB
VmallocTotal:   34359738367 kB
VmallocUsed:           0 kB
VmallocChunk:          0 kB
HardwareCorrupted:     0 kB
AnonHugePages:   2461696 kB
CmaTotal:              0 kB
CmaFree:               0 kB
HugePages_Total:       0
HugePages_Free:        0
HugePages_Rsvd:        0
HugePages_Surp:        0
Hugepagesize:       2048 kB
DirectMap4k:      367768 kB
DirectMap2M:     7952384 kB
DirectMap1G:    26214400 kB


CPU:total 16 (initial active 16) (16 cores per cpu, 1 threads per core) family 23 model 1 stepping 1, cmov, cx8, fxsr, mmx, sse, sse2, sse3, ssse3, sse4.1, sse4.2, popcnt, avx, avx2, aes, clmul, mmxext, 3dnowpref, lzcnt, sse4a, tsc, tscinvbit, tscinv, bmi1
CPU Model and flags from /proc/cpuinfo:
model name	: AMD Ryzen 7 1700 Eight-Core Processor
flags		: fpu vme de pse tsc msr pae mce cx8 apic sep mtrr pge mca cmov pat pse36 clflush mmx fxsr sse sse2 ht syscall nx mmxext fxsr_opt pdpe1gb rdtscp lm constant_tsc rep_good nopl nonstop_tsc extd_apicid aperfmperf eagerfpu pni pclmulqdq monitor ssse3 fma cx16 sse4_1 sse4_2 movbe popcnt aes xsave avx f16c rdrand lahf_lm cmp_legacy svm extapic cr8_legacy abm sse4a misalignsse 3dnowprefetch osvw skinit wdt tce topoext perfctr_core perfctr_nb bpext perfctr_l2 mwaitx hw_pstate vmmcall fsgsbase bmi1 avx2 smep bmi2 rdseed adx smap clflushopt sha_ni xsaveopt xsavec xgetbv1 clzero arat npt lbrv svm_lock nrip_save tsc_scale vmcb_clean flushbyasid decodeassists pausefilter pfthreshold

Memory: 4k page, physical 32943468k(24073432k free), swap 8236540k(8236540k free)

vm_info: Java HotSpot(TM) 64-Bit Server VM (9.0.4+11) for linux-amd64 JRE (9.0.4+11), built on Dec 19 2017 18:12:19 by "mach5one" with gcc 4.9.2

END.
